

Microchip Technology PIC18 LITE Macro Assembler V1.38 build -256452561 
                                                                                               Fri Sep 07 22:53:28 2018

Microchip Technology Omniscient Code Generator v1.38 (Free mode) build 201607010351
     1                           	processor	18F4553
     2                           	fnconf	rparam,??,?,0
     3                           	opt	pw 120
     4                           	opt	lm
     5                           	psect	cinit,global,reloc=2,class=CODE,delta=1
     6                           	psect	cstackCOMRAM,global,class=COMRAM,space=1,delta=1
     7                           	psect	text0,global,reloc=2,class=CODE,delta=1
     8                           	psect	text1,global,reloc=2,class=CODE,delta=1
     9                           	psect	text2,global,reloc=2,class=CODE,delta=1
    10                           	psect	text3,global,reloc=2,class=CODE,delta=1
    11                           	psect	text4,global,reloc=2,class=CODE,delta=1
    12                           	psect	text5,global,reloc=2,class=CODE,delta=1
    13                           	psect	text6,global,reloc=2,class=CODE,delta=1
    14                           	psect	intsave_regs,global,class=BIGRAM,space=1,delta=1
    15                           	psect	rparam,global,class=COMRAM,space=1,delta=1
    16  0000                     _ADCON0	set	4034
    17  0000                     _ADCON1	set	4033
    18  0000                     _INTCON2bits	set	4081
    19  0000                     _PIR1bits	set	3998
    20  0000                     _SSPBUF	set	4041
    21  0000                     _SSPCON1bits	set	4038
    22  0000                     _SSPSTAT	set	4039
    23  0000                     _TRISAbits	set	3986
    24  0000                     _TRISBbits	set	3987
    25  0000                     _TRISCbits	set	3988
    26  0000                     _LATA5	set	31821
    27                           
    28                           ; #config settings
    29  0000                     
    30                           	psect	cinit
    31  007E58                     __pcinit:
    32                           	opt stack 0
    33  007E58                     start_initialization:
    34                           	opt stack 0
    35  007E58                     __initialization:
    36                           	opt stack 0
    37  007E58                     end_of_initialization:
    38                           	opt stack 0
    39  007E58                     __end_of__initialization:
    40                           	opt stack 0
    41  007E58  0100               	movlb	0
    42  007E5A  EF7C  F03F         	goto	_main	;jump to C main() function
    43                           
    44                           	psect	cstackCOMRAM
    45  000001                     __pcstackCOMRAM:
    46                           	opt stack 0
    47  000001                     ?___aldiv:
    48                           	opt stack 0
    49  000001                     SPI_Write@data_flush:
    50                           	opt stack 0
    51  000001                     ___aldiv@dividend:
    52                           	opt stack 0
    53                           
    54                           ; 4 bytes @ 0x0
    55  000001                     	ds	1
    56  000002                     SPI_Write@x:
    57                           	opt stack 0
    58                           
    59                           ; 1 bytes @ 0x1
    60  000002                     	ds	1
    61  000003                     digiPot_write@i:
    62                           	opt stack 0
    63                           
    64                           ; 2 bytes @ 0x2
    65  000003                     	ds	2
    66  000005                     ___aldiv@divisor:
    67                           	opt stack 0
    68                           
    69                           ; 4 bytes @ 0x4
    70  000005                     	ds	4
    71  000009                     ___aldiv@counter:
    72                           	opt stack 0
    73                           
    74                           ; 1 bytes @ 0x8
    75  000009                     	ds	1
    76  00000A                     ___aldiv@sign:
    77                           	opt stack 0
    78                           
    79                           ; 1 bytes @ 0x9
    80  00000A                     	ds	1
    81  00000B                     ___aldiv@quotient:
    82                           	opt stack 0
    83                           
    84                           ; 4 bytes @ 0xA
    85  00000B                     	ds	4
    86  00000F                     delay_us@x:
    87                           	opt stack 0
    88                           
    89                           ; 2 bytes @ 0xE
    90  00000F                     	ds	2
    91  000011                     delay_us@us:
    92                           	opt stack 0
    93                           
    94                           ; 1 bytes @ 0x10
    95  000011                     	ds	1
    96  000012                     delay_ms@ms:
    97                           	opt stack 0
    98                           
    99                           ; 2 bytes @ 0x11
   100  000012                     	ds	2
   101  000014                     delay_ms@i:
   102                           	opt stack 0
   103                           
   104                           ; 1 bytes @ 0x13
   105  000014                     	ds	1
   106  000015                     main@i:
   107                           	opt stack 0
   108                           
   109                           ; 2 bytes @ 0x14
   110  000015                     	ds	2
   111                           
   112 ;;
   113 ;;Main: autosize = 0, tempsize = 0, incstack = 0, save=0
   114 ;;
   115 ;; *************** function _main *****************
   116 ;; Defined at:
   117 ;;		line 55 in file "Main.c"
   118 ;; Parameters:    Size  Location     Type
   119 ;;		None
   120 ;; Auto vars:     Size  Location     Type
   121 ;;  i               2   20[COMRAM] int 
   122 ;; Return value:  Size  Location     Type
   123 ;;                  1    wreg      void 
   124 ;; Registers used:
   125 ;;		wreg, status,2, status,0, cstack
   126 ;; Tracked objects:
   127 ;;		On entry : 0/0
   128 ;;		On exit  : 0/0
   129 ;;		Unchanged: 0/0
   130 ;; Data sizes:     COMRAM   BANK0   BANK1   BANK2   BANK3   BANK4   BANK5   BANK6   BANK7
   131 ;;      Params:         0       0       0       0       0       0       0       0       0
   132 ;;      Locals:         2       0       0       0       0       0       0       0       0
   133 ;;      Temps:          0       0       0       0       0       0       0       0       0
   134 ;;      Totals:         2       0       0       0       0       0       0       0       0
   135 ;;Total ram usage:        2 bytes
   136 ;; Hardware stack levels required when called:    3
   137 ;; This function calls:
   138 ;;		_SPI_Init_Master
   139 ;;		_delay_ms
   140 ;;		_digiPot_write
   141 ;; This function is called by:
   142 ;;		Startup code after reset
   143 ;; This function uses a non-reentrant model
   144 ;;
   145                           
   146                           	psect	text0
   147  007EF8                     __ptext0:
   148                           	opt stack 0
   149  007EF8                     _main:
   150                           	opt stack 28
   151                           
   152                           ;Main.c: 57: int i;
   153                           ;Main.c: 58: INTCON2bits.RBPU=0;
   154                           
   155                           ;incstack = 0
   156  007EF8  9EF1               	bcf	intcon2,7,c	;volatile
   157                           
   158                           ;Main.c: 60: SPI_Init_Master();
   159  007EFA  EC53  F03F         	call	_SPI_Init_Master	;wreg free
   160  007EFE                     l839:
   161                           
   162                           ;Main.c: 63: {
   163                           ;Main.c: 64: for (i = 0; i <= 127; i++)
   164  007EFE  0E00               	movlw	0
   165  007F00  6E16               	movwf	main@i+1,c
   166  007F02  0E00               	movlw	0
   167  007F04  6E15               	movwf	main@i,c
   168  007F06                     l841:
   169  007F06  BE16               	btfsc	main@i+1,7,c
   170  007F08  D006               	goto	l845
   171  007F0A  5016               	movf	main@i+1,w,c
   172  007F0C  E1F8               	bnz	l839
   173  007F0E  0E80               	movlw	128
   174  007F10  5C15               	subwf	main@i,w,c
   175  007F12  B0D8               	btfsc	status,0,c
   176  007F14  D7F4               	goto	l839
   177  007F16                     l845:
   178                           
   179                           ;Main.c: 65: {
   180                           ;Main.c: 67: digiPot_write(i);
   181  007F16  C015  F003         	movff	main@i,digiPot_write@i
   182  007F1A  C016  F004         	movff	main@i+1,digiPot_write@i+1
   183  007F1E  EC38  F03F         	call	_digiPot_write	;wreg free
   184                           
   185                           ;Main.c: 68: delay_ms(1000);
   186  007F22  0E03               	movlw	3
   187  007F24  6E13               	movwf	delay_ms@ms+1,c
   188  007F26  0EE8               	movlw	232
   189  007F28  6E12               	movwf	delay_ms@ms,c
   190  007F2A  EC41  F03F         	call	_delay_ms	;wreg free
   191  007F2E  4A15               	infsnz	main@i,f,c
   192  007F30  2A16               	incf	main@i+1,f,c
   193  007F32  D7E9               	goto	l841
   194  007F34                     __end_of_main:
   195                           	opt stack 0
   196                           intcon2	equ	0xFF1
   197                           status	equ	0xFD8
   198                           
   199 ;; *************** function _digiPot_write *****************
   200 ;; Defined at:
   201 ;;		line 40 in file "Main.c"
   202 ;; Parameters:    Size  Location     Type
   203 ;;  i               2    2[COMRAM] int 
   204 ;; Auto vars:     Size  Location     Type
   205 ;;		None
   206 ;; Return value:  Size  Location     Type
   207 ;;                  1    wreg      void 
   208 ;; Registers used:
   209 ;;		wreg, status,2, cstack
   210 ;; Tracked objects:
   211 ;;		On entry : 0/0
   212 ;;		On exit  : 0/0
   213 ;;		Unchanged: 0/0
   214 ;; Data sizes:     COMRAM   BANK0   BANK1   BANK2   BANK3   BANK4   BANK5   BANK6   BANK7
   215 ;;      Params:         2       0       0       0       0       0       0       0       0
   216 ;;      Locals:         0       0       0       0       0       0       0       0       0
   217 ;;      Temps:          0       0       0       0       0       0       0       0       0
   218 ;;      Totals:         2       0       0       0       0       0       0       0       0
   219 ;;Total ram usage:        2 bytes
   220 ;; Hardware stack levels used:    1
   221 ;; Hardware stack levels required when called:    1
   222 ;; This function calls:
   223 ;;		_SPI_Write
   224 ;; This function is called by:
   225 ;;		_main
   226 ;; This function uses a non-reentrant model
   227 ;;
   228                           
   229                           	psect	text1
   230  007E70                     __ptext1:
   231                           	opt stack 0
   232  007E70                     _digiPot_write:
   233                           	opt stack 29
   234                           
   235                           ;Main.c: 41: LATA5 = 0;
   236                           
   237                           ;incstack = 0
   238  007E70  9A89               	bcf	3977,5,c	;volatile
   239                           
   240                           ;Main.c: 42: SPI_Write(0x00);
   241  007E72  0E00               	movlw	0
   242  007E74  EC2F  F03F         	call	_SPI_Write
   243                           
   244                           ;Main.c: 43: SPI_Write(i);
   245  007E78  5003               	movf	digiPot_write@i,w,c
   246  007E7A  EC2F  F03F         	call	_SPI_Write
   247                           
   248                           ;Main.c: 44: LATA5 = 1;
   249  007E7E  8A89               	bsf	3977,5,c	;volatile
   250  007E80  0012               	return		;funcret
   251  007E82                     __end_of_digiPot_write:
   252                           	opt stack 0
   253                           intcon2	equ	0xFF1
   254                           status	equ	0xFD8
   255                           
   256 ;; *************** function _SPI_Write *****************
   257 ;; Defined at:
   258 ;;		line 64 in file "SPI.c"
   259 ;; Parameters:    Size  Location     Type
   260 ;;  x               1    wreg     unsigned char 
   261 ;; Auto vars:     Size  Location     Type
   262 ;;  x               1    1[COMRAM] unsigned char 
   263 ;;  data_flush      1    0[COMRAM] unsigned char 
   264 ;; Return value:  Size  Location     Type
   265 ;;                  1    wreg      void 
   266 ;; Registers used:
   267 ;;		wreg
   268 ;; Tracked objects:
   269 ;;		On entry : 0/0
   270 ;;		On exit  : 0/0
   271 ;;		Unchanged: 0/0
   272 ;; Data sizes:     COMRAM   BANK0   BANK1   BANK2   BANK3   BANK4   BANK5   BANK6   BANK7
   273 ;;      Params:         0       0       0       0       0       0       0       0       0
   274 ;;      Locals:         2       0       0       0       0       0       0       0       0
   275 ;;      Temps:          0       0       0       0       0       0       0       0       0
   276 ;;      Totals:         2       0       0       0       0       0       0       0       0
   277 ;;Total ram usage:        2 bytes
   278 ;; Hardware stack levels used:    1
   279 ;; This function calls:
   280 ;;		Nothing
   281 ;; This function is called by:
   282 ;;		_digiPot_write
   283 ;; This function uses a non-reentrant model
   284 ;;
   285                           
   286                           	psect	text2
   287  007E5E                     __ptext2:
   288                           	opt stack 0
   289  007E5E                     _SPI_Write:
   290                           	opt stack 29
   291                           
   292                           ;incstack = 0
   293                           ;SPI_Write@x stored from wreg
   294  007E5E  6E02               	movwf	SPI_Write@x,c
   295                           
   296                           ;SPI.c: 66: unsigned char data_flush;
   297                           ;SPI.c: 67: SSPBUF=x;
   298  007E60  C002  FFC9         	movff	SPI_Write@x,4041	;volatile
   299  007E64                     l60:
   300  007E64  A69E               	btfss	3998,3,c	;volatile
   301  007E66  D7FE               	goto	l60
   302                           
   303                           ;SPI.c: 69: PIR1bits.SSPIF=0;
   304  007E68  969E               	bcf	3998,3,c	;volatile
   305                           
   306                           ;SPI.c: 70: data_flush=SSPBUF;
   307  007E6A  CFC9 F001          	movff	4041,SPI_Write@data_flush	;volatile
   308  007E6E  0012               	return		;funcret
   309  007E70                     __end_of_SPI_Write:
   310                           	opt stack 0
   311                           intcon2	equ	0xFF1
   312                           status	equ	0xFD8
   313                           
   314 ;; *************** function _delay_ms *****************
   315 ;; Defined at:
   316 ;;		line 43 in file "18F4553_STD.c"
   317 ;; Parameters:    Size  Location     Type
   318 ;;  ms              2   17[COMRAM] unsigned int 
   319 ;; Auto vars:     Size  Location     Type
   320 ;;  i               1   19[COMRAM] unsigned char 
   321 ;; Return value:  Size  Location     Type
   322 ;;                  1    wreg      void 
   323 ;; Registers used:
   324 ;;		wreg, status,2, status,0, cstack
   325 ;; Tracked objects:
   326 ;;		On entry : 0/0
   327 ;;		On exit  : 0/0
   328 ;;		Unchanged: 0/0
   329 ;; Data sizes:     COMRAM   BANK0   BANK1   BANK2   BANK3   BANK4   BANK5   BANK6   BANK7
   330 ;;      Params:         2       0       0       0       0       0       0       0       0
   331 ;;      Locals:         1       0       0       0       0       0       0       0       0
   332 ;;      Temps:          0       0       0       0       0       0       0       0       0
   333 ;;      Totals:         3       0       0       0       0       0       0       0       0
   334 ;;Total ram usage:        3 bytes
   335 ;; Hardware stack levels used:    1
   336 ;; Hardware stack levels required when called:    2
   337 ;; This function calls:
   338 ;;		_delay_us
   339 ;; This function is called by:
   340 ;;		_main
   341 ;; This function uses a non-reentrant model
   342 ;;
   343                           
   344                           	psect	text3
   345  007E82                     __ptext3:
   346                           	opt stack 0
   347  007E82                     _delay_ms:
   348                           	opt stack 28
   349  007E82                     
   350                           ;18F4553_STD.c: 47: i = 4;
   351  007E82  0E04               	movlw	4
   352  007E84  6E14               	movwf	delay_ms@i,c
   353  007E86                     l821:
   354                           
   355                           ;18F4553_STD.c: 49: delay_us(250);
   356  007E86  0E00               	movlw	0
   357  007E88  6E10               	movwf	delay_us@x+1,c
   358  007E8A  0EFA               	movlw	250
   359  007E8C  6E0F               	movwf	delay_us@x,c
   360  007E8E  EC66  F03F         	call	_delay_us	;wreg free
   361                           
   362                           ;18F4553_STD.c: 50: } while(--i);
   363  007E92  2E14               	decfsz	delay_ms@i,f,c
   364  007E94  D7F8               	goto	l821
   365                           
   366                           ;18F4553_STD.c: 51: }while(--ms);
   367  007E96  0612               	decf	delay_ms@ms,f,c
   368  007E98  A0D8               	btfss	status,0,c
   369  007E9A  0613               	decf	delay_ms@ms+1,f,c
   370  007E9C  5012               	movf	delay_ms@ms,w,c
   371  007E9E  1013               	iorwf	delay_ms@ms+1,w,c
   372  007EA0  B4D8               	btfsc	status,2,c
   373  007EA2  0012               	return	
   374  007EA4  D7EE               	goto	l819
   375  007EA6                     __end_of_delay_ms:
   376                           	opt stack 0
   377                           intcon2	equ	0xFF1
   378                           status	equ	0xFD8
   379                           
   380 ;; *************** function _delay_us *****************
   381 ;; Defined at:
   382 ;;		line 29 in file "18F4553_STD.c"
   383 ;; Parameters:    Size  Location     Type
   384 ;;  x               2   14[COMRAM] unsigned int 
   385 ;; Auto vars:     Size  Location     Type
   386 ;;  us              1   16[COMRAM] unsigned char 
   387 ;; Return value:  Size  Location     Type
   388 ;;                  1    wreg      void 
   389 ;; Registers used:
   390 ;;		wreg, status,2, status,0, cstack
   391 ;; Tracked objects:
   392 ;;		On entry : 0/0
   393 ;;		On exit  : 0/0
   394 ;;		Unchanged: 0/0
   395 ;; Data sizes:     COMRAM   BANK0   BANK1   BANK2   BANK3   BANK4   BANK5   BANK6   BANK7
   396 ;;      Params:         2       0       0       0       0       0       0       0       0
   397 ;;      Locals:         1       0       0       0       0       0       0       0       0
   398 ;;      Temps:          0       0       0       0       0       0       0       0       0
   399 ;;      Totals:         3       0       0       0       0       0       0       0       0
   400 ;;Total ram usage:        3 bytes
   401 ;; Hardware stack levels used:    1
   402 ;; Hardware stack levels required when called:    1
   403 ;; This function calls:
   404 ;;		___aldiv
   405 ;; This function is called by:
   406 ;;		_delay_ms
   407 ;; This function uses a non-reentrant model
   408 ;;
   409                           
   410                           	psect	text4
   411  007ECC                     __ptext4:
   412                           	opt stack 0
   413  007ECC                     _delay_us:
   414                           	opt stack 28
   415                           
   416                           ;18F4553_STD.c: 31: unsigned char us;
   417                           ;18F4553_STD.c: 32: us = x /(144000000/48000000)|1;
   418                           
   419                           ;incstack = 0
   420  007ECC  C00F  F001         	movff	delay_us@x,___aldiv@dividend
   421  007ED0  C010  F002         	movff	delay_us@x+1,___aldiv@dividend+1
   422  007ED4  6A03               	clrf	___aldiv@dividend+2,c
   423  007ED6  6A04               	clrf	___aldiv@dividend+3,c
   424  007ED8  0E03               	movlw	3
   425  007EDA  6E05               	movwf	___aldiv@divisor,c
   426  007EDC  0E00               	movlw	0
   427  007EDE  6E06               	movwf	___aldiv@divisor+1,c
   428  007EE0  0E00               	movlw	0
   429  007EE2  6E07               	movwf	___aldiv@divisor+2,c
   430  007EE4  0E00               	movlw	0
   431  007EE6  6E08               	movwf	___aldiv@divisor+3,c
   432  007EE8  EC9A  F03F         	call	___aldiv	;wreg free
   433  007EEC  5001               	movf	?___aldiv,w,c
   434  007EEE  0901               	iorlw	1
   435  007EF0  6E11               	movwf	delay_us@us,c
   436  007EF2                     l3:
   437  007EF2  2E11               	decfsz	delay_us@us,f,c
   438  007EF4  D7FE               	goto	l3
   439  007EF6  0012               	return	
   440  007EF8                     __end_of_delay_us:
   441                           	opt stack 0
   442                           intcon2	equ	0xFF1
   443                           status	equ	0xFD8
   444                           
   445 ;; *************** function ___aldiv *****************
   446 ;; Defined at:
   447 ;;		line 8 in file "C:\Program Files (x86)\Microchip\xc8\v1.38\sources\common\aldiv.c"
   448 ;; Parameters:    Size  Location     Type
   449 ;;  dividend        4    0[COMRAM] long 
   450 ;;  divisor         4    4[COMRAM] long 
   451 ;; Auto vars:     Size  Location     Type
   452 ;;  quotient        4   10[COMRAM] long 
   453 ;;  sign            1    9[COMRAM] unsigned char 
   454 ;;  counter         1    8[COMRAM] unsigned char 
   455 ;; Return value:  Size  Location     Type
   456 ;;                  4    0[COMRAM] long 
   457 ;; Registers used:
   458 ;;		wreg, status,2, status,0
   459 ;; Tracked objects:
   460 ;;		On entry : 0/0
   461 ;;		On exit  : 0/0
   462 ;;		Unchanged: 0/0
   463 ;; Data sizes:     COMRAM   BANK0   BANK1   BANK2   BANK3   BANK4   BANK5   BANK6   BANK7
   464 ;;      Params:         8       0       0       0       0       0       0       0       0
   465 ;;      Locals:         6       0       0       0       0       0       0       0       0
   466 ;;      Temps:          0       0       0       0       0       0       0       0       0
   467 ;;      Totals:        14       0       0       0       0       0       0       0       0
   468 ;;Total ram usage:       14 bytes
   469 ;; Hardware stack levels used:    1
   470 ;; This function calls:
   471 ;;		Nothing
   472 ;; This function is called by:
   473 ;;		_delay_us
   474 ;; This function uses a non-reentrant model
   475 ;;
   476                           
   477                           	psect	text5
   478  007F34                     __ptext5:
   479                           	opt stack 0
   480  007F34                     ___aldiv:
   481                           	opt stack 28
   482                           
   483                           ;incstack = 0
   484  007F34  0E00               	movlw	0
   485  007F36  6E0A               	movwf	___aldiv@sign,c
   486  007F38  AE08               	btfss	___aldiv@divisor+3,7,c
   487  007F3A  D00A               	goto	l781
   488  007F3C  1E08               	comf	___aldiv@divisor+3,f,c
   489  007F3E  1E07               	comf	___aldiv@divisor+2,f,c
   490  007F40  1E06               	comf	___aldiv@divisor+1,f,c
   491  007F42  6C05               	negf	___aldiv@divisor,c
   492  007F44  0E00               	movlw	0
   493  007F46  2206               	addwfc	___aldiv@divisor+1,f,c
   494  007F48  2207               	addwfc	___aldiv@divisor+2,f,c
   495  007F4A  2208               	addwfc	___aldiv@divisor+3,f,c
   496  007F4C  0E01               	movlw	1
   497  007F4E  6E0A               	movwf	___aldiv@sign,c
   498  007F50                     l781:
   499  007F50  AE04               	btfss	___aldiv@dividend+3,7,c
   500  007F52  D00A               	goto	l787
   501  007F54  1E04               	comf	___aldiv@dividend+3,f,c
   502  007F56  1E03               	comf	___aldiv@dividend+2,f,c
   503  007F58  1E02               	comf	___aldiv@dividend+1,f,c
   504  007F5A  6C01               	negf	___aldiv@dividend,c
   505  007F5C  0E00               	movlw	0
   506  007F5E  2202               	addwfc	___aldiv@dividend+1,f,c
   507  007F60  2203               	addwfc	___aldiv@dividend+2,f,c
   508  007F62  2204               	addwfc	___aldiv@dividend+3,f,c
   509  007F64  0E01               	movlw	1
   510  007F66  1A0A               	xorwf	___aldiv@sign,f,c
   511  007F68                     l787:
   512  007F68  0E00               	movlw	0
   513  007F6A  6E0B               	movwf	___aldiv@quotient,c
   514  007F6C  0E00               	movlw	0
   515  007F6E  6E0C               	movwf	___aldiv@quotient+1,c
   516  007F70  0E00               	movlw	0
   517  007F72  6E0D               	movwf	___aldiv@quotient+2,c
   518  007F74  0E00               	movlw	0
   519  007F76  6E0E               	movwf	___aldiv@quotient+3,c
   520  007F78  5005               	movf	___aldiv@divisor,w,c
   521  007F7A  1006               	iorwf	___aldiv@divisor+1,w,c
   522  007F7C  1007               	iorwf	___aldiv@divisor+2,w,c
   523  007F7E  1008               	iorwf	___aldiv@divisor+3,w,c
   524  007F80  B4D8               	btfsc	status,2,c
   525  007F82  D02A               	goto	l809
   526  007F84  0E01               	movlw	1
   527  007F86  6E09               	movwf	___aldiv@counter,c
   528  007F88  D006               	goto	l795
   529  007F8A                     l793:
   530  007F8A  90D8               	bcf	status,0,c
   531  007F8C  3605               	rlcf	___aldiv@divisor,f,c
   532  007F8E  3606               	rlcf	___aldiv@divisor+1,f,c
   533  007F90  3607               	rlcf	___aldiv@divisor+2,f,c
   534  007F92  3608               	rlcf	___aldiv@divisor+3,f,c
   535  007F94  2A09               	incf	___aldiv@counter,f,c
   536  007F96                     l795:
   537  007F96  AE08               	btfss	___aldiv@divisor+3,7,c
   538  007F98  D7F8               	goto	l793
   539  007F9A                     l797:
   540  007F9A  90D8               	bcf	status,0,c
   541  007F9C  360B               	rlcf	___aldiv@quotient,f,c
   542  007F9E  360C               	rlcf	___aldiv@quotient+1,f,c
   543  007FA0  360D               	rlcf	___aldiv@quotient+2,f,c
   544  007FA2  360E               	rlcf	___aldiv@quotient+3,f,c
   545  007FA4  5005               	movf	___aldiv@divisor,w,c
   546  007FA6  5C01               	subwf	___aldiv@dividend,w,c
   547  007FA8  5006               	movf	___aldiv@divisor+1,w,c
   548  007FAA  5802               	subwfb	___aldiv@dividend+1,w,c
   549  007FAC  5007               	movf	___aldiv@divisor+2,w,c
   550  007FAE  5803               	subwfb	___aldiv@dividend+2,w,c
   551  007FB0  5008               	movf	___aldiv@divisor+3,w,c
   552  007FB2  5804               	subwfb	___aldiv@dividend+3,w,c
   553  007FB4  A0D8               	btfss	status,0,c
   554  007FB6  D009               	goto	l805
   555  007FB8  5005               	movf	___aldiv@divisor,w,c
   556  007FBA  5E01               	subwf	___aldiv@dividend,f,c
   557  007FBC  5006               	movf	___aldiv@divisor+1,w,c
   558  007FBE  5A02               	subwfb	___aldiv@dividend+1,f,c
   559  007FC0  5007               	movf	___aldiv@divisor+2,w,c
   560  007FC2  5A03               	subwfb	___aldiv@dividend+2,f,c
   561  007FC4  5008               	movf	___aldiv@divisor+3,w,c
   562  007FC6  5A04               	subwfb	___aldiv@dividend+3,f,c
   563  007FC8  800B               	bsf	___aldiv@quotient,0,c
   564  007FCA                     l805:
   565  007FCA  90D8               	bcf	status,0,c
   566  007FCC  3208               	rrcf	___aldiv@divisor+3,f,c
   567  007FCE  3207               	rrcf	___aldiv@divisor+2,f,c
   568  007FD0  3206               	rrcf	___aldiv@divisor+1,f,c
   569  007FD2  3205               	rrcf	___aldiv@divisor,f,c
   570  007FD4  2E09               	decfsz	___aldiv@counter,f,c
   571  007FD6  D7E1               	goto	l797
   572  007FD8                     l809:
   573  007FD8  500A               	movf	___aldiv@sign,w,c
   574  007FDA  B4D8               	btfsc	status,2,c
   575  007FDC  D008               	goto	l813
   576  007FDE  1E0E               	comf	___aldiv@quotient+3,f,c
   577  007FE0  1E0D               	comf	___aldiv@quotient+2,f,c
   578  007FE2  1E0C               	comf	___aldiv@quotient+1,f,c
   579  007FE4  6C0B               	negf	___aldiv@quotient,c
   580  007FE6  0E00               	movlw	0
   581  007FE8  220C               	addwfc	___aldiv@quotient+1,f,c
   582  007FEA  220D               	addwfc	___aldiv@quotient+2,f,c
   583  007FEC  220E               	addwfc	___aldiv@quotient+3,f,c
   584  007FEE                     l813:
   585  007FEE  C00B  F001         	movff	___aldiv@quotient,?___aldiv
   586  007FF2  C00C  F002         	movff	___aldiv@quotient+1,?___aldiv+1
   587  007FF6  C00D  F003         	movff	___aldiv@quotient+2,?___aldiv+2
   588  007FFA  C00E  F004         	movff	___aldiv@quotient+3,?___aldiv+3
   589  007FFE  0012               	return	
   590  008000                     __end_of___aldiv:
   591                           	opt stack 0
   592                           intcon2	equ	0xFF1
   593                           status	equ	0xFD8
   594                           
   595 ;; *************** function _SPI_Init_Master *****************
   596 ;; Defined at:
   597 ;;		line 30 in file "SPI.c"
   598 ;; Parameters:    Size  Location     Type
   599 ;;		None
   600 ;; Auto vars:     Size  Location     Type
   601 ;;		None
   602 ;; Return value:  Size  Location     Type
   603 ;;                  1    wreg      void 
   604 ;; Registers used:
   605 ;;		wreg, status,2
   606 ;; Tracked objects:
   607 ;;		On entry : 0/0
   608 ;;		On exit  : 0/0
   609 ;;		Unchanged: 0/0
   610 ;; Data sizes:     COMRAM   BANK0   BANK1   BANK2   BANK3   BANK4   BANK5   BANK6   BANK7
   611 ;;      Params:         0       0       0       0       0       0       0       0       0
   612 ;;      Locals:         0       0       0       0       0       0       0       0       0
   613 ;;      Temps:          0       0       0       0       0       0       0       0       0
   614 ;;      Totals:         0       0       0       0       0       0       0       0       0
   615 ;;Total ram usage:        0 bytes
   616 ;; Hardware stack levels used:    1
   617 ;; This function calls:
   618 ;;		Nothing
   619 ;; This function is called by:
   620 ;;		_main
   621 ;; This function uses a non-reentrant model
   622 ;;
   623                           
   624                           	psect	text6
   625  007EA6                     __ptext6:
   626                           	opt stack 0
   627  007EA6                     _SPI_Init_Master:
   628                           	opt stack 30
   629                           
   630                           ;SPI.c: 32: TRISBbits.TRISB0 =1;
   631                           
   632                           ;incstack = 0
   633  007EA6  8093               	bsf	3987,0,c	;volatile
   634                           
   635                           ;SPI.c: 33: TRISBbits.TRISB1 =0;
   636  007EA8  9293               	bcf	3987,1,c	;volatile
   637                           
   638                           ;SPI.c: 34: TRISAbits.TRISA5 =0;
   639  007EAA  9A92               	bcf	3986,5,c	;volatile
   640                           
   641                           ;SPI.c: 35: TRISCbits.TRISC7 =0;
   642  007EAC  9E94               	bcf	3988,7,c	;volatile
   643                           
   644                           ;SPI.c: 37: LATA5 = 1;
   645  007EAE  8A89               	bsf	3977,5,c	;volatile
   646                           
   647                           ;SPI.c: 38: SSPSTAT=0x40;
   648  007EB0  0E40               	movlw	64
   649  007EB2  6EC7               	movwf	4039,c	;volatile
   650                           
   651                           ;SPI.c: 40: SSPCON1bits.CKP = 0;
   652  007EB4  98C6               	bcf	4038,4,c	;volatile
   653                           
   654                           ;SPI.c: 41: SSPCON1bits.SSPEN = 1;
   655  007EB6  8AC6               	bsf	4038,5,c	;volatile
   656                           
   657                           ;SPI.c: 44: SSPCON1bits.SSPM0 = 1;
   658  007EB8  80C6               	bsf	4038,0,c	;volatile
   659                           
   660                           ;SPI.c: 45: SSPCON1bits.SSPM1 = 0;
   661  007EBA  92C6               	bcf	4038,1,c	;volatile
   662                           
   663                           ;SPI.c: 46: SSPCON1bits.SSPM2 = 0;
   664  007EBC  94C6               	bcf	4038,2,c	;volatile
   665                           
   666                           ;SPI.c: 47: SSPCON1bits.SSPM3 = 0;
   667  007EBE  96C6               	bcf	4038,3,c	;volatile
   668                           
   669                           ;SPI.c: 49: PIR1bits.SSPIF=0;
   670  007EC0  969E               	bcf	3998,3,c	;volatile
   671                           
   672                           ;SPI.c: 52: ADCON0=0;
   673  007EC2  0E00               	movlw	0
   674  007EC4  6EC2               	movwf	4034,c	;volatile
   675                           
   676                           ;SPI.c: 53: ADCON1=0x0F;
   677  007EC6  0E0F               	movlw	15
   678  007EC8  6EC1               	movwf	4033,c	;volatile
   679  007ECA  0012               	return		;funcret
   680  007ECC                     __end_of_SPI_Init_Master:
   681                           	opt stack 0
   682  0000                     intcon2	equ	0xFF1
   683                           status	equ	0xFD8
   684                           intcon2	equ	0xFF1
   685                           status	equ	0xFD8
   686                           
   687                           	psect	rparam
   688  0000                     intcon2	equ	0xFF1
   689                           status	equ	0xFD8


Data Sizes:
    Strings     0
    Constant    0
    Data        0
    BSS         0
    Persistent  0
    Stack       0

Auto Spaces:
    Space          Size  Autos    Used
    COMRAM           95     22      22
    BANK0           160      0       0
    BANK1           256      0       0
    BANK2           256      0       0
    BANK3           256      0       0
    BANK4           256      0       0
    BANK5           256      0       0
    BANK6           256      0       0
    BANK7           256      0       0

Pointer List with Targets:

    None.

Critical Paths under _main in COMRAM

    _main->_delay_ms
    _digiPot_write->_SPI_Write
    _delay_ms->_delay_us
    _delay_us->___aldiv

Critical Paths under _main in BANK0

    None.

Critical Paths under _main in BANK1

    None.

Critical Paths under _main in BANK2

    None.

Critical Paths under _main in BANK3

    None.

Critical Paths under _main in BANK4

    None.

Critical Paths under _main in BANK5

    None.

Critical Paths under _main in BANK6

    None.

Critical Paths under _main in BANK7

    None.

Call Graph Tables:

 ---------------------------------------------------------------------------------
 (Depth) Function   	        Calls       Base Space   Used Autos Params    Refs
 ---------------------------------------------------------------------------------
 (0) _main                                                 2     2      0     710
                                             20 COMRAM     2     2      0
                    _SPI_Init_Master
                           _delay_ms
                      _digiPot_write
 ---------------------------------------------------------------------------------
 (1) _digiPot_write                                        2     0      2      80
                                              2 COMRAM     2     0      2
                          _SPI_Write
 ---------------------------------------------------------------------------------
 (2) _SPI_Write                                            2     2      0      15
                                              0 COMRAM     2     2      0
 ---------------------------------------------------------------------------------
 (1) _delay_ms                                             3     1      2     562
                                             17 COMRAM     3     1      2
                           _delay_us
 ---------------------------------------------------------------------------------
 (2) _delay_us                                             3     1      2     474
                                             14 COMRAM     3     1      2
                            ___aldiv
 ---------------------------------------------------------------------------------
 (3) ___aldiv                                             14     6      8     386
                                              0 COMRAM    14     6      8
 ---------------------------------------------------------------------------------
 (1) _SPI_Init_Master                                      0     0      0       0
 ---------------------------------------------------------------------------------
 Estimated maximum stack depth 3
 ---------------------------------------------------------------------------------

 Call Graph Graphs:

 _main (ROOT)
   _SPI_Init_Master
   _delay_ms
     _delay_us
       ___aldiv
   _digiPot_write
     _SPI_Write

 Address spaces:
Name               Size   Autos  Total    Cost      Usage
BITCOMRAM           5F      0       0       0        0.0%
EEDATA             100      0       0       0        0.0%
NULL                 0      0       0       0        0.0%
CODE                 0      0       0       0        0.0%
COMRAM              5F     16      16       1       23.2%
STACK                0      0       0       2        0.0%
DATA                 0      0       0       3        0.0%
BITBANK0            A0      0       0       4        0.0%
BANK0               A0      0       0       5        0.0%
BITBANK1           100      0       0       6        0.0%
BANK1              100      0       0       7        0.0%
BITBANK2           100      0       0       8        0.0%
BANK2              100      0       0       9        0.0%
BITBANK3           100      0       0      10        0.0%
BANK3              100      0       0      11        0.0%
BITBANK4           100      0       0      12        0.0%
BANK4              100      0       0      13        0.0%
BITBANK5           100      0       0      14        0.0%
BANK5              100      0       0      15        0.0%
BITBANK6           100      0       0      16        0.0%
BANK6              100      0       0      17        0.0%
BITBANK7           100      0       0      18        0.0%
BANK7              100      0       0      19        0.0%
ABS                  0      0       0      20        0.0%
BIGRAM             7FF      0       0      21        0.0%
BITSFR               0      0       0      40        0.0%
SFR                  0      0       0      40        0.0%


Microchip Technology PIC18 Macro Assembler V1.38 build -256452561 
Symbol Table                                                                                   Fri Sep 07 22:53:28 2018

                       l3 7EF2                        l60 7E64               __CFG_BOR$ON 000000  
             __CFG_BORV$3 000000                       l813 7FEE                       l805 7FCA  
                     l821 7E86                       l809 7FD8                       l841 7F06  
                     l819 7E82                       l781 7F50                       l845 7F16  
                     l839 7EFE                       l793 7F8A                       l795 7F96  
                     l787 7F68                       l797 7F9A              __CFG_LVP$OFF 000000  
            __CFG_WDT$OFF 000000              __CFG_PWRT$ON 000000              __CFG_WRTC$ON 000000  
                    _main 7EF8            digiPot_write@i 0003                      start 0000  
           __CFG_IESO$OFF 000000             __CFG_MCLRE$ON 000000              ___param_bank 000010  
           __CFG_PLLDIV$4 000000            __CFG_CCP2MX$ON 000000           __end_of___aldiv 8000  
                   ?_main 0001                     _LATA5 007C4D            __CFG_DEBUG$OFF 000000  
           __CFG_WRTD$OFF 000000   __end_of_SPI_Init_Master 7ECC                     main@i 0015  
                   status 000FD8        __size_of_SPI_Write 0012           __initialization 7E58  
            __end_of_main 7F34                    ??_main 0015             __activetblptr 000000  
   __end_of_digiPot_write 7E82                    _ADCON0 000FC2                    _ADCON1 000FC1  
          __CFG_WDTPS$128 000000                    _SSPBUF 000FC9            __CFG_VREGEN$ON 000000  
        __end_of_delay_ms 7EA6          __end_of_delay_us 7EF8                 ??___aldiv 0009  
       __end_of_SPI_Write 7E70          ?_SPI_Init_Master 0001                __accesstop 0060  
 __end_of__initialization 7E58           __CFG_PBADEN$OFF 000000             ___rparam_used 000001  
          __pcstackCOMRAM 0001                 ?_delay_ms 0012                 ?_delay_us 000F  
                 _SSPSTAT 000FC7                   __Hparam 0000                   __Lparam 0000  
                 ___aldiv 7F34       SPI_Write@data_flush 0001           __CFG_STVREN$OFF 000000  
                 __pcinit 7E58                   __ramtop 0800                   __ptext0 7EF8  
                 __ptext1 7E70                   __ptext2 7E5E                   __ptext3 7E82  
                 __ptext4 7ECC                   __ptext5 7F34                   __ptext6 7EA6  
        ___aldiv@dividend 0001                ??_delay_ms 0014                ??_delay_us 0011  
              delay_ms@ms 0012      end_of_initialization 7E58                delay_us@us 0011  
        ___aldiv@quotient 000B                 _TRISAbits 000F92                 _TRISBbits 000F93  
               _TRISCbits 000F94                 _SPI_Write 7E5E    __size_of_digiPot_write 0012  
     start_initialization 7E58                ?_SPI_Write 0001  __size_of_SPI_Init_Master 0026  
        __CFG_LPT1OSC$OFF 000000             _digiPot_write 7E70         __size_of_delay_ms 0024  
       __size_of_delay_us 002C                  ?___aldiv 0001            ?_digiPot_write 0003  
             ??_SPI_Write 0001           ___aldiv@divisor 0005           ___aldiv@counter 0009  
               delay_ms@i 0014                 delay_us@x 000F                  _PIR1bits 000F9E  
       ??_SPI_Init_Master 0001               _INTCON2bits 000FF1                  __Hrparam 0000  
              SPI_Write@x 0002                  __Lrparam 0000          __size_of___aldiv 00CC  
         ??_digiPot_write 0005                  _delay_ms 7E82                  _delay_us 7ECC  
           __size_of_main 003C     __CFG_CPUDIV$OSC1_PLL2 000000              ___aldiv@sign 000A  
             _SSPCON1bits 000FC6        __CFG_FOSC$HSPLL_HS 000000           _SPI_Init_Master 7EA6  
