

Microchip Technology PIC18 LITE Macro Assembler V1.38 build -256452561 
                                                                                               Fri Sep 07 13:42:00 2018

Microchip Technology Omniscient Code Generator v1.38 (Free mode) build 201607010351
     1                           	processor	18F4553
     2                           	fnconf	rparam,??,?,0
     3                           	opt	pw 120
     4                           	opt	lm
     5                           	psect	cinit,global,reloc=2,class=CODE,delta=1
     6                           	psect	cstackCOMRAM,global,class=COMRAM,space=1,delta=1
     7                           	psect	text0,global,reloc=2,class=CODE,delta=1
     8                           	psect	intsave_regs,global,class=BIGRAM,space=1,delta=1
     9                           	psect	rparam,global,class=COMRAM,space=1,delta=1
    10  0000                     _LATDbits	set	3980
    11  0000                     _PORTDbits	set	3971
    12  0000                     _TRISDbits	set	3989
    13                           
    14                           ; #config settings
    15  0000                     
    16                           	psect	cinit
    17  007FDE                     __pcinit:
    18                           	opt stack 0
    19  007FDE                     start_initialization:
    20                           	opt stack 0
    21  007FDE                     __initialization:
    22                           	opt stack 0
    23  007FDE                     end_of_initialization:
    24                           	opt stack 0
    25  007FDE                     __end_of__initialization:
    26                           	opt stack 0
    27  007FDE  0100               	movlb	0
    28  007FE0  EFF2  F03F         	goto	_main	;jump to C main() function
    29                           
    30                           	psect	cstackCOMRAM
    31  000001                     __pcstackCOMRAM:
    32                           	opt stack 0
    33  000001                     ??_main:
    34                           
    35                           ; 1 bytes @ 0x0
    36  000001                     	ds	1
    37                           
    38 ;;
    39 ;;Main: autosize = 0, tempsize = 1, incstack = 0, save=0
    40 ;;
    41 ;; *************** function _main *****************
    42 ;; Defined at:
    43 ;;		line 31 in file "Main.c"
    44 ;; Parameters:    Size  Location     Type
    45 ;;		None
    46 ;; Auto vars:     Size  Location     Type
    47 ;;		None
    48 ;; Return value:  Size  Location     Type
    49 ;;                  1    wreg      void 
    50 ;; Registers used:
    51 ;;		wreg, status,2, status,0
    52 ;; Tracked objects:
    53 ;;		On entry : 0/0
    54 ;;		On exit  : 0/0
    55 ;;		Unchanged: 0/0
    56 ;; Data sizes:     COMRAM   BANK0   BANK1   BANK2   BANK3   BANK4   BANK5   BANK6   BANK7
    57 ;;      Params:         0       0       0       0       0       0       0       0       0
    58 ;;      Locals:         0       0       0       0       0       0       0       0       0
    59 ;;      Temps:          1       0       0       0       0       0       0       0       0
    60 ;;      Totals:         1       0       0       0       0       0       0       0       0
    61 ;;Total ram usage:        1 bytes
    62 ;; This function calls:
    63 ;;		Nothing
    64 ;; This function is called by:
    65 ;;		Startup code after reset
    66 ;; This function uses a non-reentrant model
    67 ;;
    68                           
    69                           	psect	text0
    70  007FE4                     __ptext0:
    71                           	opt stack 0
    72  007FE4                     _main:
    73                           	opt stack 31
    74                           
    75                           ;Main.c: 34: TRISDbits.TRISD0 = 0;
    76                           
    77                           ;incstack = 0
    78  007FE4  9095               	bcf	3989,0,c	;volatile
    79                           
    80                           ;Main.c: 37: TRISDbits.TRISD1 = 1;
    81  007FE6  8295               	bsf	3989,1,c	;volatile
    82  007FE8                     l635:
    83                           
    84                           ;Main.c: 41: {
    85                           ;Main.c: 43: LATDbits.LATD0 = !PORTDbits.RD1;
    86  007FE8  B283               	btfsc	3971,1,c	;volatile
    87  007FEA  D003               	goto	u20
    88  007FEC  6A01               	clrf	??_main& (0+255),c
    89  007FEE  2A01               	incf	??_main& (0+255),f,c
    90  007FF0  D001               	goto	u38
    91  007FF2                     u20:
    92  007FF2  6A01               	clrf	??_main& (0+255),c
    93  007FF4                     u38:
    94  007FF4  508C               	movf	3980,w,c	;volatile
    95  007FF6  1801               	xorwf	??_main,w,c
    96  007FF8  0BFE               	andlw	-2
    97  007FFA  1801               	xorwf	??_main,w,c
    98  007FFC  6E8C               	movwf	3980,c	;volatile
    99  007FFE  D7F4               	goto	l635
   100  008000                     __end_of_main:
   101                           	opt stack 0
   102  0000                     
   103                           	psect	rparam


Data Sizes:
    Strings     0
    Constant    0
    Data        0
    BSS         0
    Persistent  0
    Stack       0

Auto Spaces:
    Space          Size  Autos    Used
    COMRAM           95      1       1
    BANK0           160      0       0
    BANK1           256      0       0
    BANK2           256      0       0
    BANK3           256      0       0
    BANK4           256      0       0
    BANK5           256      0       0
    BANK6           256      0       0
    BANK7           256      0       0

Pointer List with Targets:

    None.

Critical Paths under _main in COMRAM

    None.

Critical Paths under _main in BANK0

    None.

Critical Paths under _main in BANK1

    None.

Critical Paths under _main in BANK2

    None.

Critical Paths under _main in BANK3

    None.

Critical Paths under _main in BANK4

    None.

Critical Paths under _main in BANK5

    None.

Critical Paths under _main in BANK6

    None.

Critical Paths under _main in BANK7

    None.

Call Graph Tables:

 ---------------------------------------------------------------------------------
 (Depth) Function   	        Calls       Base Space   Used Autos Params    Refs
 ---------------------------------------------------------------------------------
 (0) _main                                                 1     1      0       0
                                              0 COMRAM     1     1      0
 ---------------------------------------------------------------------------------
 Estimated maximum stack depth 0
 ---------------------------------------------------------------------------------

 Call Graph Graphs:

 _main (ROOT)

 Address spaces:
Name               Size   Autos  Total    Cost      Usage
BITCOMRAM           5F      0       0       0        0.0%
EEDATA             100      0       0       0        0.0%
NULL                 0      0       0       0        0.0%
CODE                 0      0       0       0        0.0%
COMRAM              5F      1       1       1        1.1%
STACK                0      0       0       2        0.0%
DATA                 0      0       0       3        0.0%
BITBANK0            A0      0       0       4        0.0%
BANK0               A0      0       0       5        0.0%
BITBANK1           100      0       0       6        0.0%
BANK1              100      0       0       7        0.0%
BITBANK2           100      0       0       8        0.0%
BANK2              100      0       0       9        0.0%
BITBANK3           100      0       0      10        0.0%
BANK3              100      0       0      11        0.0%
BITBANK4           100      0       0      12        0.0%
BANK4              100      0       0      13        0.0%
BITBANK5           100      0       0      14        0.0%
BANK5              100      0       0      15        0.0%
BITBANK6           100      0       0      16        0.0%
BANK6              100      0       0      17        0.0%
BITBANK7           100      0       0      18        0.0%
BANK7              100      0       0      19        0.0%
ABS                  0      0       0      20        0.0%
BIGRAM             7FF      0       0      21        0.0%
BITSFR               0      0       0      40        0.0%
SFR                  0      0       0      40        0.0%


Microchip Technology PIC18 Macro Assembler V1.38 build -256452561 
Symbol Table                                                                                   Fri Sep 07 13:42:00 2018

                     u20 7FF2                       u38 7FF4              __CFG_BOR$ON 000000  
            __CFG_BORV$3 000000                      l635 7FE8             __CFG_FOSC$HS 000000  
           __CFG_LVP$OFF 000000             __CFG_WDT$OFF 000000             __CFG_PWRT$ON 000000  
           __CFG_WRTC$ON 000000                     _main 7FE4                     start 0000  
          __CFG_IESO$OFF 000000            __CFG_MCLRE$ON 000000             ___param_bank 000010  
          __CFG_PLLDIV$4 000000           __CFG_CCP2MX$ON 000000                    ?_main 0001  
         __CFG_DEBUG$OFF 000000            __CFG_WRTD$OFF 000000          __initialization 7FDE  
           __end_of_main 8000                   ??_main 0001            __activetblptr 000000  
         __CFG_WDTPS$128 000000           __CFG_VREGEN$ON 000000               __accesstop 0060  
__end_of__initialization 7FDE          __CFG_PBADEN$OFF 000000            ___rparam_used 000001  
         __pcstackCOMRAM 0001                  __Hparam 0000                  __Lparam 0000  
        __CFG_STVREN$OFF 000000                  __pcinit 7FDE                  __ramtop 0800  
                __ptext0 7FE4     end_of_initialization 7FDE                _PORTDbits 000F83  
              _TRISDbits 000F95      start_initialization 7FDE         __CFG_LPT1OSC$OFF 000000  
               _LATDbits 000F8C                 __Hrparam 0000                 __Lrparam 0000  
          __size_of_main 001C    __CFG_CPUDIV$OSC1_PLL2 000000  
