

Microchip Technology PIC18 LITE Macro Assembler V1.38 build -256452561 
                                                                                               Fri Sep 07 15:24:24 2018

Microchip Technology Omniscient Code Generator v1.38 (Free mode) build 201607010351
     1                           	processor	18F4553
     2                           	fnconf	rparam,??,?,0
     3                           	opt	pw 120
     4                           	opt	lm
     5                           	psect	cinit,global,reloc=2,class=CODE,delta=1
     6                           	psect	bssCOMRAM,global,class=COMRAM,space=1,delta=1
     7                           	psect	cstackCOMRAM,global,class=COMRAM,space=1,delta=1
     8                           	psect	text0,global,reloc=2,class=CODE,delta=1
     9                           	psect	text1,global,reloc=2,class=CODE,delta=1
    10                           	psect	intsave_regs,global,class=BIGRAM,space=1,delta=1
    11                           	psect	rparam,global,class=COMRAM,space=1,delta=1
    12  0000                     _TMR0	set	4054
    13  0000                     _INTCONbits	set	4082
    14  0000                     _LATDbits	set	3980
    15  0000                     _T0CONbits	set	4053
    16  0000                     _TRISDbits	set	3989
    17                           
    18                           ; #config settings
    19  0000                     
    20                           	psect	cinit
    21  007FB8                     __pcinit:
    22                           	opt stack 0
    23  007FB8                     start_initialization:
    24                           	opt stack 0
    25  007FB8                     __initialization:
    26                           	opt stack 0
    27                           
    28                           ; Clear objects allocated to COMRAM (2 bytes)
    29  007FB8  6A02               	clrf	(__pbssCOMRAM+1)& (0+255),c
    30  007FBA  6A01               	clrf	__pbssCOMRAM& (0+255),c
    31  007FBC                     end_of_initialization:
    32                           	opt stack 0
    33  007FBC                     __end_of__initialization:
    34                           	opt stack 0
    35  007FBC  0100               	movlb	0
    36  007FBE  EFEC  F03F         	goto	_main	;jump to C main() function
    37                           
    38                           	psect	bssCOMRAM
    39  000001                     __pbssCOMRAM:
    40                           	opt stack 0
    41  000001                     _count:
    42                           	opt stack 0
    43  000001                     	ds	2
    44                           
    45                           	psect	cstackCOMRAM
    46  000000                     __pcstackCOMRAM:
    47                           	opt stack 0
    48  000000                     
    49                           ; 1 bytes @ 0x0
    50 ;;
    51 ;;Main: autosize = 0, tempsize = 0, incstack = 0, save=0
    52 ;;
    53 ;; *************** function _main *****************
    54 ;; Defined at:
    55 ;;		line 70 in file "Main.c"
    56 ;; Parameters:    Size  Location     Type
    57 ;;		None
    58 ;; Auto vars:     Size  Location     Type
    59 ;;		None
    60 ;; Return value:  Size  Location     Type
    61 ;;                  1    wreg      void 
    62 ;; Registers used:
    63 ;;		wreg, status,2, status,0, cstack
    64 ;; Tracked objects:
    65 ;;		On entry : 0/0
    66 ;;		On exit  : 0/0
    67 ;;		Unchanged: 0/0
    68 ;; Data sizes:     COMRAM   BANK0   BANK1   BANK2   BANK3   BANK4   BANK5   BANK6   BANK7
    69 ;;      Params:         0       0       0       0       0       0       0       0       0
    70 ;;      Locals:         0       0       0       0       0       0       0       0       0
    71 ;;      Temps:          0       0       0       0       0       0       0       0       0
    72 ;;      Totals:         0       0       0       0       0       0       0       0       0
    73 ;;Total ram usage:        0 bytes
    74 ;; Hardware stack levels required when called:    1
    75 ;; This function calls:
    76 ;;		_initMain
    77 ;; This function is called by:
    78 ;;		Startup code after reset
    79 ;; This function uses a non-reentrant model
    80 ;;
    81                           
    82                           	psect	text0
    83  007FD8                     __ptext0:
    84                           	opt stack 0
    85  007FD8                     _main:
    86                           	opt stack 30
    87                           
    88                           ;Main.c: 72: initMain();
    89                           
    90                           ;incstack = 0
    91  007FD8  ECE1  F03F         	call	_initMain	;wreg free
    92  007FDC                     l32:
    93  007FDC  A4F2               	btfss	intcon,2,c	;volatile
    94  007FDE  D7FE               	goto	l32
    95                           
    96                           ;Main.c: 81: INTCONbits.TMR0IF = 0;
    97  007FE0  94F2               	bcf	intcon,2,c	;volatile
    98                           
    99                           ;Main.c: 84: count++;
   100  007FE2  4A01               	infsnz	_count,f,c
   101  007FE4  2A02               	incf	_count+1,f,c
   102                           
   103                           ;Main.c: 95: if (count == 183)
   104  007FE6  0EB7               	movlw	183
   105  007FE8  1801               	xorwf	_count,w,c
   106  007FEA  1002               	iorwf	_count+1,w,c
   107  007FEC  A4D8               	btfss	status,2,c
   108  007FEE  D006               	goto	l35
   109                           
   110                           ;Main.c: 96: {
   111                           ;Main.c: 97: LATDbits.LATD0= 1;
   112  007FF0  808C               	bsf	3980,0,c	;volatile
   113                           
   114                           ;Main.c: 98: count = 0;
   115  007FF2  0E00               	movlw	0
   116  007FF4  6E02               	movwf	_count+1,c
   117  007FF6  0E00               	movlw	0
   118  007FF8  6E01               	movwf	_count,c
   119                           
   120                           ;Main.c: 99: }
   121  007FFA  D7F0               	goto	l32
   122  007FFC                     l35:
   123                           
   124                           ;Main.c: 102: else
   125                           ;Main.c: 103: {
   126                           ;Main.c: 104: LATDbits.LATD0= 0;
   127  007FFC  908C               	bcf	3980,0,c	;volatile
   128  007FFE  D7EE               	goto	l32
   129  008000                     __end_of_main:
   130                           	opt stack 0
   131                           intcon	equ	0xFF2
   132                           status	equ	0xFD8
   133                           
   134 ;; *************** function _initMain *****************
   135 ;; Defined at:
   136 ;;		line 34 in file "Main.c"
   137 ;; Parameters:    Size  Location     Type
   138 ;;		None
   139 ;; Auto vars:     Size  Location     Type
   140 ;;		None
   141 ;; Return value:  Size  Location     Type
   142 ;;                  1    wreg      void 
   143 ;; Registers used:
   144 ;;		wreg, status,2
   145 ;; Tracked objects:
   146 ;;		On entry : 0/0
   147 ;;		On exit  : 0/0
   148 ;;		Unchanged: 0/0
   149 ;; Data sizes:     COMRAM   BANK0   BANK1   BANK2   BANK3   BANK4   BANK5   BANK6   BANK7
   150 ;;      Params:         0       0       0       0       0       0       0       0       0
   151 ;;      Locals:         0       0       0       0       0       0       0       0       0
   152 ;;      Temps:          0       0       0       0       0       0       0       0       0
   153 ;;      Totals:         0       0       0       0       0       0       0       0       0
   154 ;;Total ram usage:        0 bytes
   155 ;; Hardware stack levels used:    1
   156 ;; This function calls:
   157 ;;		Nothing
   158 ;; This function is called by:
   159 ;;		_main
   160 ;; This function uses a non-reentrant model
   161 ;;
   162                           
   163                           	psect	text1
   164  007FC2                     __ptext1:
   165                           	opt stack 0
   166  007FC2                     _initMain:
   167                           	opt stack 30
   168                           
   169                           ;Main.c: 41: TRISDbits.TRISD0 = 0;
   170                           
   171                           ;incstack = 0
   172  007FC2  9095               	bcf	3989,0,c	;volatile
   173                           
   174                           ;Main.c: 48: T0CONbits.T0CS = 0;
   175  007FC4  9AD5               	bcf	4053,5,c	;volatile
   176                           
   177                           ;Main.c: 51: T0CONbits.PSA = 0;
   178  007FC6  96D5               	bcf	4053,3,c	;volatile
   179                           
   180                           ;Main.c: 54: T0CONbits.T0PS0 = 1;
   181  007FC8  80D5               	bsf	4053,0,c	;volatile
   182                           
   183                           ;Main.c: 55: T0CONbits.T0PS1 = 1;
   184  007FCA  82D5               	bsf	4053,1,c	;volatile
   185                           
   186                           ;Main.c: 56: T0CONbits.T0PS2 = 1;
   187  007FCC  84D5               	bsf	4053,2,c	;volatile
   188                           
   189                           ;Main.c: 59: TMR0 = 0;
   190  007FCE  0E00               	movlw	0
   191  007FD0  6ED7               	movwf	4055,c	;volatile
   192  007FD2  0E00               	movlw	0
   193  007FD4  6ED6               	movwf	4054,c	;volatile
   194  007FD6  0012               	return		;funcret
   195  007FD8                     __end_of_initMain:
   196                           	opt stack 0
   197  0000                     intcon	equ	0xFF2
   198                           status	equ	0xFD8
   199                           intcon	equ	0xFF2
   200                           status	equ	0xFD8
   201                           
   202                           	psect	rparam
   203  0000                     intcon	equ	0xFF2
   204                           status	equ	0xFD8


Data Sizes:
    Strings     0
    Constant    0
    Data        0
    BSS         2
    Persistent  0
    Stack       0

Auto Spaces:
    Space          Size  Autos    Used
    COMRAM           95      0       2
    BANK0           160      0       0
    BANK1           256      0       0
    BANK2           256      0       0
    BANK3           256      0       0
    BANK4           256      0       0
    BANK5           256      0       0
    BANK6           256      0       0
    BANK7           256      0       0

Pointer List with Targets:

    None.

Critical Paths under _main in COMRAM

    None.

Critical Paths under _main in BANK0

    None.

Critical Paths under _main in BANK1

    None.

Critical Paths under _main in BANK2

    None.

Critical Paths under _main in BANK3

    None.

Critical Paths under _main in BANK4

    None.

Critical Paths under _main in BANK5

    None.

Critical Paths under _main in BANK6

    None.

Critical Paths under _main in BANK7

    None.

Call Graph Tables:

 ---------------------------------------------------------------------------------
 (Depth) Function   	        Calls       Base Space   Used Autos Params    Refs
 ---------------------------------------------------------------------------------
 (0) _main                                                 0     0      0       0
                           _initMain
 ---------------------------------------------------------------------------------
 (1) _initMain                                             0     0      0       0
 ---------------------------------------------------------------------------------
 Estimated maximum stack depth 1
 ---------------------------------------------------------------------------------

 Call Graph Graphs:

 _main (ROOT)
   _initMain

 Address spaces:
Name               Size   Autos  Total    Cost      Usage
BIGRAM             7FF      0       0      21        0.0%
EEDATA             100      0       0       0        0.0%
BITBANK7           100      0       0      18        0.0%
BANK7              100      0       0      19        0.0%
BITBANK6           100      0       0      16        0.0%
BANK6              100      0       0      17        0.0%
BITBANK5           100      0       0      14        0.0%
BANK5              100      0       0      15        0.0%
BITBANK4           100      0       0      12        0.0%
BANK4              100      0       0      13        0.0%
BITBANK3           100      0       0      10        0.0%
BANK3              100      0       0      11        0.0%
BITBANK2           100      0       0       8        0.0%
BANK2              100      0       0       9        0.0%
BITBANK1           100      0       0       6        0.0%
BANK1              100      0       0       7        0.0%
BITBANK0            A0      0       0       4        0.0%
BANK0               A0      0       0       5        0.0%
BITCOMRAM           5F      0       0       0        0.0%
COMRAM              5F      0       2       1        2.1%
BITSFR               0      0       0      40        0.0%
SFR                  0      0       0      40        0.0%
STACK                0      0       0       2        0.0%
NULL                 0      0       0       0        0.0%
ABS                  0      0       2      20        0.0%
DATA                 0      0       2       3        0.0%
CODE                 0      0       0       0        0.0%


Microchip Technology PIC18 Macro Assembler V1.38 build -256452561 
Symbol Table                                                                                   Fri Sep 07 15:24:24 2018

                     l32 7FDC                       l35 7FFC              __CFG_BOR$ON 000000  
            __CFG_BORV$3 000000             __CFG_LVP$OFF 000000             __CFG_WDT$OFF 000000  
                   _TMR0 000FD6             __CFG_PWRT$ON 000000             __CFG_WRTC$ON 000000  
                   _main 7FD8                     start 0000            __CFG_IESO$OFF 000000  
          __CFG_MCLRE$ON 000000             ___param_bank 000010            __CFG_PLLDIV$4 000000  
         __CFG_CCP2MX$ON 000000                    ?_main 0000           __CFG_DEBUG$OFF 000000  
          __CFG_WRTD$OFF 000000                    _count 0001                    status 000FD8  
        __initialization 7FB8             __end_of_main 8000                   ??_main 0000  
          __activetblptr 000000           __CFG_WDTPS$128 000000           __CFG_VREGEN$ON 000000  
       __end_of_initMain 7FD8               __accesstop 0060  __end_of__initialization 7FBC  
        __CFG_PBADEN$OFF 000000            ___rparam_used 000001           __pcstackCOMRAM 0000  
              ?_initMain 0000                  __Hparam 0000                  __Lparam 0000  
        __CFG_STVREN$OFF 000000                  __pcinit 7FB8                  __ramtop 0800  
                __ptext0 7FD8                  __ptext1 7FC2                _T0CONbits 000FD5  
   end_of_initialization 7FBC               ??_initMain 0000                _TRISDbits 000F95  
    start_initialization 7FB8         __CFG_LPT1OSC$OFF 000000              __pbssCOMRAM 0001  
      __size_of_initMain 0016                 _LATDbits 000F8C                 __Hrparam 0000  
               __Lrparam 0000                 _initMain 7FC2            __size_of_main 0028  
  __CFG_CPUDIV$OSC1_PLL2 000000               _INTCONbits 000FF2       __CFG_FOSC$HSPLL_HS 000000  
