

Microchip Technology PIC18 LITE Macro Assembler V1.38 build -256452561 
                                                                                               Fri Sep 07 13:29:01 2018

Microchip Technology Omniscient Code Generator v1.38 (Free mode) build 201607010351
     1                           	processor	18F4553
     2                           	fnconf	rparam,??,?,0
     3                           	opt	pw 120
     4                           	opt	lm
     5                           	psect	cinit,global,reloc=2,class=CODE,delta=1
     6                           	psect	cstackCOMRAM,global,class=COMRAM,space=1,delta=1
     7                           	psect	text0,global,reloc=2,class=CODE,delta=1
     8                           	psect	text1,global,reloc=2,class=CODE,delta=1
     9                           	psect	text2,global,reloc=2,class=CODE,delta=1
    10                           	psect	intsave_regs,global,class=BIGRAM,space=1,delta=1
    11                           	psect	rparam,global,class=COMRAM,space=1,delta=1
    12  0000                     _LATDbits	set	3980
    13  0000                     _TRISDbits	set	3989
    14                           
    15                           ; #config settings
    16  0000                     
    17                           	psect	cinit
    18  007FA4                     __pcinit:
    19                           	opt stack 0
    20  007FA4                     start_initialization:
    21                           	opt stack 0
    22  007FA4                     __initialization:
    23                           	opt stack 0
    24  007FA4                     end_of_initialization:
    25                           	opt stack 0
    26  007FA4                     __end_of__initialization:
    27                           	opt stack 0
    28  007FA4  0100               	movlb	0
    29  007FA6  EFED  F03F         	goto	_main	;jump to C main() function
    30                           
    31                           	psect	cstackCOMRAM
    32  000001                     __pcstackCOMRAM:
    33                           	opt stack 0
    34  000001                     delay_us@x:
    35                           	opt stack 0
    36                           
    37                           ; 2 bytes @ 0x0
    38  000001                     	ds	2
    39  000003                     delay_us@us:
    40                           	opt stack 0
    41                           
    42                           ; 1 bytes @ 0x2
    43  000003                     	ds	1
    44  000004                     delay_ms@ms:
    45                           	opt stack 0
    46                           
    47                           ; 2 bytes @ 0x3
    48  000004                     	ds	2
    49  000006                     delay_ms@i:
    50                           	opt stack 0
    51                           
    52                           ; 1 bytes @ 0x5
    53  000006                     	ds	1
    54  000007                     ??_main:
    55                           
    56                           ; 1 bytes @ 0x6
    57  000007                     	ds	1
    58                           
    59 ;;
    60 ;;Main: autosize = 0, tempsize = 1, incstack = 0, save=0
    61 ;;
    62 ;; *************** function _main *****************
    63 ;; Defined at:
    64 ;;		line 31 in file "Main.c"
    65 ;; Parameters:    Size  Location     Type
    66 ;;		None
    67 ;; Auto vars:     Size  Location     Type
    68 ;;		None
    69 ;; Return value:  Size  Location     Type
    70 ;;                  1    wreg      void 
    71 ;; Registers used:
    72 ;;		wreg, status,2, status,0, cstack
    73 ;; Tracked objects:
    74 ;;		On entry : 0/0
    75 ;;		On exit  : 0/0
    76 ;;		Unchanged: 0/0
    77 ;; Data sizes:     COMRAM   BANK0   BANK1   BANK2   BANK3   BANK4   BANK5   BANK6   BANK7
    78 ;;      Params:         0       0       0       0       0       0       0       0       0
    79 ;;      Locals:         0       0       0       0       0       0       0       0       0
    80 ;;      Temps:          1       0       0       0       0       0       0       0       0
    81 ;;      Totals:         1       0       0       0       0       0       0       0       0
    82 ;;Total ram usage:        1 bytes
    83 ;; Hardware stack levels required when called:    2
    84 ;; This function calls:
    85 ;;		_delay_ms
    86 ;; This function is called by:
    87 ;;		Startup code after reset
    88 ;; This function uses a non-reentrant model
    89 ;;
    90                           
    91                           	psect	text0
    92  007FDA                     __ptext0:
    93                           	opt stack 0
    94  007FDA                     _main:
    95                           	opt stack 29
    96                           
    97                           ;Main.c: 34: TRISDbits.TRISD0 = 0;
    98                           
    99                           ;incstack = 0
   100  007FDA  9095               	bcf	3989,0,c	;volatile
   101  007FDC                     l651:
   102                           
   103                           ;Main.c: 37: {
   104                           ;Main.c: 39: LATDbits.LATD0 = !LATDbits.LATD0;
   105  007FDC  B08C               	btfsc	3980,0,c	;volatile
   106  007FDE  D003               	goto	u50
   107  007FE0  6A07               	clrf	??_main& (0+255),c
   108  007FE2  2A07               	incf	??_main& (0+255),f,c
   109  007FE4  D001               	goto	u68
   110  007FE6                     u50:
   111  007FE6  6A07               	clrf	??_main& (0+255),c
   112  007FE8                     u68:
   113  007FE8  508C               	movf	3980,w,c	;volatile
   114  007FEA  1807               	xorwf	??_main,w,c
   115  007FEC  0BFE               	andlw	-2
   116  007FEE  1807               	xorwf	??_main,w,c
   117  007FF0  6E8C               	movwf	3980,c	;volatile
   118                           
   119                           ;Main.c: 42: delay_ms(500);
   120  007FF2  0E01               	movlw	1
   121  007FF4  6E05               	movwf	delay_ms@ms+1,c
   122  007FF6  0EF4               	movlw	244
   123  007FF8  6E04               	movwf	delay_ms@ms,c
   124  007FFA  ECDB  F03F         	call	_delay_ms	;wreg free
   125  007FFE  D7EE               	goto	l651
   126  008000                     __end_of_main:
   127                           	opt stack 0
   128                           
   129 ;; *************** function _delay_ms *****************
   130 ;; Defined at:
   131 ;;		line 43 in file "18F4553_STD.c"
   132 ;; Parameters:    Size  Location     Type
   133 ;;  ms              2    3[COMRAM] unsigned int 
   134 ;; Auto vars:     Size  Location     Type
   135 ;;  i               1    5[COMRAM] unsigned char 
   136 ;; Return value:  Size  Location     Type
   137 ;;                  1    wreg      void 
   138 ;; Registers used:
   139 ;;		wreg, status,2, status,0, cstack
   140 ;; Tracked objects:
   141 ;;		On entry : 0/0
   142 ;;		On exit  : 0/0
   143 ;;		Unchanged: 0/0
   144 ;; Data sizes:     COMRAM   BANK0   BANK1   BANK2   BANK3   BANK4   BANK5   BANK6   BANK7
   145 ;;      Params:         2       0       0       0       0       0       0       0       0
   146 ;;      Locals:         1       0       0       0       0       0       0       0       0
   147 ;;      Temps:          0       0       0       0       0       0       0       0       0
   148 ;;      Totals:         3       0       0       0       0       0       0       0       0
   149 ;;Total ram usage:        3 bytes
   150 ;; Hardware stack levels used:    1
   151 ;; Hardware stack levels required when called:    1
   152 ;; This function calls:
   153 ;;		_delay_us
   154 ;; This function is called by:
   155 ;;		_main
   156 ;; This function uses a non-reentrant model
   157 ;;
   158                           
   159                           	psect	text1
   160  007FB6                     __ptext1:
   161                           	opt stack 0
   162  007FB6                     _delay_ms:
   163                           	opt stack 29
   164  007FB6                     
   165                           ;18F4553_STD.c: 47: i = 4;
   166  007FB6  0E04               	movlw	4
   167  007FB8  6E06               	movwf	delay_ms@i,c
   168  007FBA                     l643:
   169                           
   170                           ;18F4553_STD.c: 49: delay_us(250);
   171  007FBA  0E00               	movlw	0
   172  007FBC  6E02               	movwf	delay_us@x+1,c
   173  007FBE  0EFA               	movlw	250
   174  007FC0  6E01               	movwf	delay_us@x,c
   175  007FC2  ECD5  F03F         	call	_delay_us	;wreg free
   176                           
   177                           ;18F4553_STD.c: 50: } while(--i);
   178  007FC6  2E06               	decfsz	delay_ms@i,f,c
   179  007FC8  D7F8               	goto	l643
   180                           
   181                           ;18F4553_STD.c: 51: }while(--ms);
   182  007FCA  0604               	decf	delay_ms@ms,f,c
   183  007FCC  A0D8               	btfss	status,0,c
   184  007FCE  0605               	decf	delay_ms@ms+1,f,c
   185  007FD0  5004               	movf	delay_ms@ms,w,c
   186  007FD2  1005               	iorwf	delay_ms@ms+1,w,c
   187  007FD4  B4D8               	btfsc	status,2,c
   188  007FD6  0012               	return	
   189  007FD8  D7EE               	goto	l641
   190  007FDA                     __end_of_delay_ms:
   191                           	opt stack 0
   192                           status	equ	0xFD8
   193                           
   194 ;; *************** function _delay_us *****************
   195 ;; Defined at:
   196 ;;		line 29 in file "18F4553_STD.c"
   197 ;; Parameters:    Size  Location     Type
   198 ;;  x               2    0[COMRAM] unsigned int 
   199 ;; Auto vars:     Size  Location     Type
   200 ;;  us              1    2[COMRAM] unsigned char 
   201 ;; Return value:  Size  Location     Type
   202 ;;                  1    wreg      void 
   203 ;; Registers used:
   204 ;;		wreg, status,2, status,0
   205 ;; Tracked objects:
   206 ;;		On entry : 0/0
   207 ;;		On exit  : 0/0
   208 ;;		Unchanged: 0/0
   209 ;; Data sizes:     COMRAM   BANK0   BANK1   BANK2   BANK3   BANK4   BANK5   BANK6   BANK7
   210 ;;      Params:         2       0       0       0       0       0       0       0       0
   211 ;;      Locals:         1       0       0       0       0       0       0       0       0
   212 ;;      Temps:          0       0       0       0       0       0       0       0       0
   213 ;;      Totals:         3       0       0       0       0       0       0       0       0
   214 ;;Total ram usage:        3 bytes
   215 ;; Hardware stack levels used:    1
   216 ;; This function calls:
   217 ;;		Nothing
   218 ;; This function is called by:
   219 ;;		_delay_ms
   220 ;; This function uses a non-reentrant model
   221 ;;
   222                           
   223                           	psect	text2
   224  007FAA                     __ptext2:
   225                           	opt stack 0
   226  007FAA                     _delay_us:
   227                           	opt stack 29
   228                           
   229                           ;18F4553_STD.c: 31: unsigned char us;
   230                           ;18F4553_STD.c: 32: us = x /(48000000/48000000)|1;
   231                           
   232                           ;incstack = 0
   233  007FAA  5001               	movf	delay_us@x,w,c
   234  007FAC  0901               	iorlw	1
   235  007FAE  6E03               	movwf	delay_us@us,c
   236  007FB0                     l15:
   237  007FB0  2E03               	decfsz	delay_us@us,f,c
   238  007FB2  D7FE               	goto	l15
   239  007FB4  0012               	return	
   240  007FB6                     __end_of_delay_us:
   241                           	opt stack 0
   242  0000                     status	equ	0xFD8
   243                           status	equ	0xFD8
   244                           
   245                           	psect	rparam
   246  0000                     status	equ	0xFD8


Data Sizes:
    Strings     0
    Constant    0
    Data        0
    BSS         0
    Persistent  0
    Stack       0

Auto Spaces:
    Space          Size  Autos    Used
    COMRAM           95      7       7
    BANK0           160      0       0
    BANK1           256      0       0
    BANK2           256      0       0
    BANK3           256      0       0
    BANK4           256      0       0
    BANK5           256      0       0
    BANK6           256      0       0
    BANK7           256      0       0

Pointer List with Targets:

    None.

Critical Paths under _main in COMRAM

    _main->_delay_ms
    _delay_ms->_delay_us

Critical Paths under _main in BANK0

    None.

Critical Paths under _main in BANK1

    None.

Critical Paths under _main in BANK2

    None.

Critical Paths under _main in BANK3

    None.

Critical Paths under _main in BANK4

    None.

Critical Paths under _main in BANK5

    None.

Critical Paths under _main in BANK6

    None.

Critical Paths under _main in BANK7

    None.

Call Graph Tables:

 ---------------------------------------------------------------------------------
 (Depth) Function   	        Calls       Base Space   Used Autos Params    Refs
 ---------------------------------------------------------------------------------
 (0) _main                                                 1     1      0     176
                                              6 COMRAM     1     1      0
                           _delay_ms
 ---------------------------------------------------------------------------------
 (1) _delay_ms                                             3     1      2     176
                                              3 COMRAM     3     1      2
                           _delay_us
 ---------------------------------------------------------------------------------
 (2) _delay_us                                             3     1      2      88
                                              0 COMRAM     3     1      2
 ---------------------------------------------------------------------------------
 Estimated maximum stack depth 2
 ---------------------------------------------------------------------------------

 Call Graph Graphs:

 _main (ROOT)
   _delay_ms
     _delay_us

 Address spaces:
Name               Size   Autos  Total    Cost      Usage
BITCOMRAM           5F      0       0       0        0.0%
EEDATA             100      0       0       0        0.0%
NULL                 0      0       0       0        0.0%
CODE                 0      0       0       0        0.0%
COMRAM              5F      7       7       1        7.4%
STACK                0      0       0       2        0.0%
DATA                 0      0       0       3        0.0%
BITBANK0            A0      0       0       4        0.0%
BANK0               A0      0       0       5        0.0%
BITBANK1           100      0       0       6        0.0%
BANK1              100      0       0       7        0.0%
BITBANK2           100      0       0       8        0.0%
BANK2              100      0       0       9        0.0%
BITBANK3           100      0       0      10        0.0%
BANK3              100      0       0      11        0.0%
BITBANK4           100      0       0      12        0.0%
BANK4              100      0       0      13        0.0%
BITBANK5           100      0       0      14        0.0%
BANK5              100      0       0      15        0.0%
BITBANK6           100      0       0      16        0.0%
BANK6              100      0       0      17        0.0%
BITBANK7           100      0       0      18        0.0%
BANK7              100      0       0      19        0.0%
ABS                  0      0       0      20        0.0%
BIGRAM             7FF      0       0      21        0.0%
BITSFR               0      0       0      40        0.0%
SFR                  0      0       0      40        0.0%


Microchip Technology PIC18 Macro Assembler V1.38 build -256452561 
Symbol Table                                                                                   Fri Sep 07 13:29:01 2018

                     l15 7FB0                       u50 7FE6                       u68 7FE8  
            __CFG_BOR$ON 000000              __CFG_BORV$3 000000                      l641 7FB6  
                    l643 7FBA                      l651 7FDC             __CFG_FOSC$HS 000000  
           __CFG_LVP$OFF 000000             __CFG_WDT$OFF 000000             __CFG_PWRT$ON 000000  
           __CFG_WRTC$ON 000000                     _main 7FDA                     start 0000  
          __CFG_IESO$OFF 000000            __CFG_MCLRE$ON 000000             ___param_bank 000010  
          __CFG_PLLDIV$4 000000           __CFG_CCP2MX$ON 000000                    ?_main 0001  
         __CFG_DEBUG$OFF 000000            __CFG_WRTD$OFF 000000                    status 000FD8  
        __initialization 7FA4             __end_of_main 8000                   ??_main 0007  
          __activetblptr 000000           __CFG_WDTPS$128 000000           __CFG_VREGEN$ON 000000  
       __end_of_delay_ms 7FDA         __end_of_delay_us 7FB6               __accesstop 0060  
__end_of__initialization 7FA4          __CFG_PBADEN$OFF 000000            ___rparam_used 000001  
         __pcstackCOMRAM 0001                ?_delay_ms 0004                ?_delay_us 0001  
                __Hparam 0000                  __Lparam 0000          __CFG_STVREN$OFF 000000  
                __pcinit 7FA4                  __ramtop 0800                  __ptext0 7FDA  
                __ptext1 7FB6                  __ptext2 7FAA               ??_delay_ms 0006  
             ??_delay_us 0003               delay_ms@ms 0004     end_of_initialization 7FA4  
             delay_us@us 0003                _TRISDbits 000F95      start_initialization 7FA4  
       __CFG_LPT1OSC$OFF 000000        __size_of_delay_ms 0024        __size_of_delay_us 000C  
               _LATDbits 000F8C                delay_ms@i 0006                delay_us@x 0001  
               __Hrparam 0000                 __Lrparam 0000                 _delay_ms 7FB6  
               _delay_us 7FAA            __size_of_main 0026    __CFG_CPUDIV$OSC1_PLL2 000000  
