

Microchip Technology PIC18 LITE Macro Assembler V1.38 build -256452561 
                                                                                               Fri Sep 07 21:49:09 2018

Microchip Technology Omniscient Code Generator v1.38 (Free mode) build 201607010351
     1                           	processor	18F4553
     2                           	fnconf	rparam,??,?,0
     3                           	opt	pw 120
     4                           	opt	lm
     5                           	psect	cinit,global,reloc=2,class=CODE,delta=1
     6                           	psect	cstackCOMRAM,global,class=COMRAM,space=1,delta=1
     7                           	psect	text0,global,reloc=2,class=CODE,delta=1
     8                           	psect	text1,global,reloc=2,class=CODE,delta=1
     9                           	psect	text2,global,reloc=2,class=CODE,delta=1
    10                           	psect	text3,global,reloc=2,class=CODE,delta=1
    11                           	psect	intsave_regs,global,class=BIGRAM,space=1,delta=1
    12                           	psect	rparam,global,class=COMRAM,space=1,delta=1
    13  0000                     _CCP1CON	set	4029
    14  0000                     _CCPR1L	set	4030
    15  0000                     _PR2	set	4043
    16  0000                     _T2CON	set	4042
    17  0000                     _TMR2	set	4044
    18  0000                     _TMR2ON	set	32338
    19  0000                     _TRISC2	set	31906
    20                           
    21                           ; #config settings
    22  0000                     
    23                           	psect	cinit
    24  007E98                     __pcinit:
    25                           	opt stack 0
    26  007E98                     start_initialization:
    27                           	opt stack 0
    28  007E98                     __initialization:
    29                           	opt stack 0
    30  007E98                     end_of_initialization:
    31                           	opt stack 0
    32  007E98                     __end_of__initialization:
    33                           	opt stack 0
    34  007E98  0100               	movlb	0
    35  007E9A  EF77  F03F         	goto	_main	;jump to C main() function
    36                           
    37                           	psect	cstackCOMRAM
    38  000001                     __pcstackCOMRAM:
    39                           	opt stack 0
    40  000001                     ?___aldiv:
    41                           	opt stack 0
    42  000001                     ___aldiv@dividend:
    43                           	opt stack 0
    44                           
    45                           ; 4 bytes @ 0x0
    46  000001                     	ds	4
    47  000005                     ___aldiv@divisor:
    48                           	opt stack 0
    49                           
    50                           ; 4 bytes @ 0x4
    51  000005                     	ds	4
    52  000009                     ___aldiv@counter:
    53                           	opt stack 0
    54                           
    55                           ; 1 bytes @ 0x8
    56  000009                     	ds	1
    57  00000A                     ___aldiv@sign:
    58                           	opt stack 0
    59                           
    60                           ; 1 bytes @ 0x9
    61  00000A                     	ds	1
    62  00000B                     ___aldiv@quotient:
    63                           	opt stack 0
    64                           
    65                           ; 4 bytes @ 0xA
    66  00000B                     	ds	4
    67  00000F                     delay_us@x:
    68                           	opt stack 0
    69                           
    70                           ; 2 bytes @ 0xE
    71  00000F                     	ds	2
    72  000011                     delay_us@us:
    73                           	opt stack 0
    74                           
    75                           ; 1 bytes @ 0x10
    76  000011                     	ds	1
    77  000012                     delay_ms@ms:
    78                           	opt stack 0
    79                           
    80                           ; 2 bytes @ 0x11
    81  000012                     	ds	2
    82  000014                     delay_ms@i:
    83                           	opt stack 0
    84                           
    85                           ; 1 bytes @ 0x13
    86  000014                     	ds	1
    87  000015                     main@i:
    88                           	opt stack 0
    89                           
    90                           ; 2 bytes @ 0x14
    91  000015                     	ds	2
    92                           
    93 ;;
    94 ;;Main: autosize = 0, tempsize = 0, incstack = 0, save=0
    95 ;;
    96 ;; *************** function _main *****************
    97 ;; Defined at:
    98 ;;		line 30 in file "Main.c"
    99 ;; Parameters:    Size  Location     Type
   100 ;;		None
   101 ;; Auto vars:     Size  Location     Type
   102 ;;  i               2   20[COMRAM] int 
   103 ;; Return value:  Size  Location     Type
   104 ;;                  1    wreg      void 
   105 ;; Registers used:
   106 ;;		wreg, status,2, status,0, cstack
   107 ;; Tracked objects:
   108 ;;		On entry : 0/0
   109 ;;		On exit  : 0/0
   110 ;;		Unchanged: 0/0
   111 ;; Data sizes:     COMRAM   BANK0   BANK1   BANK2   BANK3   BANK4   BANK5   BANK6   BANK7
   112 ;;      Params:         0       0       0       0       0       0       0       0       0
   113 ;;      Locals:         2       0       0       0       0       0       0       0       0
   114 ;;      Temps:          0       0       0       0       0       0       0       0       0
   115 ;;      Totals:         2       0       0       0       0       0       0       0       0
   116 ;;Total ram usage:        2 bytes
   117 ;; Hardware stack levels required when called:    3
   118 ;; This function calls:
   119 ;;		_delay_ms
   120 ;; This function is called by:
   121 ;;		Startup code after reset
   122 ;; This function uses a non-reentrant model
   123 ;;
   124                           
   125                           	psect	text0
   126  007EEE                     __ptext0:
   127                           	opt stack 0
   128  007EEE                     _main:
   129                           	opt stack 28
   130                           
   131                           ;Main.c: 33: TRISC2 = 0;
   132                           
   133                           ;incstack = 0
   134  007EEE  9494               	bcf	3988,2,c	;volatile
   135                           
   136                           ;Main.c: 34: PR2 = 149;
   137  007EF0  0E95               	movlw	149
   138  007EF2  6ECB               	movwf	4043,c	;volatile
   139                           
   140                           ;Main.c: 35: CCPR1L = 50;
   141  007EF4  0E32               	movlw	50
   142  007EF6  6EBE               	movwf	4030,c	;volatile
   143                           
   144                           ;Main.c: 36: T2CON = 0;
   145  007EF8  0E00               	movlw	0
   146  007EFA  6ECA               	movwf	4042,c	;volatile
   147                           
   148                           ;Main.c: 37: CCP1CON = 0x0C;
   149  007EFC  0E0C               	movlw	12
   150  007EFE  6EBD               	movwf	4029,c	;volatile
   151                           
   152                           ;Main.c: 38: TMR2 = 0;
   153  007F00  0E00               	movlw	0
   154  007F02  6ECC               	movwf	4044,c	;volatile
   155                           
   156                           ;Main.c: 39: TMR2ON = 1;
   157  007F04  84CA               	bsf	4042,2,c	;volatile
   158  007F06                     l32:
   159                           
   160                           ;Main.c: 42: {
   161                           ;Main.c: 44: int i;
   162                           ;Main.c: 45: for(i = 0; i <= 100; i++)
   163  007F06  0E00               	movlw	0
   164  007F08  6E16               	movwf	main@i+1,c
   165  007F0A  0E00               	movlw	0
   166  007F0C  6E15               	movwf	main@i,c
   167  007F0E                     l765:
   168  007F0E  BE16               	btfsc	main@i+1,7,c
   169  007F10  D006               	goto	l33
   170  007F12  5016               	movf	main@i+1,w,c
   171  007F14  E1F8               	bnz	l32
   172  007F16  0E65               	movlw	101
   173  007F18  5C15               	subwf	main@i,w,c
   174  007F1A  B0D8               	btfsc	status,0,c
   175  007F1C  D7F4               	goto	l32
   176  007F1E                     l33:
   177                           
   178                           ;Main.c: 46: {
   179                           ;Main.c: 47: CCPR1L = i;
   180  007F1E  C015  FFBE         	movff	main@i,4030	;volatile
   181                           
   182                           ;Main.c: 48: delay_ms(1000);
   183  007F22  0E03               	movlw	3
   184  007F24  6E13               	movwf	delay_ms@ms+1,c
   185  007F26  0EE8               	movlw	232
   186  007F28  6E12               	movwf	delay_ms@ms,c
   187  007F2A  EC4F  F03F         	call	_delay_ms	;wreg free
   188  007F2E  4A15               	infsnz	main@i,f,c
   189  007F30  2A16               	incf	main@i+1,f,c
   190  007F32  D7ED               	goto	l765
   191  007F34                     __end_of_main:
   192                           	opt stack 0
   193                           status	equ	0xFD8
   194                           
   195 ;; *************** function _delay_ms *****************
   196 ;; Defined at:
   197 ;;		line 43 in file "18F4553_STD.c"
   198 ;; Parameters:    Size  Location     Type
   199 ;;  ms              2   17[COMRAM] unsigned int 
   200 ;; Auto vars:     Size  Location     Type
   201 ;;  i               1   19[COMRAM] unsigned char 
   202 ;; Return value:  Size  Location     Type
   203 ;;                  1    wreg      void 
   204 ;; Registers used:
   205 ;;		wreg, status,2, status,0, cstack
   206 ;; Tracked objects:
   207 ;;		On entry : 0/0
   208 ;;		On exit  : 0/0
   209 ;;		Unchanged: 0/0
   210 ;; Data sizes:     COMRAM   BANK0   BANK1   BANK2   BANK3   BANK4   BANK5   BANK6   BANK7
   211 ;;      Params:         2       0       0       0       0       0       0       0       0
   212 ;;      Locals:         1       0       0       0       0       0       0       0       0
   213 ;;      Temps:          0       0       0       0       0       0       0       0       0
   214 ;;      Totals:         3       0       0       0       0       0       0       0       0
   215 ;;Total ram usage:        3 bytes
   216 ;; Hardware stack levels used:    1
   217 ;; Hardware stack levels required when called:    2
   218 ;; This function calls:
   219 ;;		_delay_us
   220 ;; This function is called by:
   221 ;;		_main
   222 ;; This function uses a non-reentrant model
   223 ;;
   224                           
   225                           	psect	text1
   226  007E9E                     __ptext1:
   227                           	opt stack 0
   228  007E9E                     _delay_ms:
   229                           	opt stack 28
   230  007E9E                     
   231                           ;18F4553_STD.c: 47: i = 4;
   232  007E9E  0E04               	movlw	4
   233  007EA0  6E14               	movwf	delay_ms@i,c
   234  007EA2                     l753:
   235                           
   236                           ;18F4553_STD.c: 49: delay_us(250);
   237  007EA2  0E00               	movlw	0
   238  007EA4  6E10               	movwf	delay_us@x+1,c
   239  007EA6  0EFA               	movlw	250
   240  007EA8  6E0F               	movwf	delay_us@x,c
   241  007EAA  EC61  F03F         	call	_delay_us	;wreg free
   242                           
   243                           ;18F4553_STD.c: 50: } while(--i);
   244  007EAE  2E14               	decfsz	delay_ms@i,f,c
   245  007EB0  D7F8               	goto	l753
   246                           
   247                           ;18F4553_STD.c: 51: }while(--ms);
   248  007EB2  0612               	decf	delay_ms@ms,f,c
   249  007EB4  A0D8               	btfss	status,0,c
   250  007EB6  0613               	decf	delay_ms@ms+1,f,c
   251  007EB8  5012               	movf	delay_ms@ms,w,c
   252  007EBA  1013               	iorwf	delay_ms@ms+1,w,c
   253  007EBC  B4D8               	btfsc	status,2,c
   254  007EBE  0012               	return	
   255  007EC0  D7EE               	goto	l751
   256  007EC2                     __end_of_delay_ms:
   257                           	opt stack 0
   258                           status	equ	0xFD8
   259                           
   260 ;; *************** function _delay_us *****************
   261 ;; Defined at:
   262 ;;		line 29 in file "18F4553_STD.c"
   263 ;; Parameters:    Size  Location     Type
   264 ;;  x               2   14[COMRAM] unsigned int 
   265 ;; Auto vars:     Size  Location     Type
   266 ;;  us              1   16[COMRAM] unsigned char 
   267 ;; Return value:  Size  Location     Type
   268 ;;                  1    wreg      void 
   269 ;; Registers used:
   270 ;;		wreg, status,2, status,0, cstack
   271 ;; Tracked objects:
   272 ;;		On entry : 0/0
   273 ;;		On exit  : 0/0
   274 ;;		Unchanged: 0/0
   275 ;; Data sizes:     COMRAM   BANK0   BANK1   BANK2   BANK3   BANK4   BANK5   BANK6   BANK7
   276 ;;      Params:         2       0       0       0       0       0       0       0       0
   277 ;;      Locals:         1       0       0       0       0       0       0       0       0
   278 ;;      Temps:          0       0       0       0       0       0       0       0       0
   279 ;;      Totals:         3       0       0       0       0       0       0       0       0
   280 ;;Total ram usage:        3 bytes
   281 ;; Hardware stack levels used:    1
   282 ;; Hardware stack levels required when called:    1
   283 ;; This function calls:
   284 ;;		___aldiv
   285 ;; This function is called by:
   286 ;;		_delay_ms
   287 ;; This function uses a non-reentrant model
   288 ;;
   289                           
   290                           	psect	text2
   291  007EC2                     __ptext2:
   292                           	opt stack 0
   293  007EC2                     _delay_us:
   294                           	opt stack 28
   295                           
   296                           ;18F4553_STD.c: 31: unsigned char us;
   297                           ;18F4553_STD.c: 32: us = x /(144000000/48000000)|1;
   298                           
   299                           ;incstack = 0
   300  007EC2  C00F  F001         	movff	delay_us@x,___aldiv@dividend
   301  007EC6  C010  F002         	movff	delay_us@x+1,___aldiv@dividend+1
   302  007ECA  6A03               	clrf	___aldiv@dividend+2,c
   303  007ECC  6A04               	clrf	___aldiv@dividend+3,c
   304  007ECE  0E03               	movlw	3
   305  007ED0  6E05               	movwf	___aldiv@divisor,c
   306  007ED2  0E00               	movlw	0
   307  007ED4  6E06               	movwf	___aldiv@divisor+1,c
   308  007ED6  0E00               	movlw	0
   309  007ED8  6E07               	movwf	___aldiv@divisor+2,c
   310  007EDA  0E00               	movlw	0
   311  007EDC  6E08               	movwf	___aldiv@divisor+3,c
   312  007EDE  EC9A  F03F         	call	___aldiv	;wreg free
   313  007EE2  5001               	movf	?___aldiv,w,c
   314  007EE4  0901               	iorlw	1
   315  007EE6  6E11               	movwf	delay_us@us,c
   316  007EE8                     l3:
   317  007EE8  2E11               	decfsz	delay_us@us,f,c
   318  007EEA  D7FE               	goto	l3
   319  007EEC  0012               	return	
   320  007EEE                     __end_of_delay_us:
   321                           	opt stack 0
   322                           status	equ	0xFD8
   323                           
   324 ;; *************** function ___aldiv *****************
   325 ;; Defined at:
   326 ;;		line 8 in file "C:\Program Files (x86)\Microchip\xc8\v1.38\sources\common\aldiv.c"
   327 ;; Parameters:    Size  Location     Type
   328 ;;  dividend        4    0[COMRAM] long 
   329 ;;  divisor         4    4[COMRAM] long 
   330 ;; Auto vars:     Size  Location     Type
   331 ;;  quotient        4   10[COMRAM] long 
   332 ;;  sign            1    9[COMRAM] unsigned char 
   333 ;;  counter         1    8[COMRAM] unsigned char 
   334 ;; Return value:  Size  Location     Type
   335 ;;                  4    0[COMRAM] long 
   336 ;; Registers used:
   337 ;;		wreg, status,2, status,0
   338 ;; Tracked objects:
   339 ;;		On entry : 0/0
   340 ;;		On exit  : 0/0
   341 ;;		Unchanged: 0/0
   342 ;; Data sizes:     COMRAM   BANK0   BANK1   BANK2   BANK3   BANK4   BANK5   BANK6   BANK7
   343 ;;      Params:         8       0       0       0       0       0       0       0       0
   344 ;;      Locals:         6       0       0       0       0       0       0       0       0
   345 ;;      Temps:          0       0       0       0       0       0       0       0       0
   346 ;;      Totals:        14       0       0       0       0       0       0       0       0
   347 ;;Total ram usage:       14 bytes
   348 ;; Hardware stack levels used:    1
   349 ;; This function calls:
   350 ;;		Nothing
   351 ;; This function is called by:
   352 ;;		_delay_us
   353 ;; This function uses a non-reentrant model
   354 ;;
   355                           
   356                           	psect	text3
   357  007F34                     __ptext3:
   358                           	opt stack 0
   359  007F34                     ___aldiv:
   360                           	opt stack 28
   361                           
   362                           ;incstack = 0
   363  007F34  0E00               	movlw	0
   364  007F36  6E0A               	movwf	___aldiv@sign,c
   365  007F38  AE08               	btfss	___aldiv@divisor+3,7,c
   366  007F3A  D00A               	goto	l713
   367  007F3C  1E08               	comf	___aldiv@divisor+3,f,c
   368  007F3E  1E07               	comf	___aldiv@divisor+2,f,c
   369  007F40  1E06               	comf	___aldiv@divisor+1,f,c
   370  007F42  6C05               	negf	___aldiv@divisor,c
   371  007F44  0E00               	movlw	0
   372  007F46  2206               	addwfc	___aldiv@divisor+1,f,c
   373  007F48  2207               	addwfc	___aldiv@divisor+2,f,c
   374  007F4A  2208               	addwfc	___aldiv@divisor+3,f,c
   375  007F4C  0E01               	movlw	1
   376  007F4E  6E0A               	movwf	___aldiv@sign,c
   377  007F50                     l713:
   378  007F50  AE04               	btfss	___aldiv@dividend+3,7,c
   379  007F52  D00A               	goto	l719
   380  007F54  1E04               	comf	___aldiv@dividend+3,f,c
   381  007F56  1E03               	comf	___aldiv@dividend+2,f,c
   382  007F58  1E02               	comf	___aldiv@dividend+1,f,c
   383  007F5A  6C01               	negf	___aldiv@dividend,c
   384  007F5C  0E00               	movlw	0
   385  007F5E  2202               	addwfc	___aldiv@dividend+1,f,c
   386  007F60  2203               	addwfc	___aldiv@dividend+2,f,c
   387  007F62  2204               	addwfc	___aldiv@dividend+3,f,c
   388  007F64  0E01               	movlw	1
   389  007F66  1A0A               	xorwf	___aldiv@sign,f,c
   390  007F68                     l719:
   391  007F68  0E00               	movlw	0
   392  007F6A  6E0B               	movwf	___aldiv@quotient,c
   393  007F6C  0E00               	movlw	0
   394  007F6E  6E0C               	movwf	___aldiv@quotient+1,c
   395  007F70  0E00               	movlw	0
   396  007F72  6E0D               	movwf	___aldiv@quotient+2,c
   397  007F74  0E00               	movlw	0
   398  007F76  6E0E               	movwf	___aldiv@quotient+3,c
   399  007F78  5005               	movf	___aldiv@divisor,w,c
   400  007F7A  1006               	iorwf	___aldiv@divisor+1,w,c
   401  007F7C  1007               	iorwf	___aldiv@divisor+2,w,c
   402  007F7E  1008               	iorwf	___aldiv@divisor+3,w,c
   403  007F80  B4D8               	btfsc	status,2,c
   404  007F82  D02A               	goto	l741
   405  007F84  0E01               	movlw	1
   406  007F86  6E09               	movwf	___aldiv@counter,c
   407  007F88  D006               	goto	l727
   408  007F8A                     l725:
   409  007F8A  90D8               	bcf	status,0,c
   410  007F8C  3605               	rlcf	___aldiv@divisor,f,c
   411  007F8E  3606               	rlcf	___aldiv@divisor+1,f,c
   412  007F90  3607               	rlcf	___aldiv@divisor+2,f,c
   413  007F92  3608               	rlcf	___aldiv@divisor+3,f,c
   414  007F94  2A09               	incf	___aldiv@counter,f,c
   415  007F96                     l727:
   416  007F96  AE08               	btfss	___aldiv@divisor+3,7,c
   417  007F98  D7F8               	goto	l725
   418  007F9A                     l729:
   419  007F9A  90D8               	bcf	status,0,c
   420  007F9C  360B               	rlcf	___aldiv@quotient,f,c
   421  007F9E  360C               	rlcf	___aldiv@quotient+1,f,c
   422  007FA0  360D               	rlcf	___aldiv@quotient+2,f,c
   423  007FA2  360E               	rlcf	___aldiv@quotient+3,f,c
   424  007FA4  5005               	movf	___aldiv@divisor,w,c
   425  007FA6  5C01               	subwf	___aldiv@dividend,w,c
   426  007FA8  5006               	movf	___aldiv@divisor+1,w,c
   427  007FAA  5802               	subwfb	___aldiv@dividend+1,w,c
   428  007FAC  5007               	movf	___aldiv@divisor+2,w,c
   429  007FAE  5803               	subwfb	___aldiv@dividend+2,w,c
   430  007FB0  5008               	movf	___aldiv@divisor+3,w,c
   431  007FB2  5804               	subwfb	___aldiv@dividend+3,w,c
   432  007FB4  A0D8               	btfss	status,0,c
   433  007FB6  D009               	goto	l737
   434  007FB8  5005               	movf	___aldiv@divisor,w,c
   435  007FBA  5E01               	subwf	___aldiv@dividend,f,c
   436  007FBC  5006               	movf	___aldiv@divisor+1,w,c
   437  007FBE  5A02               	subwfb	___aldiv@dividend+1,f,c
   438  007FC0  5007               	movf	___aldiv@divisor+2,w,c
   439  007FC2  5A03               	subwfb	___aldiv@dividend+2,f,c
   440  007FC4  5008               	movf	___aldiv@divisor+3,w,c
   441  007FC6  5A04               	subwfb	___aldiv@dividend+3,f,c
   442  007FC8  800B               	bsf	___aldiv@quotient,0,c
   443  007FCA                     l737:
   444  007FCA  90D8               	bcf	status,0,c
   445  007FCC  3208               	rrcf	___aldiv@divisor+3,f,c
   446  007FCE  3207               	rrcf	___aldiv@divisor+2,f,c
   447  007FD0  3206               	rrcf	___aldiv@divisor+1,f,c
   448  007FD2  3205               	rrcf	___aldiv@divisor,f,c
   449  007FD4  2E09               	decfsz	___aldiv@counter,f,c
   450  007FD6  D7E1               	goto	l729
   451  007FD8                     l741:
   452  007FD8  500A               	movf	___aldiv@sign,w,c
   453  007FDA  B4D8               	btfsc	status,2,c
   454  007FDC  D008               	goto	l745
   455  007FDE  1E0E               	comf	___aldiv@quotient+3,f,c
   456  007FE0  1E0D               	comf	___aldiv@quotient+2,f,c
   457  007FE2  1E0C               	comf	___aldiv@quotient+1,f,c
   458  007FE4  6C0B               	negf	___aldiv@quotient,c
   459  007FE6  0E00               	movlw	0
   460  007FE8  220C               	addwfc	___aldiv@quotient+1,f,c
   461  007FEA  220D               	addwfc	___aldiv@quotient+2,f,c
   462  007FEC  220E               	addwfc	___aldiv@quotient+3,f,c
   463  007FEE                     l745:
   464  007FEE  C00B  F001         	movff	___aldiv@quotient,?___aldiv
   465  007FF2  C00C  F002         	movff	___aldiv@quotient+1,?___aldiv+1
   466  007FF6  C00D  F003         	movff	___aldiv@quotient+2,?___aldiv+2
   467  007FFA  C00E  F004         	movff	___aldiv@quotient+3,?___aldiv+3
   468  007FFE  0012               	return	
   469  008000                     __end_of___aldiv:
   470                           	opt stack 0
   471  0000                     status	equ	0xFD8
   472                           status	equ	0xFD8
   473                           
   474                           	psect	rparam
   475  0000                     status	equ	0xFD8


Data Sizes:
    Strings     0
    Constant    0
    Data        0
    BSS         0
    Persistent  0
    Stack       0

Auto Spaces:
    Space          Size  Autos    Used
    COMRAM           95     22      22
    BANK0           160      0       0
    BANK1           256      0       0
    BANK2           256      0       0
    BANK3           256      0       0
    BANK4           256      0       0
    BANK5           256      0       0
    BANK6           256      0       0
    BANK7           256      0       0

Pointer List with Targets:

    None.

Critical Paths under _main in COMRAM

    _main->_delay_ms
    _delay_ms->_delay_us
    _delay_us->___aldiv

Critical Paths under _main in BANK0

    None.

Critical Paths under _main in BANK1

    None.

Critical Paths under _main in BANK2

    None.

Critical Paths under _main in BANK3

    None.

Critical Paths under _main in BANK4

    None.

Critical Paths under _main in BANK5

    None.

Critical Paths under _main in BANK6

    None.

Critical Paths under _main in BANK7

    None.

Call Graph Tables:

 ---------------------------------------------------------------------------------
 (Depth) Function   	        Calls       Base Space   Used Autos Params    Refs
 ---------------------------------------------------------------------------------
 (0) _main                                                 2     2      0     630
                                             20 COMRAM     2     2      0
                           _delay_ms
 ---------------------------------------------------------------------------------
 (1) _delay_ms                                             3     1      2     562
                                             17 COMRAM     3     1      2
                           _delay_us
 ---------------------------------------------------------------------------------
 (2) _delay_us                                             3     1      2     474
                                             14 COMRAM     3     1      2
                            ___aldiv
 ---------------------------------------------------------------------------------
 (3) ___aldiv                                             14     6      8     386
                                              0 COMRAM    14     6      8
 ---------------------------------------------------------------------------------
 Estimated maximum stack depth 3
 ---------------------------------------------------------------------------------

 Call Graph Graphs:

 _main (ROOT)
   _delay_ms
     _delay_us
       ___aldiv

 Address spaces:
Name               Size   Autos  Total    Cost      Usage
BITCOMRAM           5F      0       0       0        0.0%
EEDATA             100      0       0       0        0.0%
NULL                 0      0       0       0        0.0%
CODE                 0      0       0       0        0.0%
COMRAM              5F     16      16       1       23.2%
STACK                0      0       0       2        0.0%
DATA                 0      0       0       3        0.0%
BITBANK0            A0      0       0       4        0.0%
BANK0               A0      0       0       5        0.0%
BITBANK1           100      0       0       6        0.0%
BANK1              100      0       0       7        0.0%
BITBANK2           100      0       0       8        0.0%
BANK2              100      0       0       9        0.0%
BITBANK3           100      0       0      10        0.0%
BANK3              100      0       0      11        0.0%
BITBANK4           100      0       0      12        0.0%
BANK4              100      0       0      13        0.0%
BITBANK5           100      0       0      14        0.0%
BANK5              100      0       0      15        0.0%
BITBANK6           100      0       0      16        0.0%
BANK6              100      0       0      17        0.0%
BITBANK7           100      0       0      18        0.0%
BANK7              100      0       0      19        0.0%
ABS                  0      0       0      20        0.0%
BIGRAM             7FF      0       0      21        0.0%
BITSFR               0      0       0      40        0.0%
SFR                  0      0       0      40        0.0%


Microchip Technology PIC18 Macro Assembler V1.38 build -256452561 
Symbol Table                                                                                   Fri Sep 07 21:49:09 2018

                      l3 7EE8                       l32 7F06                       l33 7F1E  
            __CFG_BOR$ON 000000              __CFG_BORV$3 000000                      l713 7F50  
                    l725 7F8A                      l741 7FD8                      l727 7F96  
                    l719 7F68                      l751 7E9E                      l745 7FEE  
                    l737 7FCA                      l729 7F9A                      l753 7EA2  
                    l765 7F0E                      _PR2 000FCB             __CFG_LVP$OFF 000000  
           __CFG_WDT$OFF 000000                     _TMR2 000FCC             __CFG_PWRT$ON 000000  
           __CFG_WRTC$ON 000000                     _main 7EEE                     start 0000  
          __CFG_IESO$OFF 000000            __CFG_MCLRE$ON 000000             ___param_bank 000010  
          __CFG_PLLDIV$4 000000           __CFG_CCP2MX$ON 000000          __end_of___aldiv 8000  
                  ?_main 0001                    _T2CON 000FCA           __CFG_DEBUG$OFF 000000  
          __CFG_WRTD$OFF 000000                    main@i 0015                    status 000FD8  
        __initialization 7E98             __end_of_main 7F34                   ??_main 0015  
          __activetblptr 000000                   _CCPR1L 000FBE           __CFG_WDTPS$128 000000  
                 _TMR2ON 007E52                   _TRISC2 007CA2           __CFG_VREGEN$ON 000000  
       __end_of_delay_ms 7EC2         __end_of_delay_us 7EEE                ??___aldiv 0009  
             __accesstop 0060  __end_of__initialization 7E98          __CFG_PBADEN$OFF 000000  
          ___rparam_used 000001           __pcstackCOMRAM 0001                  _CCP1CON 000FBD  
              ?_delay_ms 0012                ?_delay_us 000F                  __Hparam 0000  
                __Lparam 0000                  ___aldiv 7F34          __CFG_STVREN$OFF 000000  
                __pcinit 7E98                  __ramtop 0800                  __ptext0 7EEE  
                __ptext1 7E9E                  __ptext2 7EC2                  __ptext3 7F34  
       ___aldiv@dividend 0001               ??_delay_ms 0014               ??_delay_us 0011  
             delay_ms@ms 0012     end_of_initialization 7E98               delay_us@us 0011  
       ___aldiv@quotient 000B      start_initialization 7E98         __CFG_LPT1OSC$OFF 000000  
      __size_of_delay_ms 0024        __size_of_delay_us 002C                 ?___aldiv 0001  
        ___aldiv@divisor 0005          ___aldiv@counter 0009                delay_ms@i 0014  
              delay_us@x 000F                 __Hrparam 0000                 __Lrparam 0000  
       __size_of___aldiv 00CC                 _delay_ms 7E9E                 _delay_us 7EC2  
          __size_of_main 0046    __CFG_CPUDIV$OSC1_PLL2 000000             ___aldiv@sign 000A  
     __CFG_FOSC$HSPLL_HS 000000  
