

Microchip Technology PIC18 LITE Macro Assembler V1.38 build -256452561 
                                                                                               Fri Sep 07 16:24:28 2018

Microchip Technology Omniscient Code Generator v1.38 (Free mode) build 201607010351
     1                           	processor	18F4553
     2                           	fnconf	rparam,??,?,0
     3                           	opt	pw 120
     4                           	opt	lm
     5                           	psect	cinit,global,reloc=2,class=CODE,delta=1
     6                           	psect	bssCOMRAM,global,class=COMRAM,space=1,delta=1
     7                           	psect	cstackCOMRAM,global,class=COMRAM,space=1,delta=1
     8                           	psect	text0,global,reloc=2,class=CODE,delta=1
     9                           	psect	text1,global,reloc=2,class=CODE,delta=1
    10                           	psect	intcode,global,reloc=2,class=CODE,delta=1
    11                           	psect	intcode_body,global,reloc=2,class=CODE,delta=1
    12                           	psect	intsave_regs,global,class=BIGRAM,space=1,delta=1
    13                           	psect	rparam,global,class=COMRAM,space=1,delta=1
    14                           	psect	temp,global,ovrld,common,class=COMRAM,space=1,delta=1
    15  0000                     _TMR0	set	4054
    16  0000                     _INTCONbits	set	4082
    17  0000                     _LATDbits	set	3980
    18  0000                     _RCONbits	set	4048
    19  0000                     _T0CONbits	set	4053
    20  0000                     _TRISDbits	set	3989
    21  0000                     _GIE	set	32663
    22                           
    23                           ; #config settings
    24  0000                     
    25                           	psect	cinit
    26  0000CE                     __pcinit:
    27                           	opt stack 0
    28  0000CE                     start_initialization:
    29                           	opt stack 0
    30  0000CE                     __initialization:
    31                           	opt stack 0
    32                           
    33                           ; Clear objects allocated to COMRAM (2 bytes)
    34  0000CE  6A10               	clrf	(__pbssCOMRAM+1)& (0+255),c
    35  0000D0  6A0F               	clrf	__pbssCOMRAM& (0+255),c
    36  0000D2                     end_of_initialization:
    37                           	opt stack 0
    38  0000D2                     __end_of__initialization:
    39                           	opt stack 0
    40  0000D2  9011               	bcf	int$flags,0,c	;clear compiler interrupt flag (level 1)
    41  0000D4  9211               	bcf	int$flags,1,c	;clear compiler interrupt flag (level 2)
    42  0000D6  0100               	movlb	0
    43  0000D8  EF6E  F000         	goto	_main	;jump to C main() function
    44                           
    45                           	psect	bssCOMRAM
    46  00000F                     __pbssCOMRAM:
    47                           	opt stack 0
    48  00000F                     TMR0_ISR@count:
    49                           	opt stack 0
    50  00000F                     	ds	2
    51                           
    52                           	psect	cstackCOMRAM
    53  000001                     __pcstackCOMRAM:
    54                           	opt stack 0
    55  000001                     ??_TMR0_ISR:
    56                           
    57                           ; 1 bytes @ 0x0
    58  000001                     	ds	14
    59  00000F                     
    60                           ; 1 bytes @ 0xE
    61 ;;
    62 ;;Main: autosize = 0, tempsize = 0, incstack = 0, save=0
    63 ;;
    64 ;; *************** function _main *****************
    65 ;; Defined at:
    66 ;;		line 78 in file "Main.c"
    67 ;; Parameters:    Size  Location     Type
    68 ;;		None
    69 ;; Auto vars:     Size  Location     Type
    70 ;;		None
    71 ;; Return value:  Size  Location     Type
    72 ;;                  1    wreg      void 
    73 ;; Registers used:
    74 ;;		wreg, status,2, cstack
    75 ;; Tracked objects:
    76 ;;		On entry : 0/0
    77 ;;		On exit  : 0/0
    78 ;;		Unchanged: 0/0
    79 ;; Data sizes:     COMRAM   BANK0   BANK1   BANK2   BANK3   BANK4   BANK5   BANK6   BANK7
    80 ;;      Params:         0       0       0       0       0       0       0       0       0
    81 ;;      Locals:         0       0       0       0       0       0       0       0       0
    82 ;;      Temps:          0       0       0       0       0       0       0       0       0
    83 ;;      Totals:         0       0       0       0       0       0       0       0       0
    84 ;;Total ram usage:        0 bytes
    85 ;; Hardware stack levels required when called:    2
    86 ;; This function calls:
    87 ;;		_initMain
    88 ;; This function is called by:
    89 ;;		Startup code after reset
    90 ;; This function uses a non-reentrant model
    91 ;;
    92                           
    93                           	psect	text0
    94  0000DC                     __ptext0:
    95                           	opt stack 0
    96  0000DC                     _main:
    97                           	opt stack 29
    98                           
    99                           ;Main.c: 80: initMain();
   100                           
   101                           ;incstack = 0
   102  0000DC  EC57  F000         	call	_initMain	;wreg free
   103  0000E0                     l20:
   104                           
   105                           ;Main.c: 84: {
   106  0000E0  D7FF               	goto	l20
   107  0000E2                     __end_of_main:
   108                           	opt stack 0
   109                           
   110 ;; *************** function _initMain *****************
   111 ;; Defined at:
   112 ;;		line 34 in file "Main.c"
   113 ;; Parameters:    Size  Location     Type
   114 ;;		None
   115 ;; Auto vars:     Size  Location     Type
   116 ;;		None
   117 ;; Return value:  Size  Location     Type
   118 ;;                  1    wreg      void 
   119 ;; Registers used:
   120 ;;		wreg, status,2
   121 ;; Tracked objects:
   122 ;;		On entry : 0/0
   123 ;;		On exit  : 0/0
   124 ;;		Unchanged: 0/0
   125 ;; Data sizes:     COMRAM   BANK0   BANK1   BANK2   BANK3   BANK4   BANK5   BANK6   BANK7
   126 ;;      Params:         0       0       0       0       0       0       0       0       0
   127 ;;      Locals:         0       0       0       0       0       0       0       0       0
   128 ;;      Temps:          0       0       0       0       0       0       0       0       0
   129 ;;      Totals:         0       0       0       0       0       0       0       0       0
   130 ;;Total ram usage:        0 bytes
   131 ;; Hardware stack levels used:    1
   132 ;; Hardware stack levels required when called:    1
   133 ;; This function calls:
   134 ;;		Nothing
   135 ;; This function is called by:
   136 ;;		_main
   137 ;; This function uses a non-reentrant model
   138 ;;
   139                           
   140                           	psect	text1
   141  0000AE                     __ptext1:
   142                           	opt stack 0
   143  0000AE                     _initMain:
   144                           	opt stack 29
   145                           
   146                           ;Main.c: 41: TRISDbits.TRISD0 = 0;
   147                           
   148                           ;incstack = 0
   149  0000AE  9095               	bcf	3989,0,c	;volatile
   150                           
   151                           ;Main.c: 48: T0CONbits.T0CS = 0;
   152  0000B0  9AD5               	bcf	4053,5,c	;volatile
   153                           
   154                           ;Main.c: 51: T0CONbits.PSA = 0;
   155  0000B2  96D5               	bcf	4053,3,c	;volatile
   156                           
   157                           ;Main.c: 54: T0CONbits.T0PS0 = 1;
   158  0000B4  80D5               	bsf	4053,0,c	;volatile
   159                           
   160                           ;Main.c: 55: T0CONbits.T0PS1 = 1;
   161  0000B6  82D5               	bsf	4053,1,c	;volatile
   162                           
   163                           ;Main.c: 56: T0CONbits.T0PS2 = 1;
   164  0000B8  84D5               	bsf	4053,2,c	;volatile
   165                           
   166                           ;Main.c: 59: TMR0 = 0;
   167  0000BA  0E00               	movlw	0
   168  0000BC  6ED7               	movwf	4055,c	;volatile
   169  0000BE  0E00               	movlw	0
   170  0000C0  6ED6               	movwf	4054,c	;volatile
   171                           
   172                           ;Main.c: 60: RCONbits.IPEN = 1;
   173  0000C2  8ED0               	bsf	4048,7,c	;volatile
   174                           
   175                           ;Main.c: 61: GIE = 1;
   176  0000C4  8EF2               	bsf	intcon,7,c	;volatile
   177                           
   178                           ;Main.c: 62: INTCONbits.PEIE = 1;
   179  0000C6  8CF2               	bsf	intcon,6,c	;volatile
   180                           
   181                           ;Main.c: 65: INTCONbits.TMR0IE = 1;
   182  0000C8  8AF2               	bsf	intcon,5,c	;volatile
   183                           
   184                           ;Main.c: 66: INTCONbits.TMR0IF = 0;
   185  0000CA  94F2               	bcf	intcon,2,c	;volatile
   186  0000CC  0012               	return		;funcret
   187  0000CE                     __end_of_initMain:
   188                           	opt stack 0
   189                           intcon	equ	0xFF2
   190                           
   191 ;; *************** function _TMR0_ISR *****************
   192 ;; Defined at:
   193 ;;		line 100 in file "Main.c"
   194 ;; Parameters:    Size  Location     Type
   195 ;;		None
   196 ;; Auto vars:     Size  Location     Type
   197 ;;		None
   198 ;; Return value:  Size  Location     Type
   199 ;;                  1    wreg      void 
   200 ;; Registers used:
   201 ;;		wreg, status,2, status,0
   202 ;; Tracked objects:
   203 ;;		On entry : 0/0
   204 ;;		On exit  : 0/0
   205 ;;		Unchanged: 0/0
   206 ;; Data sizes:     COMRAM   BANK0   BANK1   BANK2   BANK3   BANK4   BANK5   BANK6   BANK7
   207 ;;      Params:         0       0       0       0       0       0       0       0       0
   208 ;;      Locals:         0       0       0       0       0       0       0       0       0
   209 ;;      Temps:         14       0       0       0       0       0       0       0       0
   210 ;;      Totals:        14       0       0       0       0       0       0       0       0
   211 ;;Total ram usage:       14 bytes
   212 ;; Hardware stack levels used:    1
   213 ;; This function calls:
   214 ;;		Nothing
   215 ;; This function is called by:
   216 ;;		Interrupt level 2
   217 ;; This function uses a non-reentrant model
   218 ;;
   219                           
   220                           	psect	intcode
   221  000008                     __pintcode:
   222                           	opt stack 0
   223  000008                     _TMR0_ISR:
   224                           	opt stack 29
   225                           
   226                           ;incstack = 0
   227  000008  8211               	bsf	btemp,1,c	;set compiler interrupt flag (level 2)
   228  00000A  CFFA F001          	movff	pclath,??_TMR0_ISR
   229  00000E  CFFB F002          	movff	pclatu,??_TMR0_ISR+1
   230  000012  ED0D  F000         	call	int_func,f	;refresh shadow registers
   231                           pclatu	equ	0xFFB
   232                           pclath	equ	0xFFA
   233                           intcon	equ	0xFF2
   234                           
   235                           	psect	intcode_body
   236  00001A                     __pintcode_body:
   237                           	opt stack 29
   238  00001A                     int_func:
   239                           	opt stack 29
   240  00001A  0006               	pop		; remove dummy address from shadow register refresh
   241  00001C  CFE9 F003          	movff	fsr0l,??_TMR0_ISR+2
   242  000020  CFEA F004          	movff	fsr0h,??_TMR0_ISR+3
   243  000024  CFE1 F005          	movff	fsr1l,??_TMR0_ISR+4
   244  000028  CFE2 F006          	movff	fsr1h,??_TMR0_ISR+5
   245  00002C  CFD9 F007          	movff	fsr2l,??_TMR0_ISR+6
   246  000030  CFDA F008          	movff	fsr2h,??_TMR0_ISR+7
   247  000034  CFF3 F009          	movff	prodl,??_TMR0_ISR+8
   248  000038  CFF4 F00A          	movff	prodh,??_TMR0_ISR+9
   249  00003C  CFF6 F00B          	movff	tblptrl,??_TMR0_ISR+10
   250  000040  CFF7 F00C          	movff	tblptrh,??_TMR0_ISR+11
   251  000044  CFF8 F00D          	movff	tblptru,??_TMR0_ISR+12
   252  000048  CFF5 F00E          	movff	tablat,??_TMR0_ISR+13
   253                           
   254                           ;Main.c: 102: static int count = 0;
   255                           ;Main.c: 108: INTCONbits.TMR0IF = 0;
   256  00004C  94F2               	bcf	intcon,2,c	;volatile
   257                           
   258                           ;Main.c: 110: TMR0 = 0;
   259  00004E  0E00               	movlw	0
   260  000050  6ED7               	movwf	4055,c	;volatile
   261  000052  0E00               	movlw	0
   262  000054  6ED6               	movwf	4054,c	;volatile
   263                           
   264                           ;Main.c: 113: count++;
   265  000056  4A0F               	infsnz	TMR0_ISR@count,f,c
   266  000058  2A10               	incf	TMR0_ISR@count+1,f,c
   267                           
   268                           ;Main.c: 122: if (count == 183){
   269  00005A  0EB7               	movlw	183
   270  00005C  180F               	xorwf	TMR0_ISR@count,w,c
   271  00005E  1010               	iorwf	TMR0_ISR@count+1,w,c
   272  000060  A4D8               	btfss	status,2,c
   273  000062  D006               	goto	i2l28
   274                           
   275                           ;Main.c: 123: LATDbits.LATD0 = 1;
   276  000064  808C               	bsf	3980,0,c	;volatile
   277                           
   278                           ;Main.c: 124: count = 0;
   279  000066  0E00               	movlw	0
   280  000068  6E10               	movwf	TMR0_ISR@count+1,c
   281  00006A  0E00               	movlw	0
   282  00006C  6E0F               	movwf	TMR0_ISR@count,c
   283                           
   284                           ;Main.c: 125: }
   285  00006E  D001               	goto	i2l30
   286  000070                     i2l28:
   287                           
   288                           ;Main.c: 128: else {
   289                           ;Main.c: 129: LATDbits.LATD0 = 0;
   290  000070  908C               	bcf	3980,0,c	;volatile
   291  000072                     i2l30:
   292  000072  C00E  FFF5         	movff	??_TMR0_ISR+13,tablat
   293  000076  C00D  FFF8         	movff	??_TMR0_ISR+12,tblptru
   294  00007A  C00C  FFF7         	movff	??_TMR0_ISR+11,tblptrh
   295  00007E  C00B  FFF6         	movff	??_TMR0_ISR+10,tblptrl
   296  000082  C00A  FFF4         	movff	??_TMR0_ISR+9,prodh
   297  000086  C009  FFF3         	movff	??_TMR0_ISR+8,prodl
   298  00008A  C008  FFDA         	movff	??_TMR0_ISR+7,fsr2h
   299  00008E  C007  FFD9         	movff	??_TMR0_ISR+6,fsr2l
   300  000092  C006  FFE2         	movff	??_TMR0_ISR+5,fsr1h
   301  000096  C005  FFE1         	movff	??_TMR0_ISR+4,fsr1l
   302  00009A  C004  FFEA         	movff	??_TMR0_ISR+3,fsr0h
   303  00009E  C003  FFE9         	movff	??_TMR0_ISR+2,fsr0l
   304  0000A2  C002  FFFB         	movff	??_TMR0_ISR+1,pclatu
   305  0000A6  C001  FFFA         	movff	??_TMR0_ISR,pclath
   306  0000AA  9211               	bcf	btemp,1,c	;clear compiler interrupt flag (level 2)
   307  0000AC  0011               	retfie		f
   308  0000AE                     __end_of_TMR0_ISR:
   309                           	opt stack 0
   310  0000                     pclatu	equ	0xFFB
   311                           pclath	equ	0xFFA
   312                           tblptru	equ	0xFF8
   313                           tblptrh	equ	0xFF7
   314                           tblptrl	equ	0xFF6
   315                           tablat	equ	0xFF5
   316                           prodh	equ	0xFF4
   317                           prodl	equ	0xFF3
   318                           intcon	equ	0xFF2
   319                           fsr0h	equ	0xFEA
   320                           fsr0l	equ	0xFE9
   321                           fsr1h	equ	0xFE2
   322                           fsr1l	equ	0xFE1
   323                           fsr2h	equ	0xFDA
   324                           fsr2l	equ	0xFD9
   325                           status	equ	0xFD8
   326                           pclatu	equ	0xFFB
   327                           pclath	equ	0xFFA
   328                           tblptru	equ	0xFF8
   329                           tblptrh	equ	0xFF7
   330                           tblptrl	equ	0xFF6
   331                           tablat	equ	0xFF5
   332                           prodh	equ	0xFF4
   333                           prodl	equ	0xFF3
   334                           intcon	equ	0xFF2
   335                           fsr0h	equ	0xFEA
   336                           fsr0l	equ	0xFE9
   337                           fsr1h	equ	0xFE2
   338                           fsr1l	equ	0xFE1
   339                           fsr2h	equ	0xFDA
   340                           fsr2l	equ	0xFD9
   341                           status	equ	0xFD8
   342                           
   343                           	psect	rparam
   344  0000                     pclatu	equ	0xFFB
   345                           pclath	equ	0xFFA
   346                           tblptru	equ	0xFF8
   347                           tblptrh	equ	0xFF7
   348                           tblptrl	equ	0xFF6
   349                           tablat	equ	0xFF5
   350                           prodh	equ	0xFF4
   351                           prodl	equ	0xFF3
   352                           intcon	equ	0xFF2
   353                           fsr0h	equ	0xFEA
   354                           fsr0l	equ	0xFE9
   355                           fsr1h	equ	0xFE2
   356                           fsr1l	equ	0xFE1
   357                           fsr2h	equ	0xFDA
   358                           fsr2l	equ	0xFD9
   359                           status	equ	0xFD8
   360                           
   361                           	psect	temp
   362  000011                     btemp:
   363                           	opt stack 0
   364  000011                     	ds	1
   365  0000                     int$flags	set	btemp
   366                           pclatu	equ	0xFFB
   367                           pclath	equ	0xFFA
   368                           tblptru	equ	0xFF8
   369                           tblptrh	equ	0xFF7
   370                           tblptrl	equ	0xFF6
   371                           tablat	equ	0xFF5
   372                           prodh	equ	0xFF4
   373                           prodl	equ	0xFF3
   374                           intcon	equ	0xFF2
   375                           fsr0h	equ	0xFEA
   376                           fsr0l	equ	0xFE9
   377                           fsr1h	equ	0xFE2
   378                           fsr1l	equ	0xFE1
   379                           fsr2h	equ	0xFDA
   380                           fsr2l	equ	0xFD9
   381                           status	equ	0xFD8


Data Sizes:
    Strings     0
    Constant    0
    Data        0
    BSS         2
    Persistent  0
    Stack       0

Auto Spaces:
    Space          Size  Autos    Used
    COMRAM           94     14      16
    BANK0           160      0       0
    BANK1           256      0       0
    BANK2           256      0       0
    BANK3           256      0       0
    BANK4           256      0       0
    BANK5           256      0       0
    BANK6           256      0       0
    BANK7           256      0       0

Pointer List with Targets:

    None.

Critical Paths under _main in COMRAM

    None.

Critical Paths under _TMR0_ISR in COMRAM

    None.

Critical Paths under _main in BANK0

    None.

Critical Paths under _TMR0_ISR in BANK0

    None.

Critical Paths under _main in BANK1

    None.

Critical Paths under _TMR0_ISR in BANK1

    None.

Critical Paths under _main in BANK2

    None.

Critical Paths under _TMR0_ISR in BANK2

    None.

Critical Paths under _main in BANK3

    None.

Critical Paths under _TMR0_ISR in BANK3

    None.

Critical Paths under _main in BANK4

    None.

Critical Paths under _TMR0_ISR in BANK4

    None.

Critical Paths under _main in BANK5

    None.

Critical Paths under _TMR0_ISR in BANK5

    None.

Critical Paths under _main in BANK6

    None.

Critical Paths under _TMR0_ISR in BANK6

    None.

Critical Paths under _main in BANK7

    None.

Critical Paths under _TMR0_ISR in BANK7

    None.

Call Graph Tables:

 ---------------------------------------------------------------------------------
 (Depth) Function   	        Calls       Base Space   Used Autos Params    Refs
 ---------------------------------------------------------------------------------
 (0) _main                                                 0     0      0       0
                           _initMain
 ---------------------------------------------------------------------------------
 (1) _initMain                                             0     0      0       0
 ---------------------------------------------------------------------------------
 Estimated maximum stack depth 1
 ---------------------------------------------------------------------------------
 (Depth) Function   	        Calls       Base Space   Used Autos Params    Refs
 ---------------------------------------------------------------------------------
 (2) _TMR0_ISR                                            14    14      0       0
                                              0 COMRAM    14    14      0
 ---------------------------------------------------------------------------------
 Estimated maximum stack depth 2
 ---------------------------------------------------------------------------------

 Call Graph Graphs:

 _main (ROOT)
   _initMain

 _TMR0_ISR (ROOT)

 Address spaces:
Name               Size   Autos  Total    Cost      Usage
BIGRAM             7FF      0       0      21        0.0%
EEDATA             100      0       0       0        0.0%
BITBANK7           100      0       0      18        0.0%
BANK7              100      0       0      19        0.0%
BITBANK6           100      0       0      16        0.0%
BANK6              100      0       0      17        0.0%
BITBANK5           100      0       0      14        0.0%
BANK5              100      0       0      15        0.0%
BITBANK4           100      0       0      12        0.0%
BANK4              100      0       0      13        0.0%
BITBANK3           100      0       0      10        0.0%
BANK3              100      0       0      11        0.0%
BITBANK2           100      0       0       8        0.0%
BANK2              100      0       0       9        0.0%
BITBANK1           100      0       0       6        0.0%
BANK1              100      0       0       7        0.0%
BITBANK0            A0      0       0       4        0.0%
BANK0               A0      0       0       5        0.0%
BITCOMRAM           5E      0       0       0        0.0%
COMRAM              5E      E      10       1       17.0%
BITSFR               0      0       0      40        0.0%
SFR                  0      0       0      40        0.0%
STACK                0      0       0       2        0.0%
NULL                 0      0       0       0        0.0%
ABS                  0      0      10      20        0.0%
DATA                 0      0      10       3        0.0%
CODE                 0      0       0       0        0.0%


Microchip Technology PIC18 Macro Assembler V1.38 build -256452561 
Symbol Table                                                                                   Fri Sep 07 16:24:28 2018

                     l20 00E0              __CFG_BOR$ON 000000              __CFG_BORV$3 000000  
                    _GIE 007F97             __CFG_LVP$OFF 000000             __CFG_WDT$OFF 000000  
                   i2l30 0072                     i2l28 0070                     _TMR0 000FD6  
           __CFG_PWRT$ON 000000             __CFG_WRTC$ON 000000                     _main 00DC  
                   fsr0h 000FEA                     fsr1h 000FE2                     fsr0l 000FE9  
                   fsr2h 000FDA                     fsr1l 000FE1                     fsr2l 000FD9  
                   btemp 0011                     pclat 000FFA                     prodh 000FF4  
                   prodl 000FF3                     start 0016            __CFG_IESO$OFF 000000  
          __CFG_MCLRE$ON 000000             ___param_bank 000010            __CFG_PLLDIV$4 000000  
         __CFG_CCP2MX$ON 000000                    ?_main 0001           __CFG_DEBUG$OFF 000000  
       __end_of_TMR0_ISR 00AE            __CFG_WRTD$OFF 000000                    tablat 000FF5  
                  status 000FD8          __initialization 00CE             __end_of_main 00E2  
                 ??_main 000F            __activetblptr 000000           __CFG_WDTPS$128 000000  
         __CFG_VREGEN$ON 000000         __end_of_initMain 00CE                   tblptrh 000FF7  
                 tblptrl 000FF6                   tblptru 000FF8               __accesstop 0060  
__end_of__initialization 00D2          __CFG_PBADEN$OFF 000000            ___rparam_used 000001  
         __pcstackCOMRAM 0001                ?_TMR0_ISR 0001               ??_TMR0_ISR 0001  
              ?_initMain 0001                  __Hparam 0000                  __Lparam 0000  
        __CFG_STVREN$OFF 000000                  __pcinit 00CE                  __ramtop 0800  
                __ptext0 00DC                  __ptext1 00AE                _T0CONbits 000FD5  
         __pintcode_body 001A     end_of_initialization 00D2               ??_initMain 000F  
                int_func 001A                _TRISDbits 000F95        __size_of_TMR0_ISR 00A6  
    start_initialization 00CE         __CFG_LPT1OSC$OFF 000000              __pbssCOMRAM 000F  
          TMR0_ISR@count 000F        __size_of_initMain 0020                __pintcode 0008  
               _LATDbits 000F8C                 _RCONbits 000FD0                 _TMR0_ISR 0008  
               __Hrparam 0000                 __Lrparam 0000                 _initMain 00AE  
          __size_of_main 0006                 int$flags 0011    __CFG_CPUDIV$OSC1_PLL2 000000  
             _INTCONbits 000FF2                 intlevel2 0000       __CFG_FOSC$HSPLL_HS 000000  
