

Microchip Technology PIC18 LITE Macro Assembler V1.38 build -256452561 
                                                                                               Fri Sep 07 15:42:25 2018

Microchip Technology Omniscient Code Generator v1.38 (Free mode) build 201607010351
     1                           	processor	18F4553
     2                           	fnconf	rparam,??,?,0
     3                           	opt	pw 120
     4                           	opt	lm
     5                           	psect	cinit,global,reloc=2,class=CODE,delta=1
     6                           	psect	cstackCOMRAM,global,class=COMRAM,space=1,delta=1
     7                           	psect	text0,global,reloc=2,class=CODE,delta=1
     8                           	psect	text1,global,reloc=2,class=CODE,delta=1
     9                           	psect	text2,global,reloc=2,class=CODE,delta=1
    10                           	psect	text3,global,reloc=2,class=CODE,delta=1
    11                           	psect	text4,global,reloc=2,class=CODE,delta=1
    12                           	psect	intsave_regs,global,class=BIGRAM,space=1,delta=1
    13                           	psect	rparam,global,class=COMRAM,space=1,delta=1
    14  0000                     _TMR0	set	4054
    15  0000                     _LATDbits	set	3980
    16  0000                     _T0CONbits	set	4053
    17  0000                     _TRISDbits	set	3989
    18                           
    19                           ; #config settings
    20  0000                     
    21                           	psect	cinit
    22  007F84                     __pcinit:
    23                           	opt stack 0
    24  007F84                     start_initialization:
    25                           	opt stack 0
    26  007F84                     __initialization:
    27                           	opt stack 0
    28  007F84                     end_of_initialization:
    29                           	opt stack 0
    30  007F84                     __end_of__initialization:
    31                           	opt stack 0
    32  007F84  0100               	movlb	0
    33  007F86  EFE9  F03F         	goto	_main	;jump to C main() function
    34                           
    35                           	psect	cstackCOMRAM
    36  000001                     __pcstackCOMRAM:
    37                           	opt stack 0
    38  000001                     ReadTimer0@readVal:
    39                           	opt stack 0
    40  000001                     delay_us@x:
    41                           	opt stack 0
    42                           
    43                           ; 2 bytes @ 0x0
    44  000001                     	ds	2
    45  000003                     delay_us@us:
    46                           	opt stack 0
    47                           
    48                           ; 1 bytes @ 0x2
    49  000003                     	ds	1
    50  000004                     delay_ms@ms:
    51                           	opt stack 0
    52                           
    53                           ; 2 bytes @ 0x3
    54  000004                     	ds	2
    55  000006                     delay_ms@i:
    56                           	opt stack 0
    57                           
    58                           ; 1 bytes @ 0x5
    59  000006                     	ds	1
    60  000007                     main@count:
    61                           	opt stack 0
    62                           
    63                           ; 1 bytes @ 0x6
    64  000007                     	ds	1
    65                           
    66 ;;
    67 ;;Main: autosize = 0, tempsize = 0, incstack = 0, save=0
    68 ;;
    69 ;; *************** function _main *****************
    70 ;; Defined at:
    71 ;;		line 84 in file "Main.c"
    72 ;; Parameters:    Size  Location     Type
    73 ;;		None
    74 ;; Auto vars:     Size  Location     Type
    75 ;;  count           1    6[COMRAM] unsigned char 
    76 ;; Return value:  Size  Location     Type
    77 ;;                  1    wreg      void 
    78 ;; Registers used:
    79 ;;		wreg, status,2, status,0, cstack
    80 ;; Tracked objects:
    81 ;;		On entry : 0/0
    82 ;;		On exit  : 0/0
    83 ;;		Unchanged: 0/0
    84 ;; Data sizes:     COMRAM   BANK0   BANK1   BANK2   BANK3   BANK4   BANK5   BANK6   BANK7
    85 ;;      Params:         0       0       0       0       0       0       0       0       0
    86 ;;      Locals:         1       0       0       0       0       0       0       0       0
    87 ;;      Temps:          0       0       0       0       0       0       0       0       0
    88 ;;      Totals:         1       0       0       0       0       0       0       0       0
    89 ;;Total ram usage:        1 bytes
    90 ;; Hardware stack levels required when called:    2
    91 ;; This function calls:
    92 ;;		_ReadTimer0
    93 ;;		_delay_ms
    94 ;;		_initMain
    95 ;; This function is called by:
    96 ;;		Startup code after reset
    97 ;; This function uses a non-reentrant model
    98 ;;
    99                           
   100                           	psect	text0
   101  007FD2                     __ptext0:
   102                           	opt stack 0
   103  007FD2                     _main:
   104                           	opt stack 29
   105                           
   106                           ;Main.c: 86: initMain();
   107                           
   108                           ;incstack = 0
   109  007FD2  ECCF  F03F         	call	_initMain	;wreg free
   110  007FD6                     l19:
   111                           
   112                           ;Main.c: 92: {
   113                           ;Main.c: 94: count = ReadTimer0();
   114  007FD6  ECC5  F03F         	call	_ReadTimer0	;wreg free
   115  007FDA  6E07               	movwf	main@count,c
   116                           
   117                           ;Main.c: 97: if (count == 5)
   118  007FDC  0E05               	movlw	5
   119  007FDE  1807               	xorwf	main@count,w,c
   120  007FE0  A4D8               	btfss	status,2,c
   121  007FE2  D00C               	goto	l20
   122                           
   123                           ;Main.c: 98: {
   124                           ;Main.c: 100: LATDbits.LATD0 = 1;
   125  007FE4  808C               	bsf	3980,0,c	;volatile
   126                           
   127                           ;Main.c: 103: delay_ms(2000);
   128  007FE6  0E07               	movlw	7
   129  007FE8  6E05               	movwf	delay_ms@ms+1,c
   130  007FEA  0ED0               	movlw	208
   131  007FEC  6E04               	movwf	delay_ms@ms,c
   132  007FEE  ECD7  F03F         	call	_delay_ms	;wreg free
   133                           
   134                           ;Main.c: 106: TMR0 = 0;
   135  007FF2  0E00               	movlw	0
   136  007FF4  6ED7               	movwf	4055,c	;volatile
   137  007FF6  0E00               	movlw	0
   138  007FF8  6ED6               	movwf	4054,c	;volatile
   139                           
   140                           ;Main.c: 107: }
   141  007FFA  D7ED               	goto	l19
   142  007FFC                     l20:
   143                           
   144                           ;Main.c: 109: else
   145                           ;Main.c: 110: {
   146                           ;Main.c: 112: LATDbits.LATD0 = 0;
   147  007FFC  908C               	bcf	3980,0,c	;volatile
   148  007FFE  D7EB               	goto	l19
   149  008000                     __end_of_main:
   150                           	opt stack 0
   151                           status	equ	0xFD8
   152                           
   153 ;; *************** function _initMain *****************
   154 ;; Defined at:
   155 ;;		line 32 in file "Main.c"
   156 ;; Parameters:    Size  Location     Type
   157 ;;		None
   158 ;; Auto vars:     Size  Location     Type
   159 ;;		None
   160 ;; Return value:  Size  Location     Type
   161 ;;                  1    wreg      void 
   162 ;; Registers used:
   163 ;;		wreg, status,2
   164 ;; Tracked objects:
   165 ;;		On entry : 0/0
   166 ;;		On exit  : 0/0
   167 ;;		Unchanged: 0/0
   168 ;; Data sizes:     COMRAM   BANK0   BANK1   BANK2   BANK3   BANK4   BANK5   BANK6   BANK7
   169 ;;      Params:         0       0       0       0       0       0       0       0       0
   170 ;;      Locals:         0       0       0       0       0       0       0       0       0
   171 ;;      Temps:          0       0       0       0       0       0       0       0       0
   172 ;;      Totals:         0       0       0       0       0       0       0       0       0
   173 ;;Total ram usage:        0 bytes
   174 ;; Hardware stack levels used:    1
   175 ;; This function calls:
   176 ;;		Nothing
   177 ;; This function is called by:
   178 ;;		_main
   179 ;; This function uses a non-reentrant model
   180 ;;
   181                           
   182                           	psect	text1
   183  007F9E                     __ptext1:
   184                           	opt stack 0
   185  007F9E                     _initMain:
   186                           	opt stack 30
   187                           
   188                           ;Main.c: 39: TRISDbits.TRISD0 = 0;
   189                           
   190                           ;incstack = 0
   191  007F9E  9095               	bcf	3989,0,c	;volatile
   192                           
   193                           ;Main.c: 46: T0CONbits.T0CS = 1;
   194  007FA0  8AD5               	bsf	4053,5,c	;volatile
   195                           
   196                           ;Main.c: 49: T0CONbits.PSA = 1;
   197  007FA2  86D5               	bsf	4053,3,c	;volatile
   198                           
   199                           ;Main.c: 52: TMR0 = 0;
   200  007FA4  0E00               	movlw	0
   201  007FA6  6ED7               	movwf	4055,c	;volatile
   202  007FA8  0E00               	movlw	0
   203  007FAA  6ED6               	movwf	4054,c	;volatile
   204  007FAC  0012               	return		;funcret
   205  007FAE                     __end_of_initMain:
   206                           	opt stack 0
   207                           status	equ	0xFD8
   208                           
   209 ;; *************** function _delay_ms *****************
   210 ;; Defined at:
   211 ;;		line 43 in file "18F4553_STD.c"
   212 ;; Parameters:    Size  Location     Type
   213 ;;  ms              2    3[COMRAM] unsigned int 
   214 ;; Auto vars:     Size  Location     Type
   215 ;;  i               1    5[COMRAM] unsigned char 
   216 ;; Return value:  Size  Location     Type
   217 ;;                  1    wreg      void 
   218 ;; Registers used:
   219 ;;		wreg, status,2, status,0, cstack
   220 ;; Tracked objects:
   221 ;;		On entry : 0/0
   222 ;;		On exit  : 0/0
   223 ;;		Unchanged: 0/0
   224 ;; Data sizes:     COMRAM   BANK0   BANK1   BANK2   BANK3   BANK4   BANK5   BANK6   BANK7
   225 ;;      Params:         2       0       0       0       0       0       0       0       0
   226 ;;      Locals:         1       0       0       0       0       0       0       0       0
   227 ;;      Temps:          0       0       0       0       0       0       0       0       0
   228 ;;      Totals:         3       0       0       0       0       0       0       0       0
   229 ;;Total ram usage:        3 bytes
   230 ;; Hardware stack levels used:    1
   231 ;; Hardware stack levels required when called:    1
   232 ;; This function calls:
   233 ;;		_delay_us
   234 ;; This function is called by:
   235 ;;		_main
   236 ;; This function uses a non-reentrant model
   237 ;;
   238                           
   239                           	psect	text2
   240  007FAE                     __ptext2:
   241                           	opt stack 0
   242  007FAE                     _delay_ms:
   243                           	opt stack 29
   244  007FAE                     
   245                           ;18F4553_STD.c: 47: i = 4;
   246  007FAE  0E04               	movlw	4
   247  007FB0  6E06               	movwf	delay_ms@i,c
   248  007FB2                     l669:
   249                           
   250                           ;18F4553_STD.c: 49: delay_us(250);
   251  007FB2  0E00               	movlw	0
   252  007FB4  6E02               	movwf	delay_us@x+1,c
   253  007FB6  0EFA               	movlw	250
   254  007FB8  6E01               	movwf	delay_us@x,c
   255  007FBA  ECC9  F03F         	call	_delay_us	;wreg free
   256                           
   257                           ;18F4553_STD.c: 50: } while(--i);
   258  007FBE  2E06               	decfsz	delay_ms@i,f,c
   259  007FC0  D7F8               	goto	l669
   260                           
   261                           ;18F4553_STD.c: 51: }while(--ms);
   262  007FC2  0604               	decf	delay_ms@ms,f,c
   263  007FC4  A0D8               	btfss	status,0,c
   264  007FC6  0605               	decf	delay_ms@ms+1,f,c
   265  007FC8  5004               	movf	delay_ms@ms,w,c
   266  007FCA  1005               	iorwf	delay_ms@ms+1,w,c
   267  007FCC  B4D8               	btfsc	status,2,c
   268  007FCE  0012               	return	
   269  007FD0  D7EE               	goto	l667
   270  007FD2                     __end_of_delay_ms:
   271                           	opt stack 0
   272                           status	equ	0xFD8
   273                           
   274 ;; *************** function _delay_us *****************
   275 ;; Defined at:
   276 ;;		line 29 in file "18F4553_STD.c"
   277 ;; Parameters:    Size  Location     Type
   278 ;;  x               2    0[COMRAM] unsigned int 
   279 ;; Auto vars:     Size  Location     Type
   280 ;;  us              1    2[COMRAM] unsigned char 
   281 ;; Return value:  Size  Location     Type
   282 ;;                  1    wreg      void 
   283 ;; Registers used:
   284 ;;		wreg, status,2, status,0
   285 ;; Tracked objects:
   286 ;;		On entry : 0/0
   287 ;;		On exit  : 0/0
   288 ;;		Unchanged: 0/0
   289 ;; Data sizes:     COMRAM   BANK0   BANK1   BANK2   BANK3   BANK4   BANK5   BANK6   BANK7
   290 ;;      Params:         2       0       0       0       0       0       0       0       0
   291 ;;      Locals:         1       0       0       0       0       0       0       0       0
   292 ;;      Temps:          0       0       0       0       0       0       0       0       0
   293 ;;      Totals:         3       0       0       0       0       0       0       0       0
   294 ;;Total ram usage:        3 bytes
   295 ;; Hardware stack levels used:    1
   296 ;; This function calls:
   297 ;;		Nothing
   298 ;; This function is called by:
   299 ;;		_delay_ms
   300 ;; This function uses a non-reentrant model
   301 ;;
   302                           
   303                           	psect	text3
   304  007F92                     __ptext3:
   305                           	opt stack 0
   306  007F92                     _delay_us:
   307                           	opt stack 29
   308                           
   309                           ;18F4553_STD.c: 31: unsigned char us;
   310                           ;18F4553_STD.c: 32: us = x /(48000000/48000000)|1;
   311                           
   312                           ;incstack = 0
   313  007F92  5001               	movf	delay_us@x,w,c
   314  007F94  0901               	iorlw	1
   315  007F96  6E03               	movwf	delay_us@us,c
   316  007F98                     l27:
   317  007F98  2E03               	decfsz	delay_us@us,f,c
   318  007F9A  D7FE               	goto	l27
   319  007F9C  0012               	return	
   320  007F9E                     __end_of_delay_us:
   321                           	opt stack 0
   322                           status	equ	0xFD8
   323                           
   324 ;; *************** function _ReadTimer0 *****************
   325 ;; Defined at:
   326 ;;		line 64 in file "Main.c"
   327 ;; Parameters:    Size  Location     Type
   328 ;;		None
   329 ;; Auto vars:     Size  Location     Type
   330 ;;  readVal         1    0[COMRAM] unsigned char 
   331 ;; Return value:  Size  Location     Type
   332 ;;                  1    wreg      unsigned char 
   333 ;; Registers used:
   334 ;;		wreg, status,2
   335 ;; Tracked objects:
   336 ;;		On entry : 0/0
   337 ;;		On exit  : 0/0
   338 ;;		Unchanged: 0/0
   339 ;; Data sizes:     COMRAM   BANK0   BANK1   BANK2   BANK3   BANK4   BANK5   BANK6   BANK7
   340 ;;      Params:         0       0       0       0       0       0       0       0       0
   341 ;;      Locals:         1       0       0       0       0       0       0       0       0
   342 ;;      Temps:          0       0       0       0       0       0       0       0       0
   343 ;;      Totals:         1       0       0       0       0       0       0       0       0
   344 ;;Total ram usage:        1 bytes
   345 ;; Hardware stack levels used:    1
   346 ;; This function calls:
   347 ;;		Nothing
   348 ;; This function is called by:
   349 ;;		_main
   350 ;; This function uses a non-reentrant model
   351 ;;
   352                           
   353                           	psect	text4
   354  007F8A                     __ptext4:
   355                           	opt stack 0
   356  007F8A                     _ReadTimer0:
   357                           	opt stack 30
   358                           
   359                           ;Main.c: 67: uint8_t readVal;
   360                           ;Main.c: 70: readVal = TMR0;
   361                           
   362                           ;incstack = 0
   363  007F8A  CFD6 F001          	movff	4054,ReadTimer0@readVal	;volatile
   364                           
   365                           ;Main.c: 73: return readVal;
   366  007F8E  5001               	movf	ReadTimer0@readVal,w,c
   367  007F90  0012               	return	
   368  007F92                     __end_of_ReadTimer0:
   369                           	opt stack 0
   370  0000                     status	equ	0xFD8
   371                           status	equ	0xFD8
   372                           
   373                           	psect	rparam
   374  0000                     status	equ	0xFD8


Data Sizes:
    Strings     0
    Constant    0
    Data        0
    BSS         0
    Persistent  0
    Stack       0

Auto Spaces:
    Space          Size  Autos    Used
    COMRAM           95      7       7
    BANK0           160      0       0
    BANK1           256      0       0
    BANK2           256      0       0
    BANK3           256      0       0
    BANK4           256      0       0
    BANK5           256      0       0
    BANK6           256      0       0
    BANK7           256      0       0

Pointer List with Targets:

    None.

Critical Paths under _main in COMRAM

    _main->_delay_ms
    _delay_ms->_delay_us

Critical Paths under _main in BANK0

    None.

Critical Paths under _main in BANK1

    None.

Critical Paths under _main in BANK2

    None.

Critical Paths under _main in BANK3

    None.

Critical Paths under _main in BANK4

    None.

Critical Paths under _main in BANK5

    None.

Critical Paths under _main in BANK6

    None.

Critical Paths under _main in BANK7

    None.

Call Graph Tables:

 ---------------------------------------------------------------------------------
 (Depth) Function   	        Calls       Base Space   Used Autos Params    Refs
 ---------------------------------------------------------------------------------
 (0) _main                                                 1     1      0     214
                                              6 COMRAM     1     1      0
                         _ReadTimer0
                           _delay_ms
                           _initMain
 ---------------------------------------------------------------------------------
 (1) _initMain                                             0     0      0       0
 ---------------------------------------------------------------------------------
 (1) _delay_ms                                             3     1      2     176
                                              3 COMRAM     3     1      2
                           _delay_us
 ---------------------------------------------------------------------------------
 (2) _delay_us                                             3     1      2      88
                                              0 COMRAM     3     1      2
 ---------------------------------------------------------------------------------
 (1) _ReadTimer0                                           1     1      0      15
                                              0 COMRAM     1     1      0
 ---------------------------------------------------------------------------------
 Estimated maximum stack depth 2
 ---------------------------------------------------------------------------------

 Call Graph Graphs:

 _main (ROOT)
   _ReadTimer0
   _delay_ms
     _delay_us
   _initMain

 Address spaces:
Name               Size   Autos  Total    Cost      Usage
BITCOMRAM           5F      0       0       0        0.0%
EEDATA             100      0       0       0        0.0%
NULL                 0      0       0       0        0.0%
CODE                 0      0       0       0        0.0%
COMRAM              5F      7       7       1        7.4%
STACK                0      0       0       2        0.0%
DATA                 0      0       0       3        0.0%
BITBANK0            A0      0       0       4        0.0%
BANK0               A0      0       0       5        0.0%
BITBANK1           100      0       0       6        0.0%
BANK1              100      0       0       7        0.0%
BITBANK2           100      0       0       8        0.0%
BANK2              100      0       0       9        0.0%
BITBANK3           100      0       0      10        0.0%
BANK3              100      0       0      11        0.0%
BITBANK4           100      0       0      12        0.0%
BANK4              100      0       0      13        0.0%
BITBANK5           100      0       0      14        0.0%
BANK5              100      0       0      15        0.0%
BITBANK6           100      0       0      16        0.0%
BANK6              100      0       0      17        0.0%
BITBANK7           100      0       0      18        0.0%
BANK7              100      0       0      19        0.0%
ABS                  0      0       0      20        0.0%
BIGRAM             7FF      0       0      21        0.0%
BITSFR               0      0       0      40        0.0%
SFR                  0      0       0      40        0.0%


Microchip Technology PIC18 Macro Assembler V1.38 build -256452561 
Symbol Table                                                                                   Fri Sep 07 15:42:25 2018

                     l20 7FFC                       l27 7F98                       l19 7FD6  
            __CFG_BOR$ON 000000              __CFG_BORV$3 000000                      l667 7FAE  
                    l669 7FB2             __CFG_LVP$OFF 000000             __CFG_WDT$OFF 000000  
                   _TMR0 000FD6             __CFG_PWRT$ON 000000             __CFG_WRTC$ON 000000  
                   _main 7FD2                     start 0000            __CFG_IESO$OFF 000000  
          __CFG_MCLRE$ON 000000             ___param_bank 000010            __CFG_PLLDIV$4 000000  
         __CFG_CCP2MX$ON 000000                    ?_main 0001           __CFG_DEBUG$OFF 000000  
          __CFG_WRTD$OFF 000000                    status 000FD8        ReadTimer0@readVal 0001  
        __initialization 7F84             __end_of_main 8000               _ReadTimer0 7F8A  
                 ??_main 0007            __activetblptr 000000           __CFG_WDTPS$128 000000  
         __CFG_VREGEN$ON 000000         __end_of_delay_ms 7FD2         __end_of_delay_us 7F9E  
       __end_of_initMain 7FAE               __accesstop 0060  __end_of__initialization 7F84  
        __CFG_PBADEN$OFF 000000            ___rparam_used 000001           __pcstackCOMRAM 0001  
            ?_ReadTimer0 0001                ?_delay_ms 0004                ?_delay_us 0001  
    __size_of_ReadTimer0 0008                ?_initMain 0001                  __Hparam 0000  
                __Lparam 0000          __CFG_STVREN$OFF 000000                  __pcinit 7F84  
                __ramtop 0800                  __ptext0 7FD2                  __ptext1 7F9E  
                __ptext2 7FAE                  __ptext3 7F92                  __ptext4 7F8A  
              _T0CONbits 000FD5               ??_delay_ms 0006               ??_delay_us 0003  
             delay_ms@ms 0004     end_of_initialization 7F84               delay_us@us 0003  
             ??_initMain 0001                _TRISDbits 000F95             ??_ReadTimer0 0001  
    start_initialization 7F84       __end_of_ReadTimer0 7F92         __CFG_LPT1OSC$OFF 000000  
      __size_of_delay_ms 0024        __size_of_delay_us 000C        __size_of_initMain 0010  
               _LATDbits 000F8C                delay_ms@i 0006                delay_us@x 0001  
              main@count 0007                 __Hrparam 0000                 __Lrparam 0000  
               _delay_ms 7FAE                 _delay_us 7F92                 _initMain 7F9E  
          __size_of_main 002E    __CFG_CPUDIV$OSC1_PLL2 000000       __CFG_FOSC$HSPLL_HS 000000  
