

Microchip Technology PIC18 LITE Macro Assembler V1.38 build -256452561 
                                                                                               Fri Sep 07 19:45:49 2018

Microchip Technology Omniscient Code Generator v1.38 (Free mode) build 201607010351
     1                           	processor	18F4553
     2                           	fnconf	rparam,??,?,0
     3                           	opt	pw 120
     4                           	opt	lm
     5                           	psect	cinit,global,reloc=2,class=CODE,delta=1
     6                           	psect	cstackCOMRAM,global,class=COMRAM,space=1,delta=1
     7                           	psect	text0,global,reloc=2,class=CODE,delta=1
     8                           	psect	text1,global,reloc=2,class=CODE,delta=1
     9                           	psect	text2,global,reloc=2,class=CODE,delta=1
    10                           	psect	text3,global,reloc=2,class=CODE,delta=1
    11                           	psect	intcode,global,reloc=2,class=CODE,delta=1
    12                           	psect	intcode_body,global,reloc=2,class=CODE,delta=1
    13                           	psect	text5,global,reloc=2,class=CODE,delta=1
    14                           	psect	text6,global,reloc=2,class=CODE,delta=1
    15                           	psect	intsave_regs,global,class=BIGRAM,space=1,delta=1
    16                           	psect	rparam,global,class=COMRAM,space=1,delta=1
    17                           	psect	temp,global,ovrld,common,class=COMRAM,space=1,delta=1
    18  0000                     _INTCON2bits	set	4081
    19  0000                     _INTCON3bits	set	4080
    20  0000                     _INTCONbits	set	4082
    21  0000                     _LATDbits	set	3980
    22  0000                     _RCONbits	set	4048
    23  0000                     _TRISBbits	set	3987
    24  0000                     _TRISDbits	set	3989
    25                           
    26                           ; #config settings
    27  0000                     
    28                           	psect	cinit
    29  000164                     __pcinit:
    30                           	opt stack 0
    31  000164                     start_initialization:
    32                           	opt stack 0
    33  000164                     __initialization:
    34                           	opt stack 0
    35  000164                     end_of_initialization:
    36                           	opt stack 0
    37  000164                     __end_of__initialization:
    38                           	opt stack 0
    39  000164  901E               	bcf	int$flags,0,c	;clear compiler interrupt flag (level 1)
    40  000166  921E               	bcf	int$flags,1,c	;clear compiler interrupt flag (level 2)
    41  000168  0100               	movlb	0
    42  00016A  EF90  F000         	goto	_main	;jump to C main() function
    43                           
    44                           	psect	cstackCOMRAM
    45  000001                     __pcstackCOMRAM:
    46                           	opt stack 0
    47  000001                     i2delay_us@x:
    48                           	opt stack 0
    49                           
    50                           ; 2 bytes @ 0x0
    51  000001                     	ds	2
    52  000003                     i2delay_us@us:
    53                           	opt stack 0
    54                           
    55                           ; 1 bytes @ 0x2
    56  000003                     	ds	1
    57  000004                     i2delay_ms@ms:
    58                           	opt stack 0
    59                           
    60                           ; 2 bytes @ 0x3
    61  000004                     	ds	2
    62  000006                     i2delay_ms@i:
    63                           	opt stack 0
    64                           
    65                           ; 1 bytes @ 0x5
    66  000006                     	ds	1
    67  000007                     ??_PORTB_ISR:
    68                           
    69                           ; 1 bytes @ 0x6
    70  000007                     	ds	15
    71  000016                     PORTB_ISR@i:
    72                           	opt stack 0
    73                           
    74                           ; 2 bytes @ 0x15
    75  000016                     	ds	2
    76  000018                     delay_us@x:
    77                           	opt stack 0
    78                           
    79                           ; 2 bytes @ 0x17
    80  000018                     	ds	2
    81  00001A                     delay_us@us:
    82                           	opt stack 0
    83                           
    84                           ; 1 bytes @ 0x19
    85  00001A                     	ds	1
    86  00001B                     delay_ms@ms:
    87                           	opt stack 0
    88                           
    89                           ; 2 bytes @ 0x1A
    90  00001B                     	ds	2
    91  00001D                     delay_ms@i:
    92                           	opt stack 0
    93                           
    94                           ; 1 bytes @ 0x1C
    95  00001D                     	ds	1
    96  00001E                     
    97                           ; 1 bytes @ 0x1D
    98 ;;
    99 ;;Main: autosize = 0, tempsize = 0, incstack = 0, save=0
   100 ;;
   101 ;; *************** function _main *****************
   102 ;; Defined at:
   103 ;;		line 88 in file "Main.c"
   104 ;; Parameters:    Size  Location     Type
   105 ;;		None
   106 ;; Auto vars:     Size  Location     Type
   107 ;;		None
   108 ;; Return value:  Size  Location     Type
   109 ;;                  1    wreg      void 
   110 ;; Registers used:
   111 ;;		wreg, status,2, status,0, cstack
   112 ;; Tracked objects:
   113 ;;		On entry : 0/0
   114 ;;		On exit  : 0/0
   115 ;;		Unchanged: 0/0
   116 ;; Data sizes:     COMRAM   BANK0   BANK1   BANK2   BANK3   BANK4   BANK5   BANK6   BANK7
   117 ;;      Params:         0       0       0       0       0       0       0       0       0
   118 ;;      Locals:         0       0       0       0       0       0       0       0       0
   119 ;;      Temps:          0       0       0       0       0       0       0       0       0
   120 ;;      Totals:         0       0       0       0       0       0       0       0       0
   121 ;;Total ram usage:        0 bytes
   122 ;; Hardware stack levels required when called:    5
   123 ;; This function calls:
   124 ;;		_delay_ms
   125 ;;		_initMain
   126 ;; This function is called by:
   127 ;;		Startup code after reset
   128 ;; This function uses a non-reentrant model
   129 ;;
   130                           
   131                           	psect	text0
   132  000120                     __ptext0:
   133                           	opt stack 0
   134  000120                     _main:
   135                           	opt stack 26
   136                           
   137                           ;Main.c: 90: initMain();
   138                           
   139                           ;incstack = 0
   140  000120  EC9C  F000         	call	_initMain	;wreg free
   141                           
   142                           ;Main.c: 92: LATDbits.LATD0 = 0;
   143  000124  908C               	bcf	3980,0,c	;volatile
   144                           
   145                           ;Main.c: 93: delay_ms(1000);
   146  000126  0E03               	movlw	3
   147  000128  6E1C               	movwf	delay_ms@ms+1,c
   148  00012A  0EE8               	movlw	232
   149  00012C  6E1B               	movwf	delay_ms@ms,c
   150  00012E  EC6C  F000         	call	_delay_ms	;wreg free
   151  000132                     l41:
   152  000132  0003               	sleep		;# 
   153                           
   154                           ;Main.c: 100: LATDbits.LATD0 = 1;
   155  000134  808C               	bsf	3980,0,c	;volatile
   156  000136  D7FD               	goto	l41
   157  000138                     __end_of_main:
   158                           	opt stack 0
   159                           
   160 ;; *************** function _initMain *****************
   161 ;; Defined at:
   162 ;;		line 31 in file "Main.c"
   163 ;; Parameters:    Size  Location     Type
   164 ;;		None
   165 ;; Auto vars:     Size  Location     Type
   166 ;;		None
   167 ;; Return value:  Size  Location     Type
   168 ;;                  1    wreg      void 
   169 ;; Registers used:
   170 ;;		None
   171 ;; Tracked objects:
   172 ;;		On entry : 0/0
   173 ;;		On exit  : 0/0
   174 ;;		Unchanged: 0/0
   175 ;; Data sizes:     COMRAM   BANK0   BANK1   BANK2   BANK3   BANK4   BANK5   BANK6   BANK7
   176 ;;      Params:         0       0       0       0       0       0       0       0       0
   177 ;;      Locals:         0       0       0       0       0       0       0       0       0
   178 ;;      Temps:          0       0       0       0       0       0       0       0       0
   179 ;;      Totals:         0       0       0       0       0       0       0       0       0
   180 ;;Total ram usage:        0 bytes
   181 ;; Hardware stack levels used:    1
   182 ;; Hardware stack levels required when called:    3
   183 ;; This function calls:
   184 ;;		Nothing
   185 ;; This function is called by:
   186 ;;		_main
   187 ;; This function uses a non-reentrant model
   188 ;;
   189                           
   190                           	psect	text1
   191  000138                     __ptext1:
   192                           	opt stack 0
   193  000138                     _initMain:
   194                           	opt stack 27
   195                           
   196                           ;Main.c: 38: TRISDbits.TRISD0 = 0;
   197                           
   198                           ;incstack = 0
   199  000138  9095               	bcf	3989,0,c	;volatile
   200                           
   201                           ;Main.c: 41: TRISBbits.TRISB2 = 1;
   202  00013A  8493               	bsf	3987,2,c	;volatile
   203                           
   204                           ;Main.c: 46: INTCONbits.GIEH=1;
   205  00013C  8EF2               	bsf	intcon,7,c	;volatile
   206                           
   207                           ;Main.c: 47: INTCONbits.GIEL=1;
   208  00013E  8CF2               	bsf	intcon,6,c	;volatile
   209                           
   210                           ;Main.c: 48: RCONbits.IPEN=1;
   211  000140  8ED0               	bsf	4048,7,c	;volatile
   212                           
   213                           ;Main.c: 49: INTCON2bits.INTEDG2 = 0;
   214  000142  98F1               	bcf	intcon2,4,c	;volatile
   215                           
   216                           ;Main.c: 51: INTCON3bits.INT2IE=1;
   217  000144  88F0               	bsf	intcon3,4,c	;volatile
   218                           
   219                           ;Main.c: 52: INTCON3bits.INT2IF=0;
   220  000146  92F0               	bcf	intcon3,1,c	;volatile
   221                           
   222                           ;Main.c: 53: INTCON3bits.INT2IP=0;
   223  000148  9EF0               	bcf	intcon3,7,c	;volatile
   224  00014A  0012               	return		;funcret
   225  00014C                     __end_of_initMain:
   226                           	opt stack 0
   227                           intcon	equ	0xFF2
   228                           intcon2	equ	0xFF1
   229                           intcon3	equ	0xFF0
   230                           
   231 ;; *************** function _delay_ms *****************
   232 ;; Defined at:
   233 ;;		line 43 in file "18F4553_STD.c"
   234 ;; Parameters:    Size  Location     Type
   235 ;;  ms              2   26[COMRAM] unsigned int 
   236 ;; Auto vars:     Size  Location     Type
   237 ;;  i               1   28[COMRAM] unsigned char 
   238 ;; Return value:  Size  Location     Type
   239 ;;                  1    wreg      void 
   240 ;; Registers used:
   241 ;;		wreg, status,2, status,0, cstack
   242 ;; Tracked objects:
   243 ;;		On entry : 0/0
   244 ;;		On exit  : 0/0
   245 ;;		Unchanged: 0/0
   246 ;; Data sizes:     COMRAM   BANK0   BANK1   BANK2   BANK3   BANK4   BANK5   BANK6   BANK7
   247 ;;      Params:         2       0       0       0       0       0       0       0       0
   248 ;;      Locals:         1       0       0       0       0       0       0       0       0
   249 ;;      Temps:          0       0       0       0       0       0       0       0       0
   250 ;;      Totals:         3       0       0       0       0       0       0       0       0
   251 ;;Total ram usage:        3 bytes
   252 ;; Hardware stack levels used:    1
   253 ;; Hardware stack levels required when called:    4
   254 ;; This function calls:
   255 ;;		_delay_us
   256 ;; This function is called by:
   257 ;;		_main
   258 ;; This function uses a non-reentrant model
   259 ;;
   260                           
   261                           	psect	text2
   262  0000D8                     __ptext2:
   263                           	opt stack 0
   264  0000D8                     _delay_ms:
   265                           	opt stack 26
   266  0000D8                     
   267                           ;18F4553_STD.c: 47: i = 4;
   268  0000D8  0E04               	movlw	4
   269  0000DA  6E1D               	movwf	delay_ms@i,c
   270  0000DC                     l694:
   271                           
   272                           ;18F4553_STD.c: 49: delay_us(250);
   273  0000DC  0E00               	movlw	0
   274  0000DE  6E19               	movwf	delay_us@x+1,c
   275  0000E0  0EFA               	movlw	250
   276  0000E2  6E18               	movwf	delay_us@x,c
   277  0000E4  ECA6  F000         	call	_delay_us	;wreg free
   278                           
   279                           ;18F4553_STD.c: 50: } while(--i);
   280  0000E8  2E1D               	decfsz	delay_ms@i,f,c
   281  0000EA  D7F8               	goto	l694
   282                           
   283                           ;18F4553_STD.c: 51: }while(--ms);
   284  0000EC  061B               	decf	delay_ms@ms,f,c
   285  0000EE  A0D8               	btfss	status,0,c
   286  0000F0  061C               	decf	delay_ms@ms+1,f,c
   287  0000F2  501B               	movf	delay_ms@ms,w,c
   288  0000F4  101C               	iorwf	delay_ms@ms+1,w,c
   289  0000F6  B4D8               	btfsc	status,2,c
   290  0000F8  0012               	return	
   291  0000FA  D7EE               	goto	l692
   292  0000FC                     __end_of_delay_ms:
   293                           	opt stack 0
   294                           intcon	equ	0xFF2
   295                           intcon2	equ	0xFF1
   296                           intcon3	equ	0xFF0
   297                           status	equ	0xFD8
   298                           
   299 ;; *************** function _delay_us *****************
   300 ;; Defined at:
   301 ;;		line 29 in file "18F4553_STD.c"
   302 ;; Parameters:    Size  Location     Type
   303 ;;  x               2   23[COMRAM] unsigned int 
   304 ;; Auto vars:     Size  Location     Type
   305 ;;  us              1   25[COMRAM] unsigned char 
   306 ;; Return value:  Size  Location     Type
   307 ;;                  1    wreg      void 
   308 ;; Registers used:
   309 ;;		wreg, status,2, status,0
   310 ;; Tracked objects:
   311 ;;		On entry : 0/0
   312 ;;		On exit  : 0/0
   313 ;;		Unchanged: 0/0
   314 ;; Data sizes:     COMRAM   BANK0   BANK1   BANK2   BANK3   BANK4   BANK5   BANK6   BANK7
   315 ;;      Params:         2       0       0       0       0       0       0       0       0
   316 ;;      Locals:         1       0       0       0       0       0       0       0       0
   317 ;;      Temps:          0       0       0       0       0       0       0       0       0
   318 ;;      Totals:         3       0       0       0       0       0       0       0       0
   319 ;;Total ram usage:        3 bytes
   320 ;; Hardware stack levels used:    1
   321 ;; Hardware stack levels required when called:    3
   322 ;; This function calls:
   323 ;;		Nothing
   324 ;; This function is called by:
   325 ;;		_delay_ms
   326 ;; This function uses a non-reentrant model
   327 ;;
   328                           
   329                           	psect	text3
   330  00014C                     __ptext3:
   331                           	opt stack 0
   332  00014C                     _delay_us:
   333                           	opt stack 26
   334                           
   335                           ;18F4553_STD.c: 31: unsigned char us;
   336                           ;18F4553_STD.c: 32: us = x /(48000000/48000000)|1;
   337                           
   338                           ;incstack = 0
   339  00014C  5018               	movf	delay_us@x,w,c
   340  00014E  0901               	iorlw	1
   341  000150  6E1A               	movwf	delay_us@us,c
   342  000152                     l3:
   343  000152  2E1A               	decfsz	delay_us@us,f,c
   344  000154  D7FE               	goto	l3
   345  000156  0012               	return	
   346  000158                     __end_of_delay_us:
   347                           	opt stack 0
   348                           intcon	equ	0xFF2
   349                           intcon2	equ	0xFF1
   350                           intcon3	equ	0xFF0
   351                           status	equ	0xFD8
   352                           
   353 ;; *************** function _PORTB_ISR *****************
   354 ;; Defined at:
   355 ;;		line 65 in file "Main.c"
   356 ;; Parameters:    Size  Location     Type
   357 ;;		None
   358 ;; Auto vars:     Size  Location     Type
   359 ;;  i               2   21[COMRAM] int 
   360 ;; Return value:  Size  Location     Type
   361 ;;                  1    wreg      void 
   362 ;; Registers used:
   363 ;;		wreg, status,2, status,0, cstack
   364 ;; Tracked objects:
   365 ;;		On entry : 0/0
   366 ;;		On exit  : 0/0
   367 ;;		Unchanged: 0/0
   368 ;; Data sizes:     COMRAM   BANK0   BANK1   BANK2   BANK3   BANK4   BANK5   BANK6   BANK7
   369 ;;      Params:         0       0       0       0       0       0       0       0       0
   370 ;;      Locals:         2       0       0       0       0       0       0       0       0
   371 ;;      Temps:         15       0       0       0       0       0       0       0       0
   372 ;;      Totals:        17       0       0       0       0       0       0       0       0
   373 ;;Total ram usage:       17 bytes
   374 ;; Hardware stack levels used:    1
   375 ;; Hardware stack levels required when called:    2
   376 ;; This function calls:
   377 ;;		i2_delay_ms
   378 ;; This function is called by:
   379 ;;		Interrupt level 2
   380 ;; This function uses a non-reentrant model
   381 ;;
   382                           
   383                           	psect	intcode
   384  000008                     __pintcode:
   385                           	opt stack 0
   386  000008                     _PORTB_ISR:
   387                           	opt stack 26
   388                           
   389                           ;incstack = 0
   390  000008  821E               	bsf	btemp,1,c	;set compiler interrupt flag (level 2)
   391  00000A  CFFA F008          	movff	pclath,??_PORTB_ISR+1
   392  00000E  CFFB F009          	movff	pclatu,??_PORTB_ISR+2
   393  000012  ED0D  F000         	call	int_func,f	;refresh shadow registers
   394                           pclatu	equ	0xFFB
   395                           pclath	equ	0xFFA
   396                           intcon	equ	0xFF2
   397                           intcon2	equ	0xFF1
   398                           intcon3	equ	0xFF0
   399                           status	equ	0xFD8
   400                           
   401                           	psect	intcode_body
   402  00001A                     __pintcode_body:
   403                           	opt stack 26
   404  00001A                     int_func:
   405                           	opt stack 26
   406  00001A  0006               	pop		; remove dummy address from shadow register refresh
   407  00001C  CFE9 F00A          	movff	fsr0l,??_PORTB_ISR+3
   408  000020  CFEA F00B          	movff	fsr0h,??_PORTB_ISR+4
   409  000024  CFE1 F00C          	movff	fsr1l,??_PORTB_ISR+5
   410  000028  CFE2 F00D          	movff	fsr1h,??_PORTB_ISR+6
   411  00002C  CFD9 F00E          	movff	fsr2l,??_PORTB_ISR+7
   412  000030  CFDA F00F          	movff	fsr2h,??_PORTB_ISR+8
   413  000034  CFF3 F010          	movff	prodl,??_PORTB_ISR+9
   414  000038  CFF4 F011          	movff	prodh,??_PORTB_ISR+10
   415  00003C  CFF6 F012          	movff	tblptrl,??_PORTB_ISR+11
   416  000040  CFF7 F013          	movff	tblptrh,??_PORTB_ISR+12
   417  000044  CFF8 F014          	movff	tblptru,??_PORTB_ISR+13
   418  000048  CFF5 F015          	movff	tablat,??_PORTB_ISR+14
   419                           
   420                           ;Main.c: 68: if (INTCON3bits.INT2IF == 1)
   421  00004C  A2F0               	btfss	intcon3,1,c	;volatile
   422  00004E  D026               	goto	i2l38
   423                           
   424                           ;Main.c: 69: {
   425                           ;Main.c: 70: for (int i = 0; i <= 10; i++)
   426  000050  0E00               	movlw	0
   427  000052  6E17               	movwf	PORTB_ISR@i+1,c
   428  000054  0E00               	movlw	0
   429  000056  6E16               	movwf	PORTB_ISR@i,c
   430  000058  BE17               	btfsc	PORTB_ISR@i+1,7,c
   431  00005A  D006               	goto	i2l716
   432  00005C  5017               	movf	PORTB_ISR@i+1,w,c
   433  00005E  E11D               	bnz	i2l37
   434  000060  0E0B               	movlw	11
   435  000062  5C16               	subwf	PORTB_ISR@i,w,c
   436  000064  B0D8               	btfsc	status,0,c
   437  000066  D019               	goto	i2l37
   438  000068                     i2l716:
   439                           
   440                           ;Main.c: 71: {
   441                           ;Main.c: 72: LATDbits.LATD0 = ~LATDbits.LATD0;
   442  000068  A08C               	btfss	3980,0,c	;volatile
   443  00006A  D002               	goto	i2u11_40
   444  00006C  0E01               	movlw	1
   445  00006E  D001               	goto	i2u11_46
   446  000070                     i2u11_40:
   447  000070  0E00               	movlw	0
   448  000072                     i2u11_46:
   449  000072  0AFF               	xorlw	255
   450  000074  6E07               	movwf	??_PORTB_ISR& (0+255),c
   451  000076  508C               	movf	3980,w,c	;volatile
   452  000078  1807               	xorwf	??_PORTB_ISR,w,c
   453  00007A  0BFE               	andlw	-2
   454  00007C  1807               	xorwf	??_PORTB_ISR,w,c
   455  00007E  6E8C               	movwf	3980,c	;volatile
   456                           
   457                           ;Main.c: 73: delay_ms(250);
   458  000080  0E00               	movlw	0
   459  000082  6E05               	movwf	i2delay_ms@ms+1,c
   460  000084  0EFA               	movlw	250
   461  000086  6E04               	movwf	i2delay_ms@ms,c
   462  000088  EC7E  F000         	call	i2_delay_ms	;wreg free
   463  00008C  4A16               	infsnz	PORTB_ISR@i,f,c
   464  00008E  2A17               	incf	PORTB_ISR@i+1,f,c
   465  000090  BE17               	btfsc	PORTB_ISR@i+1,7,c
   466  000092  D7EA               	goto	i2l716
   467  000094  5017               	movf	PORTB_ISR@i+1,w,c
   468  000096  E101               	bnz	i2u12_40
   469  000098  D7E3               	goto	L1
   470  00009A                     i2u12_40:
   471  00009A                     i2l37:
   472                           
   473                           ;Main.c: 74: }
   474                           ;Main.c: 76: INTCON3bits.INT2IF = 0;
   475  00009A  92F0               	bcf	intcon3,1,c	;volatile
   476  00009C                     i2l38:
   477  00009C  C015  FFF5         	movff	??_PORTB_ISR+14,tablat
   478  0000A0  C014  FFF8         	movff	??_PORTB_ISR+13,tblptru
   479  0000A4  C013  FFF7         	movff	??_PORTB_ISR+12,tblptrh
   480  0000A8  C012  FFF6         	movff	??_PORTB_ISR+11,tblptrl
   481  0000AC  C011  FFF4         	movff	??_PORTB_ISR+10,prodh
   482  0000B0  C010  FFF3         	movff	??_PORTB_ISR+9,prodl
   483  0000B4  C00F  FFDA         	movff	??_PORTB_ISR+8,fsr2h
   484  0000B8  C00E  FFD9         	movff	??_PORTB_ISR+7,fsr2l
   485  0000BC  C00D  FFE2         	movff	??_PORTB_ISR+6,fsr1h
   486  0000C0  C00C  FFE1         	movff	??_PORTB_ISR+5,fsr1l
   487  0000C4  C00B  FFEA         	movff	??_PORTB_ISR+4,fsr0h
   488  0000C8  C00A  FFE9         	movff	??_PORTB_ISR+3,fsr0l
   489  0000CC  C009  FFFB         	movff	??_PORTB_ISR+2,pclatu
   490  0000D0  C008  FFFA         	movff	??_PORTB_ISR+1,pclath
   491  0000D4  921E               	bcf	btemp,1,c	;clear compiler interrupt flag (level 2)
   492  0000D6  0011               	retfie		f
   493  0000D8                     __end_of_PORTB_ISR:
   494                           	opt stack 0
   495                           pclatu	equ	0xFFB
   496                           pclath	equ	0xFFA
   497                           tblptru	equ	0xFF8
   498                           tblptrh	equ	0xFF7
   499                           tblptrl	equ	0xFF6
   500                           tablat	equ	0xFF5
   501                           prodh	equ	0xFF4
   502                           prodl	equ	0xFF3
   503                           intcon	equ	0xFF2
   504                           intcon2	equ	0xFF1
   505                           intcon3	equ	0xFF0
   506                           fsr0h	equ	0xFEA
   507                           fsr0l	equ	0xFE9
   508                           fsr1h	equ	0xFE2
   509                           fsr1l	equ	0xFE1
   510                           fsr2h	equ	0xFDA
   511                           fsr2l	equ	0xFD9
   512                           status	equ	0xFD8
   513                           
   514 ;; *************** function i2_delay_ms *****************
   515 ;; Defined at:
   516 ;;		line 43 in file "18F4553_STD.c"
   517 ;; Parameters:    Size  Location     Type
   518 ;;  ms              2    3[COMRAM] unsigned int 
   519 ;; Auto vars:     Size  Location     Type
   520 ;;  delay_ms        1    5[COMRAM] unsigned char 
   521 ;; Return value:  Size  Location     Type
   522 ;;                  1    wreg      void 
   523 ;; Registers used:
   524 ;;		wreg, status,2, status,0, cstack
   525 ;; Tracked objects:
   526 ;;		On entry : 0/0
   527 ;;		On exit  : 0/0
   528 ;;		Unchanged: 0/0
   529 ;; Data sizes:     COMRAM   BANK0   BANK1   BANK2   BANK3   BANK4   BANK5   BANK6   BANK7
   530 ;;      Params:         2       0       0       0       0       0       0       0       0
   531 ;;      Locals:         1       0       0       0       0       0       0       0       0
   532 ;;      Temps:          0       0       0       0       0       0       0       0       0
   533 ;;      Totals:         3       0       0       0       0       0       0       0       0
   534 ;;Total ram usage:        3 bytes
   535 ;; Hardware stack levels used:    1
   536 ;; Hardware stack levels required when called:    1
   537 ;; This function calls:
   538 ;;		i2_delay_us
   539 ;; This function is called by:
   540 ;;		_PORTB_ISR
   541 ;; This function uses a non-reentrant model
   542 ;;
   543                           
   544                           	psect	text5
   545  0000FC                     __ptext5:
   546                           	opt stack 0
   547  0000FC                     i2_delay_ms:
   548                           	opt stack 26
   549  0000FC                     
   550                           ;18F4553_STD.c: 47: i = 4;
   551  0000FC  0E04               	movlw	4
   552  0000FE  6E06               	movwf	i2delay_ms@i,c
   553  000100                     i2l702:
   554                           
   555                           ;18F4553_STD.c: 49: delay_us(250);
   556  000100  0E00               	movlw	0
   557  000102  6E02               	movwf	i2delay_us@x+1,c
   558  000104  0EFA               	movlw	250
   559  000106  6E01               	movwf	i2delay_us@x,c
   560  000108  ECAC  F000         	call	i2_delay_us	;wreg free
   561                           
   562                           ;18F4553_STD.c: 50: } while(--i);
   563  00010C  2E06               	decfsz	i2delay_ms@i,f,c
   564  00010E  D7F8               	goto	i2l702
   565                           
   566                           ;18F4553_STD.c: 51: }while(--ms);
   567  000110  0604               	decf	i2delay_ms@ms,f,c
   568  000112  A0D8               	btfss	status,0,c
   569  000114  0605               	decf	i2delay_ms@ms+1,f,c
   570  000116  5004               	movf	i2delay_ms@ms,w,c
   571  000118  1005               	iorwf	i2delay_ms@ms+1,w,c
   572  00011A  B4D8               	btfsc	status,2,c
   573  00011C  0012               	return	
   574  00011E  D7EE               	goto	i2l700
   575  000120                     __end_ofi2_delay_ms:
   576                           	opt stack 0
   577                           pclatu	equ	0xFFB
   578                           pclath	equ	0xFFA
   579                           tblptru	equ	0xFF8
   580                           tblptrh	equ	0xFF7
   581                           tblptrl	equ	0xFF6
   582                           tablat	equ	0xFF5
   583                           prodh	equ	0xFF4
   584                           prodl	equ	0xFF3
   585                           intcon	equ	0xFF2
   586                           intcon2	equ	0xFF1
   587                           intcon3	equ	0xFF0
   588                           fsr0h	equ	0xFEA
   589                           fsr0l	equ	0xFE9
   590                           fsr1h	equ	0xFE2
   591                           fsr1l	equ	0xFE1
   592                           fsr2h	equ	0xFDA
   593                           fsr2l	equ	0xFD9
   594                           status	equ	0xFD8
   595                           
   596 ;; *************** function i2_delay_us *****************
   597 ;; Defined at:
   598 ;;		line 29 in file "18F4553_STD.c"
   599 ;; Parameters:    Size  Location     Type
   600 ;;  x               2    0[COMRAM] unsigned int 
   601 ;; Auto vars:     Size  Location     Type
   602 ;;  delay_us        1    2[COMRAM] unsigned char 
   603 ;; Return value:  Size  Location     Type
   604 ;;                  1    wreg      void 
   605 ;; Registers used:
   606 ;;		wreg, status,2, status,0
   607 ;; Tracked objects:
   608 ;;		On entry : 0/0
   609 ;;		On exit  : 0/0
   610 ;;		Unchanged: 0/0
   611 ;; Data sizes:     COMRAM   BANK0   BANK1   BANK2   BANK3   BANK4   BANK5   BANK6   BANK7
   612 ;;      Params:         2       0       0       0       0       0       0       0       0
   613 ;;      Locals:         1       0       0       0       0       0       0       0       0
   614 ;;      Temps:          0       0       0       0       0       0       0       0       0
   615 ;;      Totals:         3       0       0       0       0       0       0       0       0
   616 ;;Total ram usage:        3 bytes
   617 ;; Hardware stack levels used:    1
   618 ;; This function calls:
   619 ;;		Nothing
   620 ;; This function is called by:
   621 ;;		i2_delay_ms
   622 ;; This function uses a non-reentrant model
   623 ;;
   624                           
   625                           	psect	text6
   626  000158                     __ptext6:
   627                           	opt stack 0
   628  000158                     i2_delay_us:
   629                           	opt stack 26
   630                           
   631                           ;18F4553_STD.c: 31: unsigned char us;
   632                           ;18F4553_STD.c: 32: us = x /(48000000/48000000)|1;
   633                           
   634                           ;incstack = 0
   635  000158  5001               	movf	i2delay_us@x,w,c
   636  00015A  0901               	iorlw	1
   637  00015C  6E03               	movwf	i2delay_us@us,c
   638  00015E                     i2l3:
   639  00015E  2E03               	decfsz	i2delay_us@us,f,c
   640  000160  D7FE               	goto	i2l3
   641  000162  0012               	return	
   642  000164                     __end_ofi2_delay_us:
   643                           	opt stack 0
   644  0000                     pclatu	equ	0xFFB
   645                           pclath	equ	0xFFA
   646                           tblptru	equ	0xFF8
   647                           tblptrh	equ	0xFF7
   648                           tblptrl	equ	0xFF6
   649                           tablat	equ	0xFF5
   650                           prodh	equ	0xFF4
   651                           prodl	equ	0xFF3
   652                           intcon	equ	0xFF2
   653                           intcon2	equ	0xFF1
   654                           intcon3	equ	0xFF0
   655                           fsr0h	equ	0xFEA
   656                           fsr0l	equ	0xFE9
   657                           fsr1h	equ	0xFE2
   658                           fsr1l	equ	0xFE1
   659                           fsr2h	equ	0xFDA
   660                           fsr2l	equ	0xFD9
   661                           status	equ	0xFD8
   662                           pclatu	equ	0xFFB
   663                           pclath	equ	0xFFA
   664                           tblptru	equ	0xFF8
   665                           tblptrh	equ	0xFF7
   666                           tblptrl	equ	0xFF6
   667                           tablat	equ	0xFF5
   668                           prodh	equ	0xFF4
   669                           prodl	equ	0xFF3
   670                           intcon	equ	0xFF2
   671                           intcon2	equ	0xFF1
   672                           intcon3	equ	0xFF0
   673                           fsr0h	equ	0xFEA
   674                           fsr0l	equ	0xFE9
   675                           fsr1h	equ	0xFE2
   676                           fsr1l	equ	0xFE1
   677                           fsr2h	equ	0xFDA
   678                           fsr2l	equ	0xFD9
   679                           status	equ	0xFD8
   680                           
   681                           	psect	rparam
   682  0000                     pclatu	equ	0xFFB
   683                           pclath	equ	0xFFA
   684                           tblptru	equ	0xFF8
   685                           tblptrh	equ	0xFF7
   686                           tblptrl	equ	0xFF6
   687                           tablat	equ	0xFF5
   688                           prodh	equ	0xFF4
   689                           prodl	equ	0xFF3
   690                           intcon	equ	0xFF2
   691                           intcon2	equ	0xFF1
   692                           intcon3	equ	0xFF0
   693                           fsr0h	equ	0xFEA
   694                           fsr0l	equ	0xFE9
   695                           fsr1h	equ	0xFE2
   696                           fsr1l	equ	0xFE1
   697                           fsr2h	equ	0xFDA
   698                           fsr2l	equ	0xFD9
   699                           status	equ	0xFD8
   700                           
   701                           	psect	temp
   702  00001E                     btemp:
   703                           	opt stack 0
   704  00001E                     	ds	1
   705  0000                     int$flags	set	btemp
   706                           pclatu	equ	0xFFB
   707                           pclath	equ	0xFFA
   708                           tblptru	equ	0xFF8
   709                           tblptrh	equ	0xFF7
   710                           tblptrl	equ	0xFF6
   711                           tablat	equ	0xFF5
   712                           prodh	equ	0xFF4
   713                           prodl	equ	0xFF3
   714                           intcon	equ	0xFF2
   715                           intcon2	equ	0xFF1
   716                           intcon3	equ	0xFF0
   717                           fsr0h	equ	0xFEA
   718                           fsr0l	equ	0xFE9
   719                           fsr1h	equ	0xFE2
   720                           fsr1l	equ	0xFE1
   721                           fsr2h	equ	0xFDA
   722                           fsr2l	equ	0xFD9
   723                           status	equ	0xFD8


Data Sizes:
    Strings     0
    Constant    0
    Data        0
    BSS         0
    Persistent  0
    Stack       0

Auto Spaces:
    Space          Size  Autos    Used
    COMRAM           94     29      29
    BANK0           160      0       0
    BANK1           256      0       0
    BANK2           256      0       0
    BANK3           256      0       0
    BANK4           256      0       0
    BANK5           256      0       0
    BANK6           256      0       0
    BANK7           256      0       0

Pointer List with Targets:

    None.

Critical Paths under _main in COMRAM

    _main->_delay_ms
    _delay_ms->_delay_us

Critical Paths under _PORTB_ISR in COMRAM

    _PORTB_ISR->i2_delay_ms
    i2_delay_ms->i2_delay_us

Critical Paths under _main in BANK0

    None.

Critical Paths under _PORTB_ISR in BANK0

    None.

Critical Paths under _main in BANK1

    None.

Critical Paths under _PORTB_ISR in BANK1

    None.

Critical Paths under _main in BANK2

    None.

Critical Paths under _PORTB_ISR in BANK2

    None.

Critical Paths under _main in BANK3

    None.

Critical Paths under _PORTB_ISR in BANK3

    None.

Critical Paths under _main in BANK4

    None.

Critical Paths under _PORTB_ISR in BANK4

    None.

Critical Paths under _main in BANK5

    None.

Critical Paths under _PORTB_ISR in BANK5

    None.

Critical Paths under _main in BANK6

    None.

Critical Paths under _PORTB_ISR in BANK6

    None.

Critical Paths under _main in BANK7

    None.

Critical Paths under _PORTB_ISR in BANK7

    None.

Call Graph Tables:

 ---------------------------------------------------------------------------------
 (Depth) Function   	        Calls       Base Space   Used Autos Params    Refs
 ---------------------------------------------------------------------------------
 (0) _main                                                 0     0      0     193
                           _delay_ms
                           _initMain
 ---------------------------------------------------------------------------------
 (1) _initMain                                             0     0      0       0
 ---------------------------------------------------------------------------------
 (1) _delay_ms                                             3     1      2     193
                                             26 COMRAM     3     1      2
                           _delay_us
 ---------------------------------------------------------------------------------
 (2) _delay_us                                             3     1      2      88
                                             23 COMRAM     3     1      2
 ---------------------------------------------------------------------------------
 Estimated maximum stack depth 2
 ---------------------------------------------------------------------------------
 (Depth) Function   	        Calls       Base Space   Used Autos Params    Refs
 ---------------------------------------------------------------------------------
 (3) _PORTB_ISR                                           17    17      0     188
                                              6 COMRAM    17    17      0
                         i2_delay_ms
 ---------------------------------------------------------------------------------
 (4) i2_delay_ms                                           3     1      2     142
                                              3 COMRAM     3     1      2
                         i2_delay_us
 ---------------------------------------------------------------------------------
 (5) i2_delay_us                                           3     1      2      71
                                              0 COMRAM     3     1      2
 ---------------------------------------------------------------------------------
 Estimated maximum stack depth 5
 ---------------------------------------------------------------------------------

 Call Graph Graphs:

 _main (ROOT)
   _delay_ms
     _delay_us
   _initMain

 _PORTB_ISR (ROOT)
   i2_delay_ms
     i2_delay_us

 Address spaces:
Name               Size   Autos  Total    Cost      Usage
BITCOMRAM           5E      0       0       0        0.0%
EEDATA             100      0       0       0        0.0%
NULL                 0      0       0       0        0.0%
CODE                 0      0       0       0        0.0%
COMRAM              5E     1D      1D       1       30.9%
STACK                0      0       0       2        0.0%
DATA                 0      0       0       3        0.0%
BITBANK0            A0      0       0       4        0.0%
BANK0               A0      0       0       5        0.0%
BITBANK1           100      0       0       6        0.0%
BANK1              100      0       0       7        0.0%
BITBANK2           100      0       0       8        0.0%
BANK2              100      0       0       9        0.0%
BITBANK3           100      0       0      10        0.0%
BANK3              100      0       0      11        0.0%
BITBANK4           100      0       0      12        0.0%
BANK4              100      0       0      13        0.0%
BITBANK5           100      0       0      14        0.0%
BANK5              100      0       0      15        0.0%
BITBANK6           100      0       0      16        0.0%
BANK6              100      0       0      17        0.0%
BITBANK7           100      0       0      18        0.0%
BANK7              100      0       0      19        0.0%
ABS                  0      0       0      20        0.0%
BIGRAM             7FF      0       0      21        0.0%
BITSFR               0      0       0      40        0.0%
SFR                  0      0       0      40        0.0%


Microchip Technology PIC18 Macro Assembler V1.38 build -256452561 
Symbol Table                                                                                   Fri Sep 07 19:45:49 2018

                      l3 0152                       l41 0132              __CFG_BOR$ON 000000  
            __CFG_BORV$3 000000                      l692 00D8                      l694 00DC  
                    i2l3 015E               i2_delay_ms 00FC               i2_delay_us 0158  
           __CFG_LVP$OFF 000000             __CFG_WDT$OFF 000000                     i2l37 009A  
                   i2l38 009C             __CFG_PWRT$ON 000000             __CFG_WRTC$ON 000000  
                   _main 0120                     fsr0h 000FEA                     fsr1h 000FE2  
                   fsr0l 000FE9                     fsr2h 000FDA                     fsr1l 000FE1  
                   fsr2l 000FD9                     btemp 001E                     pclat 000FFA  
                   prodh 000FF4                     prodl 000FF3                     start 0016  
          __CFG_IESO$OFF 000000            __CFG_MCLRE$ON 000000             ___param_bank 000010  
          __CFG_PLLDIV$4 000000           __CFG_CCP2MX$ON 000000                    ?_main 0001  
         __CFG_DEBUG$OFF 000000                    i2l700 00FC                    i2l702 0100  
                  i2l716 0068       __size_of_PORTB_ISR 00D0            __CFG_WRTD$OFF 000000  
                  tablat 000FF5                    status 000FD8              i2delay_ms@i 0006  
            i2delay_us@x 0001          __initialization 0164             __end_of_main 0138  
                 ??_main 001E            __activetblptr 000000              ?i2_delay_ms 0004  
            ?i2_delay_us 0001           __CFG_WDTPS$128 000000           __CFG_VREGEN$ON 000000  
       __end_of_delay_ms 00FC         __end_of_delay_us 0158        __end_of_PORTB_ISR 00D8  
       __end_of_initMain 014C                   tblptrh 000FF7                   tblptrl 000FF6  
                 tblptru 000FF8             i2delay_ms@ms 0004             i2delay_us@us 0003  
             __accesstop 0060  __end_of__initialization 0164          __CFG_PBADEN$OFF 000000  
          ___rparam_used 000001           __pcstackCOMRAM 0001      __size_ofi2_delay_ms 0024  
    __size_ofi2_delay_us 000C                ?_delay_ms 001B                ?_delay_us 0018  
                i2u11_40 0070                  i2u11_46 0072                  i2u12_40 009A  
              ?_initMain 0001                  __Hparam 0000                  __Lparam 0000  
        __CFG_STVREN$OFF 000000                  __pcinit 0164                  __ramtop 0800  
                __ptext0 0120                  __ptext1 0138                  __ptext2 00D8  
                __ptext3 014C                  __ptext5 00FC                  __ptext6 0158  
           ??i2_delay_ms 0006             ??i2_delay_us 0003               ??_delay_ms 001D  
             ??_delay_us 001A           __pintcode_body 001A               delay_ms@ms 001B  
   end_of_initialization 0164               delay_us@us 001A               ??_initMain 0018  
                int_func 001A       __end_ofi2_delay_ms 0120       __end_ofi2_delay_us 0164  
              _PORTB_ISR 0008                _TRISBbits 000F93                _TRISDbits 000F95  
             ?_PORTB_ISR 0001      start_initialization 0164         __CFG_LPT1OSC$OFF 000000  
      __size_of_delay_ms 0024        __size_of_delay_us 000C        __size_of_initMain 0014  
              __pintcode 0008              ??_PORTB_ISR 0007               PORTB_ISR@i 0016  
               _LATDbits 000F8C                delay_ms@i 001D                delay_us@x 0018  
               _RCONbits 000FD0              _INTCON2bits 000FF1              _INTCON3bits 000FF0  
               __Hrparam 0000                 __Lrparam 0000                 _delay_ms 00D8  
               _delay_us 014C                 _initMain 0138            __size_of_main 0018  
               int$flags 001E    __CFG_CPUDIV$OSC1_PLL2 000000               _INTCONbits 000FF2  
               intlevel2 0000       __CFG_FOSC$HSPLL_HS 000000  
