

Microchip Technology PIC18 LITE Macro Assembler V1.38 build -256452561 
                                                                                               Fri Sep 07 19:28:31 2018

Microchip Technology Omniscient Code Generator v1.38 (Free mode) build 201607010351
     1                           	processor	18F4553
     2                           	fnconf	rparam,??,?,0
     3                           	opt	pw 120
     4                           	opt	lm
     5                           	psect	cinit,global,reloc=2,class=CODE,delta=1
     6                           	psect	cstackCOMRAM,global,class=COMRAM,space=1,delta=1
     7                           	psect	text0,global,reloc=2,class=CODE,delta=1
     8                           	psect	text1,global,reloc=2,class=CODE,delta=1
     9                           	psect	intcode,global,reloc=2,class=CODE,delta=1
    10                           	psect	intcode_body,global,reloc=2,class=CODE,delta=1
    11                           	psect	text3,global,reloc=2,class=CODE,delta=1
    12                           	psect	text4,global,reloc=2,class=CODE,delta=1
    13                           	psect	intsave_regs,global,class=BIGRAM,space=1,delta=1
    14                           	psect	rparam,global,class=COMRAM,space=1,delta=1
    15                           	psect	temp,global,ovrld,common,class=COMRAM,space=1,delta=1
    16  0000                     _INTCON2bits	set	4081
    17  0000                     _INTCON3bits	set	4080
    18  0000                     _INTCONbits	set	4082
    19  0000                     _LATDbits	set	3980
    20  0000                     _RCONbits	set	4048
    21  0000                     _TRISBbits	set	3987
    22  0000                     _TRISDbits	set	3989
    23                           
    24                           ; #config settings
    25  0000                     
    26                           	psect	cinit
    27  00011C                     __pcinit:
    28                           	opt stack 0
    29  00011C                     start_initialization:
    30                           	opt stack 0
    31  00011C                     __initialization:
    32                           	opt stack 0
    33  00011C                     end_of_initialization:
    34                           	opt stack 0
    35  00011C                     __end_of__initialization:
    36                           	opt stack 0
    37  00011C  9018               	bcf	int$flags,0,c	;clear compiler interrupt flag (level 1)
    38  00011E  9218               	bcf	int$flags,1,c	;clear compiler interrupt flag (level 2)
    39  000120  0100               	movlb	0
    40  000122  EF93  F000         	goto	_main	;jump to C main() function
    41                           
    42                           	psect	cstackCOMRAM
    43  000001                     __pcstackCOMRAM:
    44                           	opt stack 0
    45  000001                     delay_us@x:
    46                           	opt stack 0
    47                           
    48                           ; 2 bytes @ 0x0
    49  000001                     	ds	2
    50  000003                     delay_us@us:
    51                           	opt stack 0
    52                           
    53                           ; 1 bytes @ 0x2
    54  000003                     	ds	1
    55  000004                     delay_ms@ms:
    56                           	opt stack 0
    57                           
    58                           ; 2 bytes @ 0x3
    59  000004                     	ds	2
    60  000006                     delay_ms@i:
    61                           	opt stack 0
    62                           
    63                           ; 1 bytes @ 0x5
    64  000006                     	ds	1
    65  000007                     ??_PORTB_ISR:
    66                           
    67                           ; 1 bytes @ 0x6
    68  000007                     	ds	15
    69  000016                     PORTB_ISR@i:
    70                           	opt stack 0
    71                           
    72                           ; 2 bytes @ 0x15
    73  000016                     	ds	2
    74  000018                     
    75                           ; 1 bytes @ 0x17
    76 ;;
    77 ;;Main: autosize = 0, tempsize = 0, incstack = 0, save=0
    78 ;;
    79 ;; *************** function _main *****************
    80 ;; Defined at:
    81 ;;		line 88 in file "Main.c"
    82 ;; Parameters:    Size  Location     Type
    83 ;;		None
    84 ;; Auto vars:     Size  Location     Type
    85 ;;		None
    86 ;; Return value:  Size  Location     Type
    87 ;;                  1    wreg      void 
    88 ;; Registers used:
    89 ;;		cstack
    90 ;; Tracked objects:
    91 ;;		On entry : 0/0
    92 ;;		On exit  : 0/0
    93 ;;		Unchanged: 0/0
    94 ;; Data sizes:     COMRAM   BANK0   BANK1   BANK2   BANK3   BANK4   BANK5   BANK6   BANK7
    95 ;;      Params:         0       0       0       0       0       0       0       0       0
    96 ;;      Locals:         0       0       0       0       0       0       0       0       0
    97 ;;      Temps:          0       0       0       0       0       0       0       0       0
    98 ;;      Totals:         0       0       0       0       0       0       0       0       0
    99 ;;Total ram usage:        0 bytes
   100 ;; Hardware stack levels required when called:    4
   101 ;; This function calls:
   102 ;;		_initMain
   103 ;; This function is called by:
   104 ;;		Startup code after reset
   105 ;; This function uses a non-reentrant model
   106 ;;
   107                           
   108                           	psect	text0
   109  000126                     __ptext0:
   110                           	opt stack 0
   111  000126                     _main:
   112                           	opt stack 27
   113                           
   114                           ;Main.c: 90: initMain();
   115                           
   116                           ;incstack = 0
   117  000126  EC7E  F000         	call	_initMain	;wreg free
   118                           
   119                           ;Main.c: 92: LATDbits.LATD0 = 0;
   120  00012A  908C               	bcf	3980,0,c	;volatile
   121  00012C                     l41:
   122                           
   123                           ;Main.c: 95: {
   124  00012C  D7FF               	goto	l41
   125  00012E                     __end_of_main:
   126                           	opt stack 0
   127                           
   128 ;; *************** function _initMain *****************
   129 ;; Defined at:
   130 ;;		line 31 in file "Main.c"
   131 ;; Parameters:    Size  Location     Type
   132 ;;		None
   133 ;; Auto vars:     Size  Location     Type
   134 ;;		None
   135 ;; Return value:  Size  Location     Type
   136 ;;                  1    wreg      void 
   137 ;; Registers used:
   138 ;;		None
   139 ;; Tracked objects:
   140 ;;		On entry : 0/0
   141 ;;		On exit  : 0/0
   142 ;;		Unchanged: 0/0
   143 ;; Data sizes:     COMRAM   BANK0   BANK1   BANK2   BANK3   BANK4   BANK5   BANK6   BANK7
   144 ;;      Params:         0       0       0       0       0       0       0       0       0
   145 ;;      Locals:         0       0       0       0       0       0       0       0       0
   146 ;;      Temps:          0       0       0       0       0       0       0       0       0
   147 ;;      Totals:         0       0       0       0       0       0       0       0       0
   148 ;;Total ram usage:        0 bytes
   149 ;; Hardware stack levels used:    1
   150 ;; Hardware stack levels required when called:    3
   151 ;; This function calls:
   152 ;;		Nothing
   153 ;; This function is called by:
   154 ;;		_main
   155 ;; This function uses a non-reentrant model
   156 ;;
   157                           
   158                           	psect	text1
   159  0000FC                     __ptext1:
   160                           	opt stack 0
   161  0000FC                     _initMain:
   162                           	opt stack 27
   163                           
   164                           ;Main.c: 38: TRISDbits.TRISD0 = 0;
   165                           
   166                           ;incstack = 0
   167  0000FC  9095               	bcf	3989,0,c	;volatile
   168                           
   169                           ;Main.c: 41: TRISBbits.TRISB2 = 1;
   170  0000FE  8493               	bsf	3987,2,c	;volatile
   171                           
   172                           ;Main.c: 46: INTCONbits.GIEH=1;
   173  000100  8EF2               	bsf	intcon,7,c	;volatile
   174                           
   175                           ;Main.c: 47: INTCONbits.GIEL=1;
   176  000102  8CF2               	bsf	intcon,6,c	;volatile
   177                           
   178                           ;Main.c: 48: RCONbits.IPEN=1;
   179  000104  8ED0               	bsf	4048,7,c	;volatile
   180                           
   181                           ;Main.c: 49: INTCON2bits.INTEDG2 = 0;
   182  000106  98F1               	bcf	intcon2,4,c	;volatile
   183                           
   184                           ;Main.c: 51: INTCON3bits.INT2IE=1;
   185  000108  88F0               	bsf	intcon3,4,c	;volatile
   186                           
   187                           ;Main.c: 52: INTCON3bits.INT2IF=0;
   188  00010A  92F0               	bcf	intcon3,1,c	;volatile
   189                           
   190                           ;Main.c: 53: INTCON3bits.INT2IP=0;
   191  00010C  9EF0               	bcf	intcon3,7,c	;volatile
   192  00010E  0012               	return		;funcret
   193  000110                     __end_of_initMain:
   194                           	opt stack 0
   195                           intcon	equ	0xFF2
   196                           intcon2	equ	0xFF1
   197                           intcon3	equ	0xFF0
   198                           
   199 ;; *************** function _PORTB_ISR *****************
   200 ;; Defined at:
   201 ;;		line 65 in file "Main.c"
   202 ;; Parameters:    Size  Location     Type
   203 ;;		None
   204 ;; Auto vars:     Size  Location     Type
   205 ;;  i               2   21[COMRAM] int 
   206 ;; Return value:  Size  Location     Type
   207 ;;                  1    wreg      void 
   208 ;; Registers used:
   209 ;;		wreg, status,2, status,0, cstack
   210 ;; Tracked objects:
   211 ;;		On entry : 0/0
   212 ;;		On exit  : 0/0
   213 ;;		Unchanged: 0/0
   214 ;; Data sizes:     COMRAM   BANK0   BANK1   BANK2   BANK3   BANK4   BANK5   BANK6   BANK7
   215 ;;      Params:         0       0       0       0       0       0       0       0       0
   216 ;;      Locals:         2       0       0       0       0       0       0       0       0
   217 ;;      Temps:         15       0       0       0       0       0       0       0       0
   218 ;;      Totals:        17       0       0       0       0       0       0       0       0
   219 ;;Total ram usage:       17 bytes
   220 ;; Hardware stack levels used:    1
   221 ;; Hardware stack levels required when called:    2
   222 ;; This function calls:
   223 ;;		_delay_ms
   224 ;; This function is called by:
   225 ;;		Interrupt level 2
   226 ;; This function uses a non-reentrant model
   227 ;;
   228                           
   229                           	psect	intcode
   230  000008                     __pintcode:
   231                           	opt stack 0
   232  000008                     _PORTB_ISR:
   233                           	opt stack 27
   234                           
   235                           ;incstack = 0
   236  000008  8218               	bsf	btemp,1,c	;set compiler interrupt flag (level 2)
   237  00000A  CFFA F008          	movff	pclath,??_PORTB_ISR+1
   238  00000E  CFFB F009          	movff	pclatu,??_PORTB_ISR+2
   239  000012  ED0D  F000         	call	int_func,f	;refresh shadow registers
   240                           pclatu	equ	0xFFB
   241                           pclath	equ	0xFFA
   242                           intcon	equ	0xFF2
   243                           intcon2	equ	0xFF1
   244                           intcon3	equ	0xFF0
   245                           
   246                           	psect	intcode_body
   247  00001A                     __pintcode_body:
   248                           	opt stack 27
   249  00001A                     int_func:
   250                           	opt stack 27
   251  00001A  0006               	pop		; remove dummy address from shadow register refresh
   252  00001C  CFE9 F00A          	movff	fsr0l,??_PORTB_ISR+3
   253  000020  CFEA F00B          	movff	fsr0h,??_PORTB_ISR+4
   254  000024  CFE1 F00C          	movff	fsr1l,??_PORTB_ISR+5
   255  000028  CFE2 F00D          	movff	fsr1h,??_PORTB_ISR+6
   256  00002C  CFD9 F00E          	movff	fsr2l,??_PORTB_ISR+7
   257  000030  CFDA F00F          	movff	fsr2h,??_PORTB_ISR+8
   258  000034  CFF3 F010          	movff	prodl,??_PORTB_ISR+9
   259  000038  CFF4 F011          	movff	prodh,??_PORTB_ISR+10
   260  00003C  CFF6 F012          	movff	tblptrl,??_PORTB_ISR+11
   261  000040  CFF7 F013          	movff	tblptrh,??_PORTB_ISR+12
   262  000044  CFF8 F014          	movff	tblptru,??_PORTB_ISR+13
   263  000048  CFF5 F015          	movff	tablat,??_PORTB_ISR+14
   264                           
   265                           ;Main.c: 68: if (INTCON3bits.INT2IF == 1)
   266  00004C  A2F0               	btfss	intcon3,1,c	;volatile
   267  00004E  D026               	goto	i2l38
   268                           
   269                           ;Main.c: 69: {
   270                           ;Main.c: 70: for (int i = 0; i <= 10; i++)
   271  000050  0E00               	movlw	0
   272  000052  6E17               	movwf	PORTB_ISR@i+1,c
   273  000054  0E00               	movlw	0
   274  000056  6E16               	movwf	PORTB_ISR@i,c
   275  000058  BE17               	btfsc	PORTB_ISR@i+1,7,c
   276  00005A  D006               	goto	i2l692
   277  00005C  5017               	movf	PORTB_ISR@i+1,w,c
   278  00005E  E11D               	bnz	i2l37
   279  000060  0E0B               	movlw	11
   280  000062  5C16               	subwf	PORTB_ISR@i,w,c
   281  000064  B0D8               	btfsc	status,0,c
   282  000066  D019               	goto	i2l37
   283  000068                     i2l692:
   284                           
   285                           ;Main.c: 71: {
   286                           ;Main.c: 72: LATDbits.LATD0 = ~LATDbits.LATD0;
   287  000068  A08C               	btfss	3980,0,c	;volatile
   288  00006A  D002               	goto	i2u9_40
   289  00006C  0E01               	movlw	1
   290  00006E  D001               	goto	i2u9_46
   291  000070                     i2u9_40:
   292  000070  0E00               	movlw	0
   293  000072                     i2u9_46:
   294  000072  0AFF               	xorlw	255
   295  000074  6E07               	movwf	??_PORTB_ISR& (0+255),c
   296  000076  508C               	movf	3980,w,c	;volatile
   297  000078  1807               	xorwf	??_PORTB_ISR,w,c
   298  00007A  0BFE               	andlw	-2
   299  00007C  1807               	xorwf	??_PORTB_ISR,w,c
   300  00007E  6E8C               	movwf	3980,c	;volatile
   301                           
   302                           ;Main.c: 73: delay_ms(250);
   303  000080  0E00               	movlw	0
   304  000082  6E05               	movwf	delay_ms@ms+1,c
   305  000084  0EFA               	movlw	250
   306  000086  6E04               	movwf	delay_ms@ms,c
   307  000088  EC6C  F000         	call	_delay_ms	;wreg free
   308  00008C  4A16               	infsnz	PORTB_ISR@i,f,c
   309  00008E  2A17               	incf	PORTB_ISR@i+1,f,c
   310  000090  BE17               	btfsc	PORTB_ISR@i+1,7,c
   311  000092  D7EA               	goto	i2l692
   312  000094  5017               	movf	PORTB_ISR@i+1,w,c
   313  000096  E101               	bnz	i2u10_40
   314  000098  D7E3               	goto	L1
   315  00009A                     i2u10_40:
   316  00009A                     i2l37:
   317                           
   318                           ;Main.c: 74: }
   319                           ;Main.c: 76: INTCON3bits.INT2IF = 0;
   320  00009A  92F0               	bcf	intcon3,1,c	;volatile
   321  00009C                     i2l38:
   322  00009C  C015  FFF5         	movff	??_PORTB_ISR+14,tablat
   323  0000A0  C014  FFF8         	movff	??_PORTB_ISR+13,tblptru
   324  0000A4  C013  FFF7         	movff	??_PORTB_ISR+12,tblptrh
   325  0000A8  C012  FFF6         	movff	??_PORTB_ISR+11,tblptrl
   326  0000AC  C011  FFF4         	movff	??_PORTB_ISR+10,prodh
   327  0000B0  C010  FFF3         	movff	??_PORTB_ISR+9,prodl
   328  0000B4  C00F  FFDA         	movff	??_PORTB_ISR+8,fsr2h
   329  0000B8  C00E  FFD9         	movff	??_PORTB_ISR+7,fsr2l
   330  0000BC  C00D  FFE2         	movff	??_PORTB_ISR+6,fsr1h
   331  0000C0  C00C  FFE1         	movff	??_PORTB_ISR+5,fsr1l
   332  0000C4  C00B  FFEA         	movff	??_PORTB_ISR+4,fsr0h
   333  0000C8  C00A  FFE9         	movff	??_PORTB_ISR+3,fsr0l
   334  0000CC  C009  FFFB         	movff	??_PORTB_ISR+2,pclatu
   335  0000D0  C008  FFFA         	movff	??_PORTB_ISR+1,pclath
   336  0000D4  9218               	bcf	btemp,1,c	;clear compiler interrupt flag (level 2)
   337  0000D6  0011               	retfie		f
   338  0000D8                     __end_of_PORTB_ISR:
   339                           	opt stack 0
   340                           pclatu	equ	0xFFB
   341                           pclath	equ	0xFFA
   342                           tblptru	equ	0xFF8
   343                           tblptrh	equ	0xFF7
   344                           tblptrl	equ	0xFF6
   345                           tablat	equ	0xFF5
   346                           prodh	equ	0xFF4
   347                           prodl	equ	0xFF3
   348                           intcon	equ	0xFF2
   349                           intcon2	equ	0xFF1
   350                           intcon3	equ	0xFF0
   351                           fsr0h	equ	0xFEA
   352                           fsr0l	equ	0xFE9
   353                           fsr1h	equ	0xFE2
   354                           fsr1l	equ	0xFE1
   355                           fsr2h	equ	0xFDA
   356                           fsr2l	equ	0xFD9
   357                           status	equ	0xFD8
   358                           
   359 ;; *************** function _delay_ms *****************
   360 ;; Defined at:
   361 ;;		line 43 in file "18F4553_STD.c"
   362 ;; Parameters:    Size  Location     Type
   363 ;;  ms              2    3[COMRAM] unsigned int 
   364 ;; Auto vars:     Size  Location     Type
   365 ;;  i               1    5[COMRAM] unsigned char 
   366 ;; Return value:  Size  Location     Type
   367 ;;                  1    wreg      void 
   368 ;; Registers used:
   369 ;;		wreg, status,2, status,0, cstack
   370 ;; Tracked objects:
   371 ;;		On entry : 0/0
   372 ;;		On exit  : 0/0
   373 ;;		Unchanged: 0/0
   374 ;; Data sizes:     COMRAM   BANK0   BANK1   BANK2   BANK3   BANK4   BANK5   BANK6   BANK7
   375 ;;      Params:         2       0       0       0       0       0       0       0       0
   376 ;;      Locals:         1       0       0       0       0       0       0       0       0
   377 ;;      Temps:          0       0       0       0       0       0       0       0       0
   378 ;;      Totals:         3       0       0       0       0       0       0       0       0
   379 ;;Total ram usage:        3 bytes
   380 ;; Hardware stack levels used:    1
   381 ;; Hardware stack levels required when called:    1
   382 ;; This function calls:
   383 ;;		_delay_us
   384 ;; This function is called by:
   385 ;;		_PORTB_ISR
   386 ;; This function uses a non-reentrant model
   387 ;;
   388                           
   389                           	psect	text3
   390  0000D8                     __ptext3:
   391                           	opt stack 0
   392  0000D8                     _delay_ms:
   393                           	opt stack 27
   394  0000D8                     
   395                           ;18F4553_STD.c: 47: i = 4;
   396  0000D8  0E04               	movlw	4
   397  0000DA  6E06               	movwf	delay_ms@i,c
   398  0000DC                     i2l678:
   399                           
   400                           ;18F4553_STD.c: 49: delay_us(250);
   401  0000DC  0E00               	movlw	0
   402  0000DE  6E02               	movwf	delay_us@x+1,c
   403  0000E0  0EFA               	movlw	250
   404  0000E2  6E01               	movwf	delay_us@x,c
   405  0000E4  EC88  F000         	call	_delay_us	;wreg free
   406                           
   407                           ;18F4553_STD.c: 50: } while(--i);
   408  0000E8  2E06               	decfsz	delay_ms@i,f,c
   409  0000EA  D7F8               	goto	i2l678
   410                           
   411                           ;18F4553_STD.c: 51: }while(--ms);
   412  0000EC  0604               	decf	delay_ms@ms,f,c
   413  0000EE  A0D8               	btfss	status,0,c
   414  0000F0  0605               	decf	delay_ms@ms+1,f,c
   415  0000F2  5004               	movf	delay_ms@ms,w,c
   416  0000F4  1005               	iorwf	delay_ms@ms+1,w,c
   417  0000F6  B4D8               	btfsc	status,2,c
   418  0000F8  0012               	return	
   419  0000FA  D7EE               	goto	i2l676
   420  0000FC                     __end_of_delay_ms:
   421                           	opt stack 0
   422                           pclatu	equ	0xFFB
   423                           pclath	equ	0xFFA
   424                           tblptru	equ	0xFF8
   425                           tblptrh	equ	0xFF7
   426                           tblptrl	equ	0xFF6
   427                           tablat	equ	0xFF5
   428                           prodh	equ	0xFF4
   429                           prodl	equ	0xFF3
   430                           intcon	equ	0xFF2
   431                           intcon2	equ	0xFF1
   432                           intcon3	equ	0xFF0
   433                           fsr0h	equ	0xFEA
   434                           fsr0l	equ	0xFE9
   435                           fsr1h	equ	0xFE2
   436                           fsr1l	equ	0xFE1
   437                           fsr2h	equ	0xFDA
   438                           fsr2l	equ	0xFD9
   439                           status	equ	0xFD8
   440                           
   441 ;; *************** function _delay_us *****************
   442 ;; Defined at:
   443 ;;		line 29 in file "18F4553_STD.c"
   444 ;; Parameters:    Size  Location     Type
   445 ;;  x               2    0[COMRAM] unsigned int 
   446 ;; Auto vars:     Size  Location     Type
   447 ;;  us              1    2[COMRAM] unsigned char 
   448 ;; Return value:  Size  Location     Type
   449 ;;                  1    wreg      void 
   450 ;; Registers used:
   451 ;;		wreg, status,2, status,0
   452 ;; Tracked objects:
   453 ;;		On entry : 0/0
   454 ;;		On exit  : 0/0
   455 ;;		Unchanged: 0/0
   456 ;; Data sizes:     COMRAM   BANK0   BANK1   BANK2   BANK3   BANK4   BANK5   BANK6   BANK7
   457 ;;      Params:         2       0       0       0       0       0       0       0       0
   458 ;;      Locals:         1       0       0       0       0       0       0       0       0
   459 ;;      Temps:          0       0       0       0       0       0       0       0       0
   460 ;;      Totals:         3       0       0       0       0       0       0       0       0
   461 ;;Total ram usage:        3 bytes
   462 ;; Hardware stack levels used:    1
   463 ;; This function calls:
   464 ;;		Nothing
   465 ;; This function is called by:
   466 ;;		_delay_ms
   467 ;; This function uses a non-reentrant model
   468 ;;
   469                           
   470                           	psect	text4
   471  000110                     __ptext4:
   472                           	opt stack 0
   473  000110                     _delay_us:
   474                           	opt stack 27
   475                           
   476                           ;18F4553_STD.c: 31: unsigned char us;
   477                           ;18F4553_STD.c: 32: us = x /(48000000/48000000)|1;
   478                           
   479                           ;incstack = 0
   480  000110  5001               	movf	delay_us@x,w,c
   481  000112  0901               	iorlw	1
   482  000114  6E03               	movwf	delay_us@us,c
   483  000116                     i2l3:
   484  000116  2E03               	decfsz	delay_us@us,f,c
   485  000118  D7FE               	goto	i2l3
   486  00011A  0012               	return	
   487  00011C                     __end_of_delay_us:
   488                           	opt stack 0
   489  0000                     pclatu	equ	0xFFB
   490                           pclath	equ	0xFFA
   491                           tblptru	equ	0xFF8
   492                           tblptrh	equ	0xFF7
   493                           tblptrl	equ	0xFF6
   494                           tablat	equ	0xFF5
   495                           prodh	equ	0xFF4
   496                           prodl	equ	0xFF3
   497                           intcon	equ	0xFF2
   498                           intcon2	equ	0xFF1
   499                           intcon3	equ	0xFF0
   500                           fsr0h	equ	0xFEA
   501                           fsr0l	equ	0xFE9
   502                           fsr1h	equ	0xFE2
   503                           fsr1l	equ	0xFE1
   504                           fsr2h	equ	0xFDA
   505                           fsr2l	equ	0xFD9
   506                           status	equ	0xFD8
   507                           pclatu	equ	0xFFB
   508                           pclath	equ	0xFFA
   509                           tblptru	equ	0xFF8
   510                           tblptrh	equ	0xFF7
   511                           tblptrl	equ	0xFF6
   512                           tablat	equ	0xFF5
   513                           prodh	equ	0xFF4
   514                           prodl	equ	0xFF3
   515                           intcon	equ	0xFF2
   516                           intcon2	equ	0xFF1
   517                           intcon3	equ	0xFF0
   518                           fsr0h	equ	0xFEA
   519                           fsr0l	equ	0xFE9
   520                           fsr1h	equ	0xFE2
   521                           fsr1l	equ	0xFE1
   522                           fsr2h	equ	0xFDA
   523                           fsr2l	equ	0xFD9
   524                           status	equ	0xFD8
   525                           
   526                           	psect	rparam
   527  0000                     pclatu	equ	0xFFB
   528                           pclath	equ	0xFFA
   529                           tblptru	equ	0xFF8
   530                           tblptrh	equ	0xFF7
   531                           tblptrl	equ	0xFF6
   532                           tablat	equ	0xFF5
   533                           prodh	equ	0xFF4
   534                           prodl	equ	0xFF3
   535                           intcon	equ	0xFF2
   536                           intcon2	equ	0xFF1
   537                           intcon3	equ	0xFF0
   538                           fsr0h	equ	0xFEA
   539                           fsr0l	equ	0xFE9
   540                           fsr1h	equ	0xFE2
   541                           fsr1l	equ	0xFE1
   542                           fsr2h	equ	0xFDA
   543                           fsr2l	equ	0xFD9
   544                           status	equ	0xFD8
   545                           
   546                           	psect	temp
   547  000018                     btemp:
   548                           	opt stack 0
   549  000018                     	ds	1
   550  0000                     int$flags	set	btemp
   551                           pclatu	equ	0xFFB
   552                           pclath	equ	0xFFA
   553                           tblptru	equ	0xFF8
   554                           tblptrh	equ	0xFF7
   555                           tblptrl	equ	0xFF6
   556                           tablat	equ	0xFF5
   557                           prodh	equ	0xFF4
   558                           prodl	equ	0xFF3
   559                           intcon	equ	0xFF2
   560                           intcon2	equ	0xFF1
   561                           intcon3	equ	0xFF0
   562                           fsr0h	equ	0xFEA
   563                           fsr0l	equ	0xFE9
   564                           fsr1h	equ	0xFE2
   565                           fsr1l	equ	0xFE1
   566                           fsr2h	equ	0xFDA
   567                           fsr2l	equ	0xFD9
   568                           status	equ	0xFD8


Data Sizes:
    Strings     0
    Constant    0
    Data        0
    BSS         0
    Persistent  0
    Stack       0

Auto Spaces:
    Space          Size  Autos    Used
    COMRAM           94     23      23
    BANK0           160      0       0
    BANK1           256      0       0
    BANK2           256      0       0
    BANK3           256      0       0
    BANK4           256      0       0
    BANK5           256      0       0
    BANK6           256      0       0
    BANK7           256      0       0

Pointer List with Targets:

    None.

Critical Paths under _main in COMRAM

    None.

Critical Paths under _PORTB_ISR in COMRAM

    _PORTB_ISR->_delay_ms
    _delay_ms->_delay_us

Critical Paths under _main in BANK0

    None.

Critical Paths under _PORTB_ISR in BANK0

    None.

Critical Paths under _main in BANK1

    None.

Critical Paths under _PORTB_ISR in BANK1

    None.

Critical Paths under _main in BANK2

    None.

Critical Paths under _PORTB_ISR in BANK2

    None.

Critical Paths under _main in BANK3

    None.

Critical Paths under _PORTB_ISR in BANK3

    None.

Critical Paths under _main in BANK4

    None.

Critical Paths under _PORTB_ISR in BANK4

    None.

Critical Paths under _main in BANK5

    None.

Critical Paths under _PORTB_ISR in BANK5

    None.

Critical Paths under _main in BANK6

    None.

Critical Paths under _PORTB_ISR in BANK6

    None.

Critical Paths under _main in BANK7

    None.

Critical Paths under _PORTB_ISR in BANK7

    None.

Call Graph Tables:

 ---------------------------------------------------------------------------------
 (Depth) Function   	        Calls       Base Space   Used Autos Params    Refs
 ---------------------------------------------------------------------------------
 (0) _main                                                 0     0      0       0
                           _initMain
 ---------------------------------------------------------------------------------
 (1) _initMain                                             0     0      0       0
 ---------------------------------------------------------------------------------
 Estimated maximum stack depth 1
 ---------------------------------------------------------------------------------
 (Depth) Function   	        Calls       Base Space   Used Autos Params    Refs
 ---------------------------------------------------------------------------------
 (2) _PORTB_ISR                                           17    17      0     222
                                              6 COMRAM    17    17      0
                           _delay_ms
 ---------------------------------------------------------------------------------
 (3) _delay_ms                                             3     1      2     176
                                              3 COMRAM     3     1      2
                           _delay_us
 ---------------------------------------------------------------------------------
 (4) _delay_us                                             3     1      2      88
                                              0 COMRAM     3     1      2
 ---------------------------------------------------------------------------------
 Estimated maximum stack depth 4
 ---------------------------------------------------------------------------------

 Call Graph Graphs:

 _main (ROOT)
   _initMain

 _PORTB_ISR (ROOT)
   _delay_ms
     _delay_us

 Address spaces:
Name               Size   Autos  Total    Cost      Usage
BITCOMRAM           5E      0       0       0        0.0%
EEDATA             100      0       0       0        0.0%
NULL                 0      0       0       0        0.0%
CODE                 0      0       0       0        0.0%
COMRAM              5E     17      17       1       24.5%
STACK                0      0       0       2        0.0%
DATA                 0      0       0       3        0.0%
BITBANK0            A0      0       0       4        0.0%
BANK0               A0      0       0       5        0.0%
BITBANK1           100      0       0       6        0.0%
BANK1              100      0       0       7        0.0%
BITBANK2           100      0       0       8        0.0%
BANK2              100      0       0       9        0.0%
BITBANK3           100      0       0      10        0.0%
BANK3              100      0       0      11        0.0%
BITBANK4           100      0       0      12        0.0%
BANK4              100      0       0      13        0.0%
BITBANK5           100      0       0      14        0.0%
BANK5              100      0       0      15        0.0%
BITBANK6           100      0       0      16        0.0%
BANK6              100      0       0      17        0.0%
BITBANK7           100      0       0      18        0.0%
BANK7              100      0       0      19        0.0%
ABS                  0      0       0      20        0.0%
BIGRAM             7FF      0       0      21        0.0%
BITSFR               0      0       0      40        0.0%
SFR                  0      0       0      40        0.0%


Microchip Technology PIC18 Macro Assembler V1.38 build -256452561 
Symbol Table                                                                                   Fri Sep 07 19:28:31 2018

                     l41 012C              __CFG_BOR$ON 000000              __CFG_BORV$3 000000  
                    i2l3 0116             __CFG_LVP$OFF 000000             __CFG_WDT$OFF 000000  
                   i2l37 009A                     i2l38 009C             __CFG_PWRT$ON 000000  
           __CFG_WRTC$ON 000000                     _main 0126                     fsr0h 000FEA  
                   fsr1h 000FE2                     fsr0l 000FE9                     fsr2h 000FDA  
                   fsr1l 000FE1                     fsr2l 000FD9                     btemp 0018  
                   pclat 000FFA                     prodh 000FF4                     prodl 000FF3  
                   start 0016            __CFG_IESO$OFF 000000            __CFG_MCLRE$ON 000000  
           ___param_bank 000010            __CFG_PLLDIV$4 000000           __CFG_CCP2MX$ON 000000  
                  ?_main 0001           __CFG_DEBUG$OFF 000000                    i2l676 00D8  
                  i2l692 0068                    i2l678 00DC       __size_of_PORTB_ISR 00D0  
          __CFG_WRTD$OFF 000000                    tablat 000FF5                    status 000FD8  
        __initialization 011C             __end_of_main 012E                   ??_main 0018  
          __activetblptr 000000           __CFG_WDTPS$128 000000                   i2u9_40 0070  
                 i2u9_46 0072           __CFG_VREGEN$ON 000000         __end_of_delay_ms 00FC  
       __end_of_delay_us 011C        __end_of_PORTB_ISR 00D8         __end_of_initMain 0110  
                 tblptrh 000FF7                   tblptrl 000FF6                   tblptru 000FF8  
             __accesstop 0060  __end_of__initialization 011C          __CFG_PBADEN$OFF 000000  
          ___rparam_used 000001           __pcstackCOMRAM 0001                ?_delay_ms 0004  
              ?_delay_us 0001                  i2u10_40 009A                ?_initMain 0001  
                __Hparam 0000                  __Lparam 0000          __CFG_STVREN$OFF 000000  
                __pcinit 011C                  __ramtop 0800                  __ptext0 0126  
                __ptext1 00FC                  __ptext3 00D8                  __ptext4 0110  
             ??_delay_ms 0006               ??_delay_us 0003           __pintcode_body 001A  
             delay_ms@ms 0004     end_of_initialization 011C               delay_us@us 0003  
             ??_initMain 0018                  int_func 001A                _PORTB_ISR 0008  
              _TRISBbits 000F93                _TRISDbits 000F95               ?_PORTB_ISR 0001  
    start_initialization 011C         __CFG_LPT1OSC$OFF 000000        __size_of_delay_ms 0024  
      __size_of_delay_us 000C        __size_of_initMain 0014                __pintcode 0008  
            ??_PORTB_ISR 0007               PORTB_ISR@i 0016                 _LATDbits 000F8C  
              delay_ms@i 0006                delay_us@x 0001                 _RCONbits 000FD0  
            _INTCON2bits 000FF1              _INTCON3bits 000FF0                 __Hrparam 0000  
               __Lrparam 0000                 _delay_ms 00D8                 _delay_us 0110  
               _initMain 00FC            __size_of_main 0008                 int$flags 0018  
  __CFG_CPUDIV$OSC1_PLL2 000000               _INTCONbits 000FF2                 intlevel2 0000  
     __CFG_FOSC$HSPLL_HS 000000  
